Removed Pin From Net: NetName=NetC144_1 Pin=U26-1
Removed Pin From Net: NetName=NetR180_2 Pin=U26-2
Removed Pin From Net: NetName=Masse Pin=U26-3
Removed Pin From Net: NetName=NetC145_1 Pin=U26-6
Removed Pin From Net: NetName=NetC145_1 Pin=U26-7
Removed Pin From Net: NetName=NetC148_1 Pin=U26-8
Removed Pin From Net: NetName=NetC148_1 Pin=U26-9
Removed Pin From Net: NetName=NetC144_2 Pin=U26-12
Removed Pin From Net: NetName=NetC163_1 Pin=U26-13
Removed Pin From Net: NetName=NetC163_1 Pin=U26-14
Added Pin To Net: NetName=NetC163_1 Pin=U26-1
Added Pin To Net: NetName=NetC163_1 Pin=U26-2
Added Pin To Net: NetName=NetC144_2 Pin=U26-3
Added Pin To Net: NetName=NetC148_1 Pin=U26-6
Added Pin To Net: NetName=NetC148_1 Pin=U26-7
Added Pin To Net: NetName=NetC145_1 Pin=U26-8
Added Pin To Net: NetName=NetC145_1 Pin=U26-9
Added Pin To Net: NetName=Masse Pin=U26-12
Added Pin To Net: NetName=NetR180_2 Pin=U26-13
Added Pin To Net: NetName=NetC144_1 Pin=U26-14
Added Room: Name=Ausgangsstufe
