Removed Pin From Net: NetName=NetC131_1 Pin=U22-8
Removed Pin From Net: NetName=NetC131_1 Pin=U22-9
Removed Pin From Net: NetName=A08 Pin=U22-10
Removed Pin From Net: NetName=A09 Pin=U22-12
Removed Pin From Net: NetName=NetR137_1 Pin=U22-13
Removed Pin From Net: NetName=NetC130_1 Pin=U22-14
Removed Pin From Net: NetName=NetC123_1 Pin=U23-1
Removed Pin From Net: NetName=NetC123_1 Pin=U23-2
Removed Pin From Net: NetName=A10 Pin=U23-3
Removed Pin From Net: NetName=A11 Pin=U23-5
Removed Pin From Net: NetName=NetR112_1 Pin=U23-6
Removed Pin From Net: NetName=NetC122_1 Pin=U23-7
Removed Pin From Net: NetName=NetC137_1 Pin=U24-1
Removed Pin From Net: NetName=NetC137_1 Pin=U24-2
Removed Pin From Net: NetName=Bass Pin=U24-3
Removed Pin From Net: NetName=Bass Pin=U24-5
Removed Pin From Net: NetName=NetC133_1 Pin=U24-6
Removed Pin From Net: NetName=NetC133_1 Pin=U24-7
Added Pin To Net: NetName=NetC133_1 Pin=U22-8
Added Pin To Net: NetName=NetC133_1 Pin=U22-9
Added Pin To Net: NetName=Bass Pin=U22-10
Added Pin To Net: NetName=Bass Pin=U22-12
Added Pin To Net: NetName=NetC137_1 Pin=U22-13
Added Pin To Net: NetName=NetC137_1 Pin=U22-14
Added Pin To Net: NetName=NetC122_1 Pin=U23-1
Added Pin To Net: NetName=NetR112_1 Pin=U23-2
Added Pin To Net: NetName=A11 Pin=U23-3
Added Pin To Net: NetName=A10 Pin=U23-5
Added Pin To Net: NetName=NetC123_1 Pin=U23-6
Added Pin To Net: NetName=NetC123_1 Pin=U23-7
Added Pin To Net: NetName=NetC130_1 Pin=U24-1
Added Pin To Net: NetName=NetR137_1 Pin=U24-2
Added Pin To Net: NetName=A09 Pin=U24-3
Added Pin To Net: NetName=A08 Pin=U24-5
Added Pin To Net: NetName=NetC131_1 Pin=U24-6
Added Pin To Net: NetName=NetC131_1 Pin=U24-7
Added Room: Name=Ausgangsstufe
