Removed Pin From Net: NetName=NetC129_1 Pin=U23-8
Removed Pin From Net: NetName=NetC129_1 Pin=U23-9
Removed Pin From Net: NetName=A12 Pin=U23-10
Removed Pin From Net: NetName=A13 Pin=U23-12
Removed Pin From Net: NetName=NetR134_1 Pin=U23-13
Removed Pin From Net: NetName=NetC128_1 Pin=U23-14
Removed Pin From Net: NetName=NetC138_1 Pin=U24-8
Removed Pin From Net: NetName=NetC138_1 Pin=U24-9
Removed Pin From Net: NetName=Kick Pin=U24-10
Removed Pin From Net: NetName=Kick Pin=U24-12
Removed Pin From Net: NetName=NetC134_1 Pin=U24-13
Removed Pin From Net: NetName=NetC134_1 Pin=U24-14
Removed Pin From Net: NetName=NetC139_1 Pin=U25-1
Removed Pin From Net: NetName=NetC139_1 Pin=U25-2
Removed Pin From Net: NetName=Mitten Pin=U25-3
Removed Pin From Net: NetName=Mitten Pin=U25-5
Removed Pin From Net: NetName=NetC135_1 Pin=U25-6
Removed Pin From Net: NetName=NetC135_1 Pin=U25-7
Removed Pin From Net: NetName=NetC141_1 Pin=U25-8
Removed Pin From Net: NetName=NetC141_1 Pin=U25-9
Removed Pin From Net: NetName=NetC136_1 Pin=U25-13
Removed Pin From Net: NetName=NetC136_1 Pin=U25-14
Added Pin To Net: NetName=NetC134_1 Pin=U23-8
Added Pin To Net: NetName=NetC134_1 Pin=U23-9
Added Pin To Net: NetName=Kick Pin=U23-10
Added Pin To Net: NetName=Kick Pin=U23-12
Added Pin To Net: NetName=NetC138_1 Pin=U23-13
Added Pin To Net: NetName=NetC138_1 Pin=U23-14
Added Pin To Net: NetName=NetC135_1 Pin=U24-8
Added Pin To Net: NetName=NetC135_1 Pin=U24-9
Added Pin To Net: NetName=Mitten Pin=U24-10
Added Pin To Net: NetName=Mitten Pin=U24-12
Added Pin To Net: NetName=NetC139_1 Pin=U24-13
Added Pin To Net: NetName=NetC139_1 Pin=U24-14
Added Pin To Net: NetName=NetC128_1 Pin=U25-1
Added Pin To Net: NetName=NetR134_1 Pin=U25-2
Added Pin To Net: NetName=A13 Pin=U25-3
Added Pin To Net: NetName=A12 Pin=U25-5
Added Pin To Net: NetName=NetC129_1 Pin=U25-6
Added Pin To Net: NetName=NetC129_1 Pin=U25-7
Added Pin To Net: NetName=NetC136_1 Pin=U25-8
Added Pin To Net: NetName=NetC136_1 Pin=U25-9
Added Pin To Net: NetName=NetC141_1 Pin=U25-13
Added Pin To Net: NetName=NetC141_1 Pin=U25-14
Added Room: Name=Ausgangsstufe
