Change Component Designator: Old Designator=C117 New Designator=C1
Change Component Designator: Old Designator=C118 New Designator=C3
Change Component Designator: Old Designator=C120 New Designator=C2
Change Component Designator: Old Designator=C121 New Designator=C4
Change Component Designator: Old Designator=C122 New Designator=C5
Change Component Designator: Old Designator=C123 New Designator=C6
Change Component Designator: Old Designator=C124 New Designator=C7
Change Component Designator: Old Designator=C125 New Designator=C11
Change Component Designator: Old Designator=C126 New Designator=C8
Change Component Designator: Old Designator=C127 New Designator=C9
Change Component Designator: Old Designator=C128 New Designator=C10
Change Component Designator: Old Designator=C129 New Designator=C12
Change Component Designator: Old Designator=C130 New Designator=C13
Change Component Designator: Old Designator=C131 New Designator=C14
Change Component Designator: Old Designator=C132 New Designator=C15
Change Component Designator: Old Designator=C133 New Designator=C16
Change Component Designator: Old Designator=C134 New Designator=C17
Change Component Designator: Old Designator=C135 New Designator=C18
Change Component Designator: Old Designator=C136 New Designator=C19
Change Component Designator: Old Designator=C137 New Designator=C20
Change Component Designator: Old Designator=C138 New Designator=C21
Change Component Designator: Old Designator=C139 New Designator=C22
Change Component Designator: Old Designator=C140 New Designator=C23
Change Component Designator: Old Designator=C141 New Designator=C24
Change Component Designator: Old Designator=C142 New Designator=C25
Change Component Designator: Old Designator=C143 New Designator=C26
Change Component Designator: Old Designator=C144 New Designator=C27
Change Component Designator: Old Designator=C145 New Designator=C28
Change Component Designator: Old Designator=C146 New Designator=C29
Change Component Designator: Old Designator=C147 New Designator=C30
Change Component Designator: Old Designator=C148 New Designator=C31
Change Component Designator: Old Designator=C149 New Designator=C32
Change Component Designator: Old Designator=C150 New Designator=C33
Change Component Designator: Old Designator=C151 New Designator=C36
Change Component Designator: Old Designator=C152 New Designator=C34
Change Component Designator: Old Designator=C153 New Designator=C38
Change Component Designator: Old Designator=C154 New Designator=C39
Change Component Designator: Old Designator=C155 New Designator=C40
Change Component Designator: Old Designator=C156 New Designator=C41
Change Component Designator: Old Designator=C157 New Designator=C42
Change Component Designator: Old Designator=C158 New Designator=C43
Change Component Designator: Old Designator=C159 New Designator=C44
Change Component Designator: Old Designator=C160 New Designator=C45
Change Component Designator: Old Designator=C161 New Designator=C46
Change Component Designator: Old Designator=C162 New Designator=C47
Change Component Designator: Old Designator=C163 New Designator=C35
Change Component Designator: Old Designator=C164 New Designator=C37
Change Component Designator: Old Designator=C165 New Designator=C49
Change Component Designator: Old Designator=C166 New Designator=C50
Change Component Designator: Old Designator=C167 New Designator=C51
Change Component Designator: Old Designator=C168 New Designator=C52
Change Component Designator: Old Designator=C169 New Designator=C53
Change Component Designator: Old Designator=C170 New Designator=C54
Change Component Designator: Old Designator=C171 New Designator=C55
Change Component Designator: Old Designator=C172 New Designator=C56
Change Component Designator: Old Designator=C173 New Designator=C48
Change Component Designator: Old Designator=C174 New Designator=C57
Change Component Designator: Old Designator=J6 New Designator=J1
Change Component Designator: Old Designator=J7 New Designator=J2
Change Component Designator: Old Designator=J8 New Designator=J3
Change Component Designator: Old Designator=J9 New Designator=J4
Change Component Designator: Old Designator=J10 New Designator=J5
Change Component Designator: Old Designator=J11 New Designator=J6
Change Component Designator: Old Designator=J12 New Designator=J7
Change Component Designator: Old Designator=J13 New Designator=J8
Change Component Designator: Old Designator=J14 New Designator=J9
Change Component Designator: Old Designator=J15 New Designator=J10
Change Component Designator: Old Designator=J16 New Designator=J11
Change Component Designator: Old Designator=J17 New Designator=J12
Change Component Designator: Old Designator=J18 New Designator=J13
Change Component Designator: Old Designator=J19 New Designator=J14
Change Component Designator: Old Designator=R109 New Designator=R1
Change Component Designator: Old Designator=R110 New Designator=R2
Change Component Designator: Old Designator=R111 New Designator=R3
Change Component Designator: Old Designator=R112 New Designator=R4
Change Component Designator: Old Designator=R114 New Designator=R5
Change Component Designator: Old Designator=R115 New Designator=R6
Change Component Designator: Old Designator=R116 New Designator=R7
Change Component Designator: Old Designator=R117 New Designator=R8
Change Component Designator: Old Designator=R118 New Designator=R9
Change Component Designator: Old Designator=R119 New Designator=R19
Change Component Designator: Old Designator=R120 New Designator=R20
Change Component Designator: Old Designator=R121 New Designator=R10
Change Component Designator: Old Designator=R123 New Designator=R11
Change Component Designator: Old Designator=R124 New Designator=R12
Change Component Designator: Old Designator=R126 New Designator=R13
Change Component Designator: Old Designator=R128 New Designator=R14
Change Component Designator: Old Designator=R129 New Designator=R15
Change Component Designator: Old Designator=R130 New Designator=R16
Change Component Designator: Old Designator=R131 New Designator=R17
Change Component Designator: Old Designator=R132 New Designator=R18
Change Component Designator: Old Designator=R133 New Designator=R21
Change Component Designator: Old Designator=R134 New Designator=R22
Change Component Designator: Old Designator=R135 New Designator=R23
Change Component Designator: Old Designator=R136 New Designator=R24
Change Component Designator: Old Designator=R137 New Designator=R25
Change Component Designator: Old Designator=R138 New Designator=R26
Change Component Designator: Old Designator=R139 New Designator=R27
Change Component Designator: Old Designator=R140 New Designator=R28
Change Component Designator: Old Designator=R141 New Designator=R29
Change Component Designator: Old Designator=R142 New Designator=R30
Change Component Designator: Old Designator=R143 New Designator=R31
Change Component Designator: Old Designator=R144 New Designator=R32
Change Component Designator: Old Designator=R145 New Designator=R33
Change Component Designator: Old Designator=R146 New Designator=R34
Change Component Designator: Old Designator=R147 New Designator=R36
Change Component Designator: Old Designator=R148 New Designator=R35
Change Component Designator: Old Designator=R149 New Designator=R37
Change Component Designator: Old Designator=R150 New Designator=R38
Change Component Designator: Old Designator=R151 New Designator=R39
Change Component Designator: Old Designator=R152 New Designator=R40
Change Component Designator: Old Designator=R153 New Designator=R41
Change Component Designator: Old Designator=R154 New Designator=R42
Change Component Designator: Old Designator=R155 New Designator=R43
Change Component Designator: Old Designator=R156 New Designator=R44
Change Component Designator: Old Designator=R157 New Designator=R45
Change Component Designator: Old Designator=R158 New Designator=R46
Change Component Designator: Old Designator=R159 New Designator=R47
Change Component Designator: Old Designator=R160 New Designator=R48
Change Component Designator: Old Designator=R161 New Designator=R49
Change Component Designator: Old Designator=R162 New Designator=R50
Change Component Designator: Old Designator=R163 New Designator=R52
Change Component Designator: Old Designator=R164 New Designator=R51
Change Component Designator: Old Designator=R165 New Designator=R53
Change Component Designator: Old Designator=R166 New Designator=R54
Change Component Designator: Old Designator=R167 New Designator=R55
Change Component Designator: Old Designator=R168 New Designator=R56
Change Component Designator: Old Designator=R169 New Designator=R57
Change Component Designator: Old Designator=R170 New Designator=R58
Change Component Designator: Old Designator=R171 New Designator=R60
Change Component Designator: Old Designator=R172 New Designator=R59
Change Component Designator: Old Designator=R173 New Designator=R61
Change Component Designator: Old Designator=R174 New Designator=R62
Change Component Designator: Old Designator=R175 New Designator=R63
Change Component Designator: Old Designator=R176 New Designator=R64
Change Component Designator: Old Designator=R177 New Designator=R65
Change Component Designator: Old Designator=R178 New Designator=R66
Change Component Designator: Old Designator=R179 New Designator=R67
Change Component Designator: Old Designator=R180 New Designator=R69
Change Component Designator: Old Designator=R181 New Designator=R70
Change Component Designator: Old Designator=R182 New Designator=R68
Change Component Designator: Old Designator=R183 New Designator=R71
Change Component Designator: Old Designator=R184 New Designator=R72
Change Component Designator: Old Designator=R185 New Designator=R73
Change Component Designator: Old Designator=R186 New Designator=R74
Change Component Designator: Old Designator=R187 New Designator=R75
Change Component Designator: Old Designator=R188 New Designator=R76
Change Component Designator: Old Designator=R189 New Designator=R77
Change Component Designator: Old Designator=R190 New Designator=R78
Change Component Designator: Old Designator=R191 New Designator=R82
Change Component Designator: Old Designator=R192 New Designator=R79
Change Component Designator: Old Designator=R193 New Designator=R80
Change Component Designator: Old Designator=R194 New Designator=R81
Change Component Designator: Old Designator=R195 New Designator=R83
Change Component Designator: Old Designator=R196 New Designator=R84
Change Component Designator: Old Designator=R197 New Designator=R85
Change Component Designator: Old Designator=R198 New Designator=R87
Change Component Designator: Old Designator=R199 New Designator=R88
Change Component Designator: Old Designator=R200 New Designator=R89
Change Component Designator: Old Designator=R201 New Designator=R90
Change Component Designator: Old Designator=R202 New Designator=R91
Change Component Designator: Old Designator=R203 New Designator=R86
Change Component Designator: Old Designator=R204 New Designator=R92
Change Component Designator: Old Designator=R205 New Designator=R93
Change Component Designator: Old Designator=R206 New Designator=R94
Change Component Designator: Old Designator=R207 New Designator=R96
Change Component Designator: Old Designator=R208 New Designator=R97
Change Component Designator: Old Designator=R209 New Designator=R95
Change Component Designator: Old Designator=R210 New Designator=R98
Change Component Designator: Old Designator=R211 New Designator=R99
Change Component Designator: Old Designator=R212 New Designator=R100
Change Component Designator: Old Designator=R213 New Designator=R102
Change Component Designator: Old Designator=R214 New Designator=R103
Change Component Designator: Old Designator=R215 New Designator=R101
Change Component Designator: Old Designator=R216 New Designator=R104
Change Component Designator: Old Designator=R217 New Designator=R105
Change Component Designator: Old Designator=R218 New Designator=R106
Change Component Designator: Old Designator=R219 New Designator=R107
Change Component Designator: Old Designator=S7 New Designator=S1
Change Component Designator: Old Designator=S8 New Designator=S2
Change Component Designator: Old Designator=S9 New Designator=S3
Change Component Designator: Old Designator=S10 New Designator=S4
Change Component Designator: Old Designator=U22 New Designator=U?
Change Component Designator: Old Designator=U22 New Designator=U?
Change Component Designator: Old Designator=U22 New Designator=U?
Change Component Designator: Old Designator=U22 New Designator=U?
Change Component Designator: Old Designator=U23 New Designator=U?
Change Component Designator: Old Designator=U23 New Designator=U?
Change Component Designator: Old Designator=U23 New Designator=U?
Change Component Designator: Old Designator=U23 New Designator=U?
Change Component Designator: Old Designator=U24 New Designator=U?
Change Component Designator: Old Designator=U24 New Designator=U?
Change Component Designator: Old Designator=U24 New Designator=U?
Change Component Designator: Old Designator=U24 New Designator=U?
Change Component Designator: Old Designator=U25 New Designator=U?
Change Component Designator: Old Designator=U25 New Designator=U?
Change Component Designator: Old Designator=U25 New Designator=U?
Change Component Designator: Old Designator=U25 New Designator=U?
Change Component Designator: Old Designator=U26 New Designator=U?
Change Component Designator: Old Designator=U26 New Designator=U?
Change Component Designator: Old Designator=U26 New Designator=U?
Change Component Designator: Old Designator=U26 New Designator=U?
Change Component Designator: Old Designator=U27 New Designator=U?
Change Component Designator: Old Designator=U27 New Designator=U?
Change Component Designator: Old Designator=U27 New Designator=U?
Change Component Designator: Old Designator=U27 New Designator=U?
Change Component Designator: Old Designator=U28 New Designator=U?
Change Component Designator: Old Designator=U28 New Designator=U?
Change Component Designator: Old Designator=U28 New Designator=U?
Change Component Designator: Old Designator=U28 New Designator=U?
Change Component Designator: Old Designator=U29 New Designator=U?
Change Component Designator: Old Designator=U29 New Designator=U?
Change Component Designator: Old Designator=U29 New Designator=U?
Change Component Designator: Old Designator=U29 New Designator=U?
Change Component Designator: Old Designator=U30 New Designator=U?
Change Component Designator: Old Designator=U30 New Designator=U?
Change Component Designator: Old Designator=U30 New Designator=U?
Change Component Designator: Old Designator=U30 New Designator=U?
