Replace Symbol from C117 0805 Kondensator in Z:\Korschunov\Bachelorarbeit\Altium\Ausgangsstufe\Ausgangsstufe.SchDoc with 0805 Kondensator from Bauteile.SchLib
Replace Symbol from C118 0805 Kondensator in Z:\Korschunov\Bachelorarbeit\Altium\Ausgangsstufe\Ausgangsstufe.SchDoc with 0805 Kondensator from Bauteile.SchLib
Replace Symbol from C120 0805 Kondensator in Z:\Korschunov\Bachelorarbeit\Altium\Ausgangsstufe\Ausgangsstufe.SchDoc with 0805 Kondensator from Bauteile.SchLib
Replace Symbol from C121 0805 Kondensator in Z:\Korschunov\Bachelorarbeit\Altium\Ausgangsstufe\Ausgangsstufe.SchDoc with 0805 Kondensator from Bauteile.SchLib
Replace Symbol from C122 0805 Kondensator in Z:\Korschunov\Bachelorarbeit\Altium\Ausgangsstufe\Ausgangsstufe.SchDoc with 0805 Kondensator from Bauteile.SchLib
Replace Symbol from C123 0805 Kondensator in Z:\Korschunov\Bachelorarbeit\Altium\Ausgangsstufe\Ausgangsstufe.SchDoc with 0805 Kondensator from Bauteile.SchLib
Replace Symbol from C124 0805 Kondensator in Z:\Korschunov\Bachelorarbeit\Altium\Ausgangsstufe\Ausgangsstufe.SchDoc with 0805 Kondensator from Bauteile.SchLib
Replace Symbol from C125 0805 Kondensator in Z:\Korschunov\Bachelorarbeit\Altium\Ausgangsstufe\Ausgangsstufe.SchDoc with 0805 Kondensator from Bauteile.SchLib
Replace Symbol from C126 0805 Kondensator in Z:\Korschunov\Bachelorarbeit\Altium\Ausgangsstufe\Ausgangsstufe.SchDoc with 0805 Kondensator from Bauteile.SchLib
Replace Symbol from C127 0805 Kondensator in Z:\Korschunov\Bachelorarbeit\Altium\Ausgangsstufe\Ausgangsstufe.SchDoc with 0805 Kondensator from Bauteile.SchLib
Replace Symbol from C128 0805 Kondensator in Z:\Korschunov\Bachelorarbeit\Altium\Ausgangsstufe\Ausgangsstufe.SchDoc with 0805 Kondensator from Bauteile.SchLib
Replace Symbol from C129 0805 Kondensator in Z:\Korschunov\Bachelorarbeit\Altium\Ausgangsstufe\Ausgangsstufe.SchDoc with 0805 Kondensator from Bauteile.SchLib
Replace Symbol from C130 0805 Kondensator in Z:\Korschunov\Bachelorarbeit\Altium\Ausgangsstufe\Ausgangsstufe.SchDoc with 0805 Kondensator from Bauteile.SchLib
Replace Symbol from C131 0805 Kondensator in Z:\Korschunov\Bachelorarbeit\Altium\Ausgangsstufe\Ausgangsstufe.SchDoc with 0805 Kondensator from Bauteile.SchLib
Replace Symbol from C132 0805 Kondensator in Z:\Korschunov\Bachelorarbeit\Altium\Ausgangsstufe\Ausgangsstufe.SchDoc with 0805 Kondensator from Bauteile.SchLib
Replace Symbol from C133 0805 Kondensator in Z:\Korschunov\Bachelorarbeit\Altium\Ausgangsstufe\Ausgangsstufe.SchDoc with 0805 Kondensator from Bauteile.SchLib
Replace Symbol from C134 0805 Kondensator in Z:\Korschunov\Bachelorarbeit\Altium\Ausgangsstufe\Ausgangsstufe.SchDoc with 0805 Kondensator from Bauteile.SchLib
Replace Symbol from C135 0805 Kondensator in Z:\Korschunov\Bachelorarbeit\Altium\Ausgangsstufe\Ausgangsstufe.SchDoc with 0805 Kondensator from Bauteile.SchLib
Replace Symbol from C136 0805 Kondensator in Z:\Korschunov\Bachelorarbeit\Altium\Ausgangsstufe\Ausgangsstufe.SchDoc with 0805 Kondensator from Bauteile.SchLib
Replace Symbol from C137 0805 Kondensator in Z:\Korschunov\Bachelorarbeit\Altium\Ausgangsstufe\Ausgangsstufe.SchDoc with 0805 Kondensator from Bauteile.SchLib
Replace Symbol from C138 0805 Kondensator in Z:\Korschunov\Bachelorarbeit\Altium\Ausgangsstufe\Ausgangsstufe.SchDoc with 0805 Kondensator from Bauteile.SchLib
Replace Symbol from C139 0805 Kondensator in Z:\Korschunov\Bachelorarbeit\Altium\Ausgangsstufe\Ausgangsstufe.SchDoc with 0805 Kondensator from Bauteile.SchLib
Replace Symbol from C140 0805 Kondensator in Z:\Korschunov\Bachelorarbeit\Altium\Ausgangsstufe\Ausgangsstufe.SchDoc with 0805 Kondensator from Bauteile.SchLib
Replace Symbol from C141 0805 Kondensator in Z:\Korschunov\Bachelorarbeit\Altium\Ausgangsstufe\Ausgangsstufe.SchDoc with 0805 Kondensator from Bauteile.SchLib
Replace Symbol from C142 0805 Kondensator in Z:\Korschunov\Bachelorarbeit\Altium\Ausgangsstufe\Ausgangsstufe.SchDoc with 0805 Kondensator from Bauteile.SchLib
Replace Symbol from C143 0805 Kondensator in Z:\Korschunov\Bachelorarbeit\Altium\Ausgangsstufe\Ausgangsstufe.SchDoc with 0805 Kondensator from Bauteile.SchLib
Replace Symbol from C144 0805 Kondensator in Z:\Korschunov\Bachelorarbeit\Altium\Ausgangsstufe\Ausgangsstufe.SchDoc with 0805 Kondensator from Bauteile.SchLib
Replace Symbol from C145 0805 Kondensator in Z:\Korschunov\Bachelorarbeit\Altium\Ausgangsstufe\Ausgangsstufe.SchDoc with 0805 Kondensator from Bauteile.SchLib
Replace Symbol from C146 0805 Kondensator in Z:\Korschunov\Bachelorarbeit\Altium\Ausgangsstufe\Ausgangsstufe.SchDoc with 0805 Kondensator from Bauteile.SchLib
Replace Symbol from C147 0805 Kondensator in Z:\Korschunov\Bachelorarbeit\Altium\Ausgangsstufe\Ausgangsstufe.SchDoc with 0805 Kondensator from Bauteile.SchLib
Replace Symbol from C148 0805 Kondensator in Z:\Korschunov\Bachelorarbeit\Altium\Ausgangsstufe\Ausgangsstufe.SchDoc with 0805 Kondensator from Bauteile.SchLib
Replace Symbol from C149 0805 Kondensator in Z:\Korschunov\Bachelorarbeit\Altium\Ausgangsstufe\Ausgangsstufe.SchDoc with 0805 Kondensator from Bauteile.SchLib
Replace Symbol from C150 0805 Kondensator in Z:\Korschunov\Bachelorarbeit\Altium\Ausgangsstufe\Ausgangsstufe.SchDoc with 0805 Kondensator from Bauteile.SchLib
Replace Symbol from C151 0805 Kondensator in Z:\Korschunov\Bachelorarbeit\Altium\Ausgangsstufe\Ausgangsstufe.SchDoc with 0805 Kondensator from Bauteile.SchLib
Replace Symbol from C152 0805 Kondensator in Z:\Korschunov\Bachelorarbeit\Altium\Ausgangsstufe\Ausgangsstufe.SchDoc with 0805 Kondensator from Bauteile.SchLib
Replace Symbol from C153 0805 Kondensator in Z:\Korschunov\Bachelorarbeit\Altium\Ausgangsstufe\Ausgangsstufe.SchDoc with 0805 Kondensator from Bauteile.SchLib
Replace Symbol from C154 0805 Kondensator in Z:\Korschunov\Bachelorarbeit\Altium\Ausgangsstufe\Ausgangsstufe.SchDoc with 0805 Kondensator from Bauteile.SchLib
Replace Symbol from C155 0805 Kondensator in Z:\Korschunov\Bachelorarbeit\Altium\Ausgangsstufe\Ausgangsstufe.SchDoc with 0805 Kondensator from Bauteile.SchLib
Replace Symbol from C156 0805 Kondensator in Z:\Korschunov\Bachelorarbeit\Altium\Ausgangsstufe\Ausgangsstufe.SchDoc with 0805 Kondensator from Bauteile.SchLib
Replace Symbol from C157 0805 Kondensator in Z:\Korschunov\Bachelorarbeit\Altium\Ausgangsstufe\Ausgangsstufe.SchDoc with 0805 Kondensator from Bauteile.SchLib
Replace Symbol from C158 0805 Kondensator in Z:\Korschunov\Bachelorarbeit\Altium\Ausgangsstufe\Ausgangsstufe.SchDoc with 0805 Kondensator from Bauteile.SchLib
Replace Symbol from C159 0805 Kondensator in Z:\Korschunov\Bachelorarbeit\Altium\Ausgangsstufe\Ausgangsstufe.SchDoc with 0805 Kondensator from Bauteile.SchLib
Replace Symbol from C160 0805 Kondensator in Z:\Korschunov\Bachelorarbeit\Altium\Ausgangsstufe\Ausgangsstufe.SchDoc with 0805 Kondensator from Bauteile.SchLib
Replace Symbol from C161 0805 Kondensator in Z:\Korschunov\Bachelorarbeit\Altium\Ausgangsstufe\Ausgangsstufe.SchDoc with 0805 Kondensator from Bauteile.SchLib
Replace Symbol from C162 0805 Kondensator in Z:\Korschunov\Bachelorarbeit\Altium\Ausgangsstufe\Ausgangsstufe.SchDoc with 0805 Kondensator from Bauteile.SchLib
Replace Symbol from C163 0805 Kondensator in Z:\Korschunov\Bachelorarbeit\Altium\Ausgangsstufe\Ausgangsstufe.SchDoc with 0805 Kondensator from Bauteile.SchLib
Replace Symbol from C164 0805 Kondensator in Z:\Korschunov\Bachelorarbeit\Altium\Ausgangsstufe\Ausgangsstufe.SchDoc with 0805 Kondensator from Bauteile.SchLib
Replace Symbol from C165 0805 Kondensator in Z:\Korschunov\Bachelorarbeit\Altium\Ausgangsstufe\Ausgangsstufe.SchDoc with 0805 Kondensator from Bauteile.SchLib
Replace Symbol from C166 0805 Kondensator in Z:\Korschunov\Bachelorarbeit\Altium\Ausgangsstufe\Ausgangsstufe.SchDoc with 0805 Kondensator from Bauteile.SchLib
Replace Symbol from C167 0805 Kondensator in Z:\Korschunov\Bachelorarbeit\Altium\Ausgangsstufe\Ausgangsstufe.SchDoc with 0805 Kondensator from Bauteile.SchLib
Replace Symbol from C168 0805 Kondensator in Z:\Korschunov\Bachelorarbeit\Altium\Ausgangsstufe\Ausgangsstufe.SchDoc with 0805 Kondensator from Bauteile.SchLib
Replace Symbol from C169 0805 Kondensator in Z:\Korschunov\Bachelorarbeit\Altium\Ausgangsstufe\Ausgangsstufe.SchDoc with 0805 Kondensator from Bauteile.SchLib
Replace Symbol from C170 0805 Kondensator in Z:\Korschunov\Bachelorarbeit\Altium\Ausgangsstufe\Ausgangsstufe.SchDoc with 0805 Kondensator from Bauteile.SchLib
Replace Symbol from C171 0805 Kondensator in Z:\Korschunov\Bachelorarbeit\Altium\Ausgangsstufe\Ausgangsstufe.SchDoc with 0805 Kondensator from Bauteile.SchLib
Replace Symbol from C172 0805 Kondensator in Z:\Korschunov\Bachelorarbeit\Altium\Ausgangsstufe\Ausgangsstufe.SchDoc with 0805 Kondensator from Bauteile.SchLib
Replace Symbol from C173 0805 Kondensator in Z:\Korschunov\Bachelorarbeit\Altium\Ausgangsstufe\Ausgangsstufe.SchDoc with 0805 Kondensator from Bauteile.SchLib
Replace Symbol from C174 0805 Kondensator in Z:\Korschunov\Bachelorarbeit\Altium\Ausgangsstufe\Ausgangsstufe.SchDoc with 0805 Kondensator from Bauteile.SchLib
Replace Symbol from D1 LED Buchsenleiste in Z:\Korschunov\Bachelorarbeit\Altium\Ausgangsstufe\Ausgangsstufe.SchDoc with LED Buchsenleiste from Bauteile.SchLib
Replace Symbol from D2 1N4148 Diode in Z:\Korschunov\Bachelorarbeit\Altium\Ausgangsstufe\Ausgangsstufe.SchDoc with 1N4148 Diode from Bauteile.SchLib
Replace Symbol from D3 1N4148 Diode in Z:\Korschunov\Bachelorarbeit\Altium\Ausgangsstufe\Ausgangsstufe.SchDoc with 1N4148 Diode from Bauteile.SchLib
Replace Symbol from J6 Connector x2 in Z:\Korschunov\Bachelorarbeit\Altium\Ausgangsstufe\Ausgangsstufe.SchDoc with Connector x2 from Bauteile.SchLib
Replace Symbol from J7 Connector x2 in Z:\Korschunov\Bachelorarbeit\Altium\Ausgangsstufe\Ausgangsstufe.SchDoc with Connector x2 from Bauteile.SchLib
Replace Symbol from J8 Connector x2 in Z:\Korschunov\Bachelorarbeit\Altium\Ausgangsstufe\Ausgangsstufe.SchDoc with Connector x2 from Bauteile.SchLib
Replace Symbol from J9 Connector x2 in Z:\Korschunov\Bachelorarbeit\Altium\Ausgangsstufe\Ausgangsstufe.SchDoc with Connector x2 from Bauteile.SchLib
Replace Symbol from J10 Connector x2 in Z:\Korschunov\Bachelorarbeit\Altium\Ausgangsstufe\Ausgangsstufe.SchDoc with Connector x2 from Bauteile.SchLib
Replace Symbol from J11 Connector x2 in Z:\Korschunov\Bachelorarbeit\Altium\Ausgangsstufe\Ausgangsstufe.SchDoc with Connector x2 from Bauteile.SchLib
Replace Symbol from J12 Connector x2 in Z:\Korschunov\Bachelorarbeit\Altium\Ausgangsstufe\Ausgangsstufe.SchDoc with Connector x2 from Bauteile.SchLib
Replace Symbol from J13 Connector x2 in Z:\Korschunov\Bachelorarbeit\Altium\Ausgangsstufe\Ausgangsstufe.SchDoc with Connector x2 from Bauteile.SchLib
Replace Symbol from J14 Connector x14 in Z:\Korschunov\Bachelorarbeit\Altium\Ausgangsstufe\Ausgangsstufe.SchDoc with Connector x14 from Bauteile.SchLib
Replace Symbol from J15 Connector x4 in Z:\Korschunov\Bachelorarbeit\Altium\Ausgangsstufe\Ausgangsstufe.SchDoc with Connector x4 from Bauteile.SchLib
Replace Symbol from J16 Connector x2 in Z:\Korschunov\Bachelorarbeit\Altium\Ausgangsstufe\Ausgangsstufe.SchDoc with Connector x2 from Bauteile.SchLib
Replace Symbol from J17 Connector x2 in Z:\Korschunov\Bachelorarbeit\Altium\Ausgangsstufe\Ausgangsstufe.SchDoc with Connector x2 from Bauteile.SchLib
Replace Symbol from J18 Connector x2 in Z:\Korschunov\Bachelorarbeit\Altium\Ausgangsstufe\Ausgangsstufe.SchDoc with Connector x2 from Bauteile.SchLib
Replace Symbol from J19 Connector x2 in Z:\Korschunov\Bachelorarbeit\Altium\Ausgangsstufe\Ausgangsstufe.SchDoc with Connector x2 from Bauteile.SchLib
Replace Symbol from Q1 SOT23 BC807 PNP in Z:\Korschunov\Bachelorarbeit\Altium\Ausgangsstufe\Ausgangsstufe.SchDoc with SOT23 BC807 PNP from Bauteile.SchLib
Replace Symbol from Q2 SOT23 BC817 NPN in Z:\Korschunov\Bachelorarbeit\Altium\Ausgangsstufe\Ausgangsstufe.SchDoc with SOT23 BC817 NPN from Bauteile.SchLib
Replace Symbol from R109 0805 Widerstand in Z:\Korschunov\Bachelorarbeit\Altium\Ausgangsstufe\Ausgangsstufe.SchDoc with 0805 Widerstand from Bauteile.SchLib
Replace Symbol from R110 Potentiometer Buchsenleiste in Z:\Korschunov\Bachelorarbeit\Altium\Ausgangsstufe\Ausgangsstufe.SchDoc with Potentiometer Buchsenleiste from Bauteile.SchLib
Replace Symbol from R111 Potentiometer Buchsenleiste in Z:\Korschunov\Bachelorarbeit\Altium\Ausgangsstufe\Ausgangsstufe.SchDoc with Potentiometer Buchsenleiste from Bauteile.SchLib
Replace Symbol from R112 0805 Widerstand in Z:\Korschunov\Bachelorarbeit\Altium\Ausgangsstufe\Ausgangsstufe.SchDoc with 0805 Widerstand from Bauteile.SchLib
Replace Symbol from R114 Potentiometer Buchsenleiste in Z:\Korschunov\Bachelorarbeit\Altium\Ausgangsstufe\Ausgangsstufe.SchDoc with Potentiometer Buchsenleiste from Bauteile.SchLib
Replace Symbol from R115 Potentiometer Buchsenleiste in Z:\Korschunov\Bachelorarbeit\Altium\Ausgangsstufe\Ausgangsstufe.SchDoc with Potentiometer Buchsenleiste from Bauteile.SchLib
Replace Symbol from R116 0805 Widerstand in Z:\Korschunov\Bachelorarbeit\Altium\Ausgangsstufe\Ausgangsstufe.SchDoc with 0805 Widerstand from Bauteile.SchLib
Replace Symbol from R117 0805 Widerstand in Z:\Korschunov\Bachelorarbeit\Altium\Ausgangsstufe\Ausgangsstufe.SchDoc with 0805 Widerstand from Bauteile.SchLib
Replace Symbol from R118 0805 Widerstand in Z:\Korschunov\Bachelorarbeit\Altium\Ausgangsstufe\Ausgangsstufe.SchDoc with 0805 Widerstand from Bauteile.SchLib
Replace Symbol from R119 0805 Widerstand in Z:\Korschunov\Bachelorarbeit\Altium\Ausgangsstufe\Ausgangsstufe.SchDoc with 0805 Widerstand from Bauteile.SchLib
Replace Symbol from R120 0805 Widerstand in Z:\Korschunov\Bachelorarbeit\Altium\Ausgangsstufe\Ausgangsstufe.SchDoc with 0805 Widerstand from Bauteile.SchLib
Replace Symbol from R121 0805 Widerstand in Z:\Korschunov\Bachelorarbeit\Altium\Ausgangsstufe\Ausgangsstufe.SchDoc with 0805 Widerstand from Bauteile.SchLib
Replace Symbol from R123 0805 Widerstand in Z:\Korschunov\Bachelorarbeit\Altium\Ausgangsstufe\Ausgangsstufe.SchDoc with 0805 Widerstand from Bauteile.SchLib
Replace Symbol from R124 0805 Widerstand in Z:\Korschunov\Bachelorarbeit\Altium\Ausgangsstufe\Ausgangsstufe.SchDoc with 0805 Widerstand from Bauteile.SchLib
Replace Symbol from R126 0805 Widerstand in Z:\Korschunov\Bachelorarbeit\Altium\Ausgangsstufe\Ausgangsstufe.SchDoc with 0805 Widerstand from Bauteile.SchLib
Replace Symbol from R128 0805 Widerstand in Z:\Korschunov\Bachelorarbeit\Altium\Ausgangsstufe\Ausgangsstufe.SchDoc with 0805 Widerstand from Bauteile.SchLib
Replace Symbol from R129 Potentiometer Buchsenleiste in Z:\Korschunov\Bachelorarbeit\Altium\Ausgangsstufe\Ausgangsstufe.SchDoc with Potentiometer Buchsenleiste from Bauteile.SchLib
Replace Symbol from R130 Potentiometer Buchsenleiste in Z:\Korschunov\Bachelorarbeit\Altium\Ausgangsstufe\Ausgangsstufe.SchDoc with Potentiometer Buchsenleiste from Bauteile.SchLib
Replace Symbol from R131 0805 Widerstand in Z:\Korschunov\Bachelorarbeit\Altium\Ausgangsstufe\Ausgangsstufe.SchDoc with 0805 Widerstand from Bauteile.SchLib
Replace Symbol from R132 0805 Widerstand in Z:\Korschunov\Bachelorarbeit\Altium\Ausgangsstufe\Ausgangsstufe.SchDoc with 0805 Widerstand from Bauteile.SchLib
Replace Symbol from R133 0805 Widerstand in Z:\Korschunov\Bachelorarbeit\Altium\Ausgangsstufe\Ausgangsstufe.SchDoc with 0805 Widerstand from Bauteile.SchLib
Replace Symbol from R134 0805 Widerstand in Z:\Korschunov\Bachelorarbeit\Altium\Ausgangsstufe\Ausgangsstufe.SchDoc with 0805 Widerstand from Bauteile.SchLib
Replace Symbol from R135 0805 Widerstand in Z:\Korschunov\Bachelorarbeit\Altium\Ausgangsstufe\Ausgangsstufe.SchDoc with 0805 Widerstand from Bauteile.SchLib
Replace Symbol from R136 0805 Widerstand in Z:\Korschunov\Bachelorarbeit\Altium\Ausgangsstufe\Ausgangsstufe.SchDoc with 0805 Widerstand from Bauteile.SchLib
Replace Symbol from R137 0805 Widerstand in Z:\Korschunov\Bachelorarbeit\Altium\Ausgangsstufe\Ausgangsstufe.SchDoc with 0805 Widerstand from Bauteile.SchLib
Replace Symbol from R138 Potentiometer Buchsenleiste in Z:\Korschunov\Bachelorarbeit\Altium\Ausgangsstufe\Ausgangsstufe.SchDoc with Potentiometer Buchsenleiste from Bauteile.SchLib
Replace Symbol from R139 Potentiometer Buchsenleiste in Z:\Korschunov\Bachelorarbeit\Altium\Ausgangsstufe\Ausgangsstufe.SchDoc with Potentiometer Buchsenleiste from Bauteile.SchLib
Replace Symbol from R140 Potentiometer Buchsenleiste in Z:\Korschunov\Bachelorarbeit\Altium\Ausgangsstufe\Ausgangsstufe.SchDoc with Potentiometer Buchsenleiste from Bauteile.SchLib
Replace Symbol from R141 Potentiometer Buchsenleiste in Z:\Korschunov\Bachelorarbeit\Altium\Ausgangsstufe\Ausgangsstufe.SchDoc with Potentiometer Buchsenleiste from Bauteile.SchLib
Replace Symbol from R142 0805 Widerstand in Z:\Korschunov\Bachelorarbeit\Altium\Ausgangsstufe\Ausgangsstufe.SchDoc with 0805 Widerstand from Bauteile.SchLib
Replace Symbol from R143 0805 Widerstand in Z:\Korschunov\Bachelorarbeit\Altium\Ausgangsstufe\Ausgangsstufe.SchDoc with 0805 Widerstand from Bauteile.SchLib
Replace Symbol from R144 0805 Widerstand in Z:\Korschunov\Bachelorarbeit\Altium\Ausgangsstufe\Ausgangsstufe.SchDoc with 0805 Widerstand from Bauteile.SchLib
Replace Symbol from R145 0805 Widerstand in Z:\Korschunov\Bachelorarbeit\Altium\Ausgangsstufe\Ausgangsstufe.SchDoc with 0805 Widerstand from Bauteile.SchLib
Replace Symbol from R146 0805 Widerstand in Z:\Korschunov\Bachelorarbeit\Altium\Ausgangsstufe\Ausgangsstufe.SchDoc with 0805 Widerstand from Bauteile.SchLib
Replace Symbol from R147 0805 Widerstand in Z:\Korschunov\Bachelorarbeit\Altium\Ausgangsstufe\Ausgangsstufe.SchDoc with 0805 Widerstand from Bauteile.SchLib
Replace Symbol from R148 0805 Widerstand in Z:\Korschunov\Bachelorarbeit\Altium\Ausgangsstufe\Ausgangsstufe.SchDoc with 0805 Widerstand from Bauteile.SchLib
Replace Symbol from R149 0805 Widerstand in Z:\Korschunov\Bachelorarbeit\Altium\Ausgangsstufe\Ausgangsstufe.SchDoc with 0805 Widerstand from Bauteile.SchLib
Replace Symbol from R150 0805 Widerstand in Z:\Korschunov\Bachelorarbeit\Altium\Ausgangsstufe\Ausgangsstufe.SchDoc with 0805 Widerstand from Bauteile.SchLib
Replace Symbol from R151 0805 Widerstand in Z:\Korschunov\Bachelorarbeit\Altium\Ausgangsstufe\Ausgangsstufe.SchDoc with 0805 Widerstand from Bauteile.SchLib
Replace Symbol from R152 0805 Widerstand in Z:\Korschunov\Bachelorarbeit\Altium\Ausgangsstufe\Ausgangsstufe.SchDoc with 0805 Widerstand from Bauteile.SchLib
Replace Symbol from R153 0805 Widerstand in Z:\Korschunov\Bachelorarbeit\Altium\Ausgangsstufe\Ausgangsstufe.SchDoc with 0805 Widerstand from Bauteile.SchLib
Replace Symbol from R154 Potentiometer Buchsenleiste in Z:\Korschunov\Bachelorarbeit\Altium\Ausgangsstufe\Ausgangsstufe.SchDoc with Potentiometer Buchsenleiste from Bauteile.SchLib
Replace Symbol from R155 Potentiometer Buchsenleiste in Z:\Korschunov\Bachelorarbeit\Altium\Ausgangsstufe\Ausgangsstufe.SchDoc with Potentiometer Buchsenleiste from Bauteile.SchLib
Replace Symbol from R156 Potentiometer Buchsenleiste in Z:\Korschunov\Bachelorarbeit\Altium\Ausgangsstufe\Ausgangsstufe.SchDoc with Potentiometer Buchsenleiste from Bauteile.SchLib
Replace Symbol from R157 0805 Widerstand in Z:\Korschunov\Bachelorarbeit\Altium\Ausgangsstufe\Ausgangsstufe.SchDoc with 0805 Widerstand from Bauteile.SchLib
Replace Symbol from R158 0805 Widerstand in Z:\Korschunov\Bachelorarbeit\Altium\Ausgangsstufe\Ausgangsstufe.SchDoc with 0805 Widerstand from Bauteile.SchLib
Replace Symbol from R159 0805 Widerstand in Z:\Korschunov\Bachelorarbeit\Altium\Ausgangsstufe\Ausgangsstufe.SchDoc with 0805 Widerstand from Bauteile.SchLib
Replace Symbol from R160 0805 Widerstand in Z:\Korschunov\Bachelorarbeit\Altium\Ausgangsstufe\Ausgangsstufe.SchDoc with 0805 Widerstand from Bauteile.SchLib
Replace Symbol from R161 0805 Widerstand in Z:\Korschunov\Bachelorarbeit\Altium\Ausgangsstufe\Ausgangsstufe.SchDoc with 0805 Widerstand from Bauteile.SchLib
Replace Symbol from R162 0805 Widerstand in Z:\Korschunov\Bachelorarbeit\Altium\Ausgangsstufe\Ausgangsstufe.SchDoc with 0805 Widerstand from Bauteile.SchLib
Replace Symbol from R163 0805 Widerstand in Z:\Korschunov\Bachelorarbeit\Altium\Ausgangsstufe\Ausgangsstufe.SchDoc with 0805 Widerstand from Bauteile.SchLib
Replace Symbol from R164 0805 Widerstand in Z:\Korschunov\Bachelorarbeit\Altium\Ausgangsstufe\Ausgangsstufe.SchDoc with 0805 Widerstand from Bauteile.SchLib
Replace Symbol from R165 0805 Widerstand in Z:\Korschunov\Bachelorarbeit\Altium\Ausgangsstufe\Ausgangsstufe.SchDoc with 0805 Widerstand from Bauteile.SchLib
Replace Symbol from R166 0805 Widerstand in Z:\Korschunov\Bachelorarbeit\Altium\Ausgangsstufe\Ausgangsstufe.SchDoc with 0805 Widerstand from Bauteile.SchLib
Replace Symbol from R167 0805 Widerstand in Z:\Korschunov\Bachelorarbeit\Altium\Ausgangsstufe\Ausgangsstufe.SchDoc with 0805 Widerstand from Bauteile.SchLib
Replace Symbol from R168 0805 Widerstand in Z:\Korschunov\Bachelorarbeit\Altium\Ausgangsstufe\Ausgangsstufe.SchDoc with 0805 Widerstand from Bauteile.SchLib
Replace Symbol from R169 0805 Widerstand in Z:\Korschunov\Bachelorarbeit\Altium\Ausgangsstufe\Ausgangsstufe.SchDoc with 0805 Widerstand from Bauteile.SchLib
Replace Symbol from R170 Potentiometer Buchsenleiste in Z:\Korschunov\Bachelorarbeit\Altium\Ausgangsstufe\Ausgangsstufe.SchDoc with Potentiometer Buchsenleiste from Bauteile.SchLib
Replace Symbol from R171 0805 Widerstand in Z:\Korschunov\Bachelorarbeit\Altium\Ausgangsstufe\Ausgangsstufe.SchDoc with 0805 Widerstand from Bauteile.SchLib
Replace Symbol from R172 0805 Widerstand in Z:\Korschunov\Bachelorarbeit\Altium\Ausgangsstufe\Ausgangsstufe.SchDoc with 0805 Widerstand from Bauteile.SchLib
Replace Symbol from R173 0805 Widerstand in Z:\Korschunov\Bachelorarbeit\Altium\Ausgangsstufe\Ausgangsstufe.SchDoc with 0805 Widerstand from Bauteile.SchLib
Replace Symbol from R174 0805 Widerstand in Z:\Korschunov\Bachelorarbeit\Altium\Ausgangsstufe\Ausgangsstufe.SchDoc with 0805 Widerstand from Bauteile.SchLib
Replace Symbol from R175 0805 Widerstand in Z:\Korschunov\Bachelorarbeit\Altium\Ausgangsstufe\Ausgangsstufe.SchDoc with 0805 Widerstand from Bauteile.SchLib
Replace Symbol from R176 0805 Widerstand in Z:\Korschunov\Bachelorarbeit\Altium\Ausgangsstufe\Ausgangsstufe.SchDoc with 0805 Widerstand from Bauteile.SchLib
Replace Symbol from R177 0805 Widerstand in Z:\Korschunov\Bachelorarbeit\Altium\Ausgangsstufe\Ausgangsstufe.SchDoc with 0805 Widerstand from Bauteile.SchLib
Replace Symbol from R178 0805 Widerstand in Z:\Korschunov\Bachelorarbeit\Altium\Ausgangsstufe\Ausgangsstufe.SchDoc with 0805 Widerstand from Bauteile.SchLib
Replace Symbol from R179 0805 Widerstand in Z:\Korschunov\Bachelorarbeit\Altium\Ausgangsstufe\Ausgangsstufe.SchDoc with 0805 Widerstand from Bauteile.SchLib
Replace Symbol from R180 0805 Widerstand in Z:\Korschunov\Bachelorarbeit\Altium\Ausgangsstufe\Ausgangsstufe.SchDoc with 0805 Widerstand from Bauteile.SchLib
Replace Symbol from R181 0805 Widerstand in Z:\Korschunov\Bachelorarbeit\Altium\Ausgangsstufe\Ausgangsstufe.SchDoc with 0805 Widerstand from Bauteile.SchLib
Replace Symbol from R182 0805 Widerstand in Z:\Korschunov\Bachelorarbeit\Altium\Ausgangsstufe\Ausgangsstufe.SchDoc with 0805 Widerstand from Bauteile.SchLib
Replace Symbol from R183 0805 Widerstand in Z:\Korschunov\Bachelorarbeit\Altium\Ausgangsstufe\Ausgangsstufe.SchDoc with 0805 Widerstand from Bauteile.SchLib
Replace Symbol from R184 0805 Widerstand in Z:\Korschunov\Bachelorarbeit\Altium\Ausgangsstufe\Ausgangsstufe.SchDoc with 0805 Widerstand from Bauteile.SchLib
Replace Symbol from R185 Potentiometer Buchsenleiste in Z:\Korschunov\Bachelorarbeit\Altium\Ausgangsstufe\Ausgangsstufe.SchDoc with Potentiometer Buchsenleiste from Bauteile.SchLib
Replace Symbol from R186 0805 Widerstand in Z:\Korschunov\Bachelorarbeit\Altium\Ausgangsstufe\Ausgangsstufe.SchDoc with 0805 Widerstand from Bauteile.SchLib
Replace Symbol from R187 0805 Widerstand in Z:\Korschunov\Bachelorarbeit\Altium\Ausgangsstufe\Ausgangsstufe.SchDoc with 0805 Widerstand from Bauteile.SchLib
Replace Symbol from R188 0805 Widerstand in Z:\Korschunov\Bachelorarbeit\Altium\Ausgangsstufe\Ausgangsstufe.SchDoc with 0805 Widerstand from Bauteile.SchLib
Replace Symbol from R189 0805 Widerstand in Z:\Korschunov\Bachelorarbeit\Altium\Ausgangsstufe\Ausgangsstufe.SchDoc with 0805 Widerstand from Bauteile.SchLib
Replace Symbol from R190 0805 Widerstand in Z:\Korschunov\Bachelorarbeit\Altium\Ausgangsstufe\Ausgangsstufe.SchDoc with 0805 Widerstand from Bauteile.SchLib
Replace Symbol from R191 SMD Trimmer 3314G in Z:\Korschunov\Bachelorarbeit\Altium\Ausgangsstufe\Ausgangsstufe.SchDoc with SMD Trimmer 3314G from Bauteile.SchLib
Replace Symbol from R192 0805 Widerstand in Z:\Korschunov\Bachelorarbeit\Altium\Ausgangsstufe\Ausgangsstufe.SchDoc with 0805 Widerstand from Bauteile.SchLib
Replace Symbol from R193 0805 Widerstand in Z:\Korschunov\Bachelorarbeit\Altium\Ausgangsstufe\Ausgangsstufe.SchDoc with 0805 Widerstand from Bauteile.SchLib
Replace Symbol from R194 0805 Widerstand in Z:\Korschunov\Bachelorarbeit\Altium\Ausgangsstufe\Ausgangsstufe.SchDoc with 0805 Widerstand from Bauteile.SchLib
Replace Symbol from R195 0805 Widerstand in Z:\Korschunov\Bachelorarbeit\Altium\Ausgangsstufe\Ausgangsstufe.SchDoc with 0805 Widerstand from Bauteile.SchLib
Replace Symbol from R196 0805 Widerstand in Z:\Korschunov\Bachelorarbeit\Altium\Ausgangsstufe\Ausgangsstufe.SchDoc with 0805 Widerstand from Bauteile.SchLib
Replace Symbol from R197 0805 Widerstand in Z:\Korschunov\Bachelorarbeit\Altium\Ausgangsstufe\Ausgangsstufe.SchDoc with 0805 Widerstand from Bauteile.SchLib
Replace Symbol from R198 0805 Widerstand in Z:\Korschunov\Bachelorarbeit\Altium\Ausgangsstufe\Ausgangsstufe.SchDoc with 0805 Widerstand from Bauteile.SchLib
Replace Symbol from R199 0805 Widerstand in Z:\Korschunov\Bachelorarbeit\Altium\Ausgangsstufe\Ausgangsstufe.SchDoc with 0805 Widerstand from Bauteile.SchLib
Replace Symbol from R200 0805 Widerstand in Z:\Korschunov\Bachelorarbeit\Altium\Ausgangsstufe\Ausgangsstufe.SchDoc with 0805 Widerstand from Bauteile.SchLib
Replace Symbol from R201 0805 Widerstand in Z:\Korschunov\Bachelorarbeit\Altium\Ausgangsstufe\Ausgangsstufe.SchDoc with 0805 Widerstand from Bauteile.SchLib
Replace Symbol from R202 SMD Trimmer 3314G in Z:\Korschunov\Bachelorarbeit\Altium\Ausgangsstufe\Ausgangsstufe.SchDoc with SMD Trimmer 3314G from Bauteile.SchLib
Replace Symbol from R203 0805 Widerstand in Z:\Korschunov\Bachelorarbeit\Altium\Ausgangsstufe\Ausgangsstufe.SchDoc with 0805 Widerstand from Bauteile.SchLib
Replace Symbol from R204 0805 Widerstand in Z:\Korschunov\Bachelorarbeit\Altium\Ausgangsstufe\Ausgangsstufe.SchDoc with 0805 Widerstand from Bauteile.SchLib
Replace Symbol from R205 0805 Widerstand in Z:\Korschunov\Bachelorarbeit\Altium\Ausgangsstufe\Ausgangsstufe.SchDoc with 0805 Widerstand from Bauteile.SchLib
Replace Symbol from R206 0805 Widerstand in Z:\Korschunov\Bachelorarbeit\Altium\Ausgangsstufe\Ausgangsstufe.SchDoc with 0805 Widerstand from Bauteile.SchLib
Replace Symbol from R207 0805 Widerstand in Z:\Korschunov\Bachelorarbeit\Altium\Ausgangsstufe\Ausgangsstufe.SchDoc with 0805 Widerstand from Bauteile.SchLib
Replace Symbol from R208 0805 Widerstand in Z:\Korschunov\Bachelorarbeit\Altium\Ausgangsstufe\Ausgangsstufe.SchDoc with 0805 Widerstand from Bauteile.SchLib
Replace Symbol from R209 0805 Widerstand in Z:\Korschunov\Bachelorarbeit\Altium\Ausgangsstufe\Ausgangsstufe.SchDoc with 0805 Widerstand from Bauteile.SchLib
Replace Symbol from R210 0805 Widerstand in Z:\Korschunov\Bachelorarbeit\Altium\Ausgangsstufe\Ausgangsstufe.SchDoc with 0805 Widerstand from Bauteile.SchLib
Replace Symbol from R211 0805 Widerstand in Z:\Korschunov\Bachelorarbeit\Altium\Ausgangsstufe\Ausgangsstufe.SchDoc with 0805 Widerstand from Bauteile.SchLib
Replace Symbol from R212 0805 Widerstand in Z:\Korschunov\Bachelorarbeit\Altium\Ausgangsstufe\Ausgangsstufe.SchDoc with 0805 Widerstand from Bauteile.SchLib
Replace Symbol from R213 0805 Widerstand in Z:\Korschunov\Bachelorarbeit\Altium\Ausgangsstufe\Ausgangsstufe.SchDoc with 0805 Widerstand from Bauteile.SchLib
Replace Symbol from R214 0805 Widerstand in Z:\Korschunov\Bachelorarbeit\Altium\Ausgangsstufe\Ausgangsstufe.SchDoc with 0805 Widerstand from Bauteile.SchLib
Replace Symbol from R215 0805 Widerstand in Z:\Korschunov\Bachelorarbeit\Altium\Ausgangsstufe\Ausgangsstufe.SchDoc with 0805 Widerstand from Bauteile.SchLib
Replace Symbol from R216 0805 Widerstand in Z:\Korschunov\Bachelorarbeit\Altium\Ausgangsstufe\Ausgangsstufe.SchDoc with 0805 Widerstand from Bauteile.SchLib
Replace Symbol from R217 0805 Widerstand in Z:\Korschunov\Bachelorarbeit\Altium\Ausgangsstufe\Ausgangsstufe.SchDoc with 0805 Widerstand from Bauteile.SchLib
Replace Symbol from R218 0805 Widerstand in Z:\Korschunov\Bachelorarbeit\Altium\Ausgangsstufe\Ausgangsstufe.SchDoc with 0805 Widerstand from Bauteile.SchLib
Replace Symbol from R219 0805 Widerstand in Z:\Korschunov\Bachelorarbeit\Altium\Ausgangsstufe\Ausgangsstufe.SchDoc with 0805 Widerstand from Bauteile.SchLib
Replace Symbol from S7 Schalter Buchsenleiste in Z:\Korschunov\Bachelorarbeit\Altium\Ausgangsstufe\Ausgangsstufe.SchDoc with Schalter Buchsenleiste from Bauteile.SchLib
Replace Symbol from S8 Schalter Buchsenleiste in Z:\Korschunov\Bachelorarbeit\Altium\Ausgangsstufe\Ausgangsstufe.SchDoc with Schalter Buchsenleiste from Bauteile.SchLib
Replace Symbol from S9 Schalter Buchsenleiste in Z:\Korschunov\Bachelorarbeit\Altium\Ausgangsstufe\Ausgangsstufe.SchDoc with Schalter Buchsenleiste from Bauteile.SchLib
Replace Symbol from S10 Schalter Buchsenleiste in Z:\Korschunov\Bachelorarbeit\Altium\Ausgangsstufe\Ausgangsstufe.SchDoc with Schalter Buchsenleiste from Bauteile.SchLib
Replace Symbol from U22 SOIC OPA4134UA in Z:\Korschunov\Bachelorarbeit\Altium\Ausgangsstufe\Ausgangsstufe.SchDoc with SOIC OPA4134UA from Bauteile.SchLib
Replace Symbol from U22 SOIC OPA4134UA in Z:\Korschunov\Bachelorarbeit\Altium\Ausgangsstufe\Ausgangsstufe.SchDoc with SOIC OPA4134UA from Bauteile.SchLib
Replace Symbol from U22 SOIC OPA4134UA in Z:\Korschunov\Bachelorarbeit\Altium\Ausgangsstufe\Ausgangsstufe.SchDoc with SOIC OPA4134UA from Bauteile.SchLib
Replace Symbol from U22 SOIC OPA4134UA in Z:\Korschunov\Bachelorarbeit\Altium\Ausgangsstufe\Ausgangsstufe.SchDoc with SOIC OPA4134UA from Bauteile.SchLib
Replace Symbol from U23 SOIC OPA4134UA in Z:\Korschunov\Bachelorarbeit\Altium\Ausgangsstufe\Ausgangsstufe.SchDoc with SOIC OPA4134UA from Bauteile.SchLib
Replace Symbol from U23 SOIC OPA4134UA in Z:\Korschunov\Bachelorarbeit\Altium\Ausgangsstufe\Ausgangsstufe.SchDoc with SOIC OPA4134UA from Bauteile.SchLib
Replace Symbol from U23 SOIC OPA4134UA in Z:\Korschunov\Bachelorarbeit\Altium\Ausgangsstufe\Ausgangsstufe.SchDoc with SOIC OPA4134UA from Bauteile.SchLib
Replace Symbol from U23 SOIC OPA4134UA in Z:\Korschunov\Bachelorarbeit\Altium\Ausgangsstufe\Ausgangsstufe.SchDoc with SOIC OPA4134UA from Bauteile.SchLib
Replace Symbol from U24 SOIC OPA4134UA in Z:\Korschunov\Bachelorarbeit\Altium\Ausgangsstufe\Ausgangsstufe.SchDoc with SOIC OPA4134UA from Bauteile.SchLib
Replace Symbol from U24 SOIC OPA4134UA in Z:\Korschunov\Bachelorarbeit\Altium\Ausgangsstufe\Ausgangsstufe.SchDoc with SOIC OPA4134UA from Bauteile.SchLib
Replace Symbol from U24 SOIC OPA4134UA in Z:\Korschunov\Bachelorarbeit\Altium\Ausgangsstufe\Ausgangsstufe.SchDoc with SOIC OPA4134UA from Bauteile.SchLib
Replace Symbol from U24 SOIC OPA4134UA in Z:\Korschunov\Bachelorarbeit\Altium\Ausgangsstufe\Ausgangsstufe.SchDoc with SOIC OPA4134UA from Bauteile.SchLib
Replace Symbol from U25 SOIC OPA4134UA in Z:\Korschunov\Bachelorarbeit\Altium\Ausgangsstufe\Ausgangsstufe.SchDoc with SOIC OPA4134UA from Bauteile.SchLib
Replace Symbol from U25 SOIC OPA4134UA in Z:\Korschunov\Bachelorarbeit\Altium\Ausgangsstufe\Ausgangsstufe.SchDoc with SOIC OPA4134UA from Bauteile.SchLib
Replace Symbol from U25 SOIC OPA4134UA in Z:\Korschunov\Bachelorarbeit\Altium\Ausgangsstufe\Ausgangsstufe.SchDoc with SOIC OPA4134UA from Bauteile.SchLib
Replace Symbol from U25 SOIC OPA4134UA in Z:\Korschunov\Bachelorarbeit\Altium\Ausgangsstufe\Ausgangsstufe.SchDoc with SOIC OPA4134UA from Bauteile.SchLib
Replace Symbol from U26 SOIC OPA4134UA in Z:\Korschunov\Bachelorarbeit\Altium\Ausgangsstufe\Ausgangsstufe.SchDoc with SOIC OPA4134UA from Bauteile.SchLib
Replace Symbol from U26 SOIC OPA4134UA in Z:\Korschunov\Bachelorarbeit\Altium\Ausgangsstufe\Ausgangsstufe.SchDoc with SOIC OPA4134UA from Bauteile.SchLib
Replace Symbol from U26 SOIC OPA4134UA in Z:\Korschunov\Bachelorarbeit\Altium\Ausgangsstufe\Ausgangsstufe.SchDoc with SOIC OPA4134UA from Bauteile.SchLib
Replace Symbol from U26 SOIC OPA4134UA in Z:\Korschunov\Bachelorarbeit\Altium\Ausgangsstufe\Ausgangsstufe.SchDoc with SOIC OPA4134UA from Bauteile.SchLib
Replace Symbol from U27 SOIC OPA4134UA in Z:\Korschunov\Bachelorarbeit\Altium\Ausgangsstufe\Ausgangsstufe.SchDoc with SOIC OPA4134UA from Bauteile.SchLib
Replace Symbol from U27 SOIC OPA4134UA in Z:\Korschunov\Bachelorarbeit\Altium\Ausgangsstufe\Ausgangsstufe.SchDoc with SOIC OPA4134UA from Bauteile.SchLib
Replace Symbol from U27 SOIC OPA4134UA in Z:\Korschunov\Bachelorarbeit\Altium\Ausgangsstufe\Ausgangsstufe.SchDoc with SOIC OPA4134UA from Bauteile.SchLib
Replace Symbol from U27 SOIC OPA4134UA in Z:\Korschunov\Bachelorarbeit\Altium\Ausgangsstufe\Ausgangsstufe.SchDoc with SOIC OPA4134UA from Bauteile.SchLib
Replace Symbol from U28 SOIC OPA4134UA in Z:\Korschunov\Bachelorarbeit\Altium\Ausgangsstufe\Ausgangsstufe.SchDoc with SOIC OPA4134UA from Bauteile.SchLib
Replace Symbol from U28 SOIC OPA4134UA in Z:\Korschunov\Bachelorarbeit\Altium\Ausgangsstufe\Ausgangsstufe.SchDoc with SOIC OPA4134UA from Bauteile.SchLib
Replace Symbol from U28 SOIC OPA4134UA in Z:\Korschunov\Bachelorarbeit\Altium\Ausgangsstufe\Ausgangsstufe.SchDoc with SOIC OPA4134UA from Bauteile.SchLib
Replace Symbol from U28 SOIC OPA4134UA in Z:\Korschunov\Bachelorarbeit\Altium\Ausgangsstufe\Ausgangsstufe.SchDoc with SOIC OPA4134UA from Bauteile.SchLib
Replace Symbol from U29 SOIC OPA4134UA in Z:\Korschunov\Bachelorarbeit\Altium\Ausgangsstufe\Ausgangsstufe.SchDoc with SOIC OPA4134UA from Bauteile.SchLib
Replace Symbol from U29 SOIC OPA4134UA in Z:\Korschunov\Bachelorarbeit\Altium\Ausgangsstufe\Ausgangsstufe.SchDoc with SOIC OPA4134UA from Bauteile.SchLib
Replace Symbol from U29 SOIC OPA4134UA in Z:\Korschunov\Bachelorarbeit\Altium\Ausgangsstufe\Ausgangsstufe.SchDoc with SOIC OPA4134UA from Bauteile.SchLib
Replace Symbol from U29 SOIC OPA4134UA in Z:\Korschunov\Bachelorarbeit\Altium\Ausgangsstufe\Ausgangsstufe.SchDoc with SOIC OPA4134UA from Bauteile.SchLib
Replace Symbol from U30 SOIC OPA4134UA in Z:\Korschunov\Bachelorarbeit\Altium\Ausgangsstufe\Ausgangsstufe.SchDoc with SOIC OPA4134UA from Bauteile.SchLib
Replace Symbol from U30 SOIC OPA4134UA in Z:\Korschunov\Bachelorarbeit\Altium\Ausgangsstufe\Ausgangsstufe.SchDoc with SOIC OPA4134UA from Bauteile.SchLib
Replace Symbol from U30 SOIC OPA4134UA in Z:\Korschunov\Bachelorarbeit\Altium\Ausgangsstufe\Ausgangsstufe.SchDoc with SOIC OPA4134UA from Bauteile.SchLib
Replace Symbol from U30 SOIC OPA4134UA in Z:\Korschunov\Bachelorarbeit\Altium\Ausgangsstufe\Ausgangsstufe.SchDoc with SOIC OPA4134UA from Bauteile.SchLib
