Removed Pin From Net: NetName=NetC125_1 Pin=U28-5
Removed Pin From Net: NetName=NetR156_2 Pin=U28-6
Removed Pin From Net: NetName=NetR153_1 Pin=U28-7
Removed Pin From Net: NetName=NetR169_1 Pin=U28-8
Removed Pin From Net: NetName=NetR170_2 Pin=U28-9
Removed Pin From Net: NetName=NetC125_1 Pin=U28-10
Removed Pin From Net: NetName=NetR185_2 Pin=U28-13
Removed Pin From Net: NetName=NetR179_1 Pin=U28-14
Removed Pin From Net: NetName=Masse Pin=U28A-10
Removed Pin From Net: NetName=NetC132_1 Pin=U29-1
Removed Pin From Net: NetName=NetR152_1 Pin=U29-2
Removed Pin From Net: NetName=NetR157_2 Pin=U29-3
Removed Pin From Net: NetName=+18V Pin=U29-4
Removed Pin From Net: NetName=NetR172_2 Pin=U29-5
Removed Pin From Net: NetName=NetR168_1 Pin=U29-6
Removed Pin From Net: NetName=NetC140_1 Pin=U29-7
Removed Pin From Net: NetName=NetC149_1 Pin=U29-8
Removed Pin From Net: NetName=NetR205_1 Pin=U29-9
Removed Pin From Net: NetName=NetR202_2 Pin=U29-10
Removed Pin From Net: NetName=-18V Pin=U29-11
Removed Pin From Net: NetName=NetR189_2 Pin=U29-12
Removed Pin From Net: NetName=NetR178_1 Pin=U29-13
Removed Pin From Net: NetName=NetC143_1 Pin=U29-14
Change Component Designator: OldDesignator=U28A NewDesignator=U29
Change component parameters: Designator = "U28A" ("U29"); Footprint = "DIP14 IC Socket"; UniqueID = "\TIPIKNBU" ("\TIPIKNBU")
Change component parameters (AddParameter): Name = "BW @ Acl(MHz)"; Value = ""; VariantName = "[No Variations]"
Change component parameters (AddParameter): Name = "ClassName"; Value = "VU_Meter"; VariantName = "[No Variations]"
Change component parameters (AddParameter): Name = "Code_JEDEC"; Value = "MS-012"; VariantName = "[No Variations]"
Change component parameters (AddParameter): Name = "ComponentLink1Description"; Value = "Manufacturer URL"; VariantName = "[No Variations]"
Change component parameters (AddParameter): Name = "ComponentLink1URL"; Value = "http://www.ti.com/"; VariantName = "[No Variations]"
Change component parameters (AddParameter): Name = "ComponentLink2Description"; Value = "Datasheet"; VariantName = "[No Variations]"
Change component parameters (AddParameter): Name = "ComponentLink2URL"; Value = "http://www.ti.com/general/docs/lit/getliterature.tsp?genericPartNumber=OPA4134&fileType=pdf"; VariantName = "[No Variations]"
Change component parameters (AddParameter): Name = "ComponentLink3Description"; Value = "Package Specification"; VariantName = "[No Variations]"
Change component parameters (AddParameter): Name = "ComponentLink3URL"; Value = "http://www.ti.com/lit/ml/mpds177g/mpds177g.pdf"; VariantName = "[No Variations]"
Change component parameters (AddParameter): Name = "DatasheetVersion"; Value = "SBOS058"; VariantName = "[No Variations]"
Change component parameters (AddParameter): Name = "Eco-Plan"; Value = "Green (RoHS & no Sb/Br)"; VariantName = "[No Variations]"
Change component parameters (AddParameter): Name = "GBW(Typ)(MHz)"; Value = "8"; VariantName = "[No Variations]"
Change component parameters (AddParameter): Name = "Iq per channel(Max)(mA)"; Value = "5"; VariantName = "[No Variations]"
Change component parameters (AddParameter): Name = "Manufacturer"; Value = "Texas Instruments"; VariantName = "[No Variations]"
Change component parameters (AddParameter): Name = "Mounting Technology"; Value = "Surface Mount"; VariantName = "[No Variations]"
Change component parameters (AddParameter): Name = "Number of Channels"; Value = "4"; VariantName = "[No Variations]"
Change component parameters (AddParameter): Name = "PackageDescription"; Value = "14-Pin Plastic Small Outline, Body 8.65 x 3.9 mm, Pitch 1.27 mm"; VariantName = "[No Variations]"
Change component parameters (AddParameter): Name = "PackageReference"; Value = "D0014A"; VariantName = "[No Variations]"
Change component parameters (AddParameter): Name = "PackageVersion"; Value = "4040047-5/M, 06/2011"; VariantName = "[No Variations]"
Change component parameters (AddParameter): Name = "PartNumber"; Value = "OPA4134UA"; VariantName = "[No Variations]"
Change component parameters (AddParameter): Name = "SubFamily"; Value = "Audio Operational Amplifier"; VariantName = "[No Variations]"
Change component parameters (AddParameter): Name = "Vmax(V)"; Value = "36"; VariantName = "[No Variations]"
Change component parameters (AddParameter): Name = "Vmin(V)"; Value = "5"; VariantName = "[No Variations]"
Change component parameters (AddParameter): Name = "Vn at Flatband(Typ)(nV/rtHz)"; Value = "8"; VariantName = "[No Variations]"
Added Pin To Net: NetName=NetR153_1 Pin=U28-1
Added Pin To Net: NetName=NetR156_2 Pin=U28-2
Added Pin To Net: NetName=NetC125_1 Pin=U28-3
Added Pin To Net: NetName=NetR157_2 Pin=U28-5
Added Pin To Net: NetName=NetR152_1 Pin=U28-6
Added Pin To Net: NetName=NetC132_1 Pin=U28-7
Added Pin To Net: NetName=NetC140_1 Pin=U28-8
Added Pin To Net: NetName=NetR168_1 Pin=U28-9
Added Pin To Net: NetName=NetR172_2 Pin=U28-10
Added Pin To Net: NetName=NetR170_2 Pin=U28-13
Added Pin To Net: NetName=NetR169_1 Pin=U28-14
Added Pin To Net: NetName=NetR179_1 Pin=U29-1
Added Pin To Net: NetName=NetR185_2 Pin=U29-2
Added Pin To Net: NetName=NetC125_1 Pin=U29-3
Added Pin To Net: NetName=NetR189_2 Pin=U29-5
Added Pin To Net: NetName=NetR178_1 Pin=U29-6
Added Pin To Net: NetName=NetC143_1 Pin=U29-7
Added Pin To Net: NetName=NetC149_1 Pin=U29-8
Added Pin To Net: NetName=NetR205_1 Pin=U29-9
Added Pin To Net: NetName=NetR202_2 Pin=U29-10
Added Pin To Net: NetName=Masse Pin=U29-12
Added Pin To Net: NetName=NetU29_13 Pin=U29-13
Added Pin To Net: NetName=NetU29_13 Pin=U29-14
Added Net: Name=NetU29_13
Added Room: Name=AUX_Return
Added Room: Name=KST/AUX
Added Room: Name=VU_Meter
