Change Component Designator: OldDesignator=C117 NewDesignator=C1
Change Component Designator: OldDesignator=C118 NewDesignator=C3
Change Component Designator: OldDesignator=C120 NewDesignator=C2
Change Component Designator: OldDesignator=C121 NewDesignator=C4
Change Component Designator: OldDesignator=C122 NewDesignator=C5
Change Component Designator: OldDesignator=C123 NewDesignator=C6
Change Component Designator: OldDesignator=C124 NewDesignator=C7
Change Component Designator: OldDesignator=C125 NewDesignator=C11
Change Component Designator: OldDesignator=C126 NewDesignator=C8
Change Component Designator: OldDesignator=C127 NewDesignator=C9
Change Component Designator: OldDesignator=C128 NewDesignator=C10
Change Component Designator: OldDesignator=C129 NewDesignator=C12
Change Component Designator: OldDesignator=C130 NewDesignator=C13
Change Component Designator: OldDesignator=C131 NewDesignator=C14
Change Component Designator: OldDesignator=C132 NewDesignator=C15
Change Component Designator: OldDesignator=C133 NewDesignator=C16
Change Component Designator: OldDesignator=C134 NewDesignator=C17
Change Component Designator: OldDesignator=C135 NewDesignator=C18
Change Component Designator: OldDesignator=C136 NewDesignator=C19
Change Component Designator: OldDesignator=C137 NewDesignator=C20
Change Component Designator: OldDesignator=C138 NewDesignator=C21
Change Component Designator: OldDesignator=C139 NewDesignator=C22
Change Component Designator: OldDesignator=C140 NewDesignator=C23
Change Component Designator: OldDesignator=C141 NewDesignator=C24
Change Component Designator: OldDesignator=C142 NewDesignator=C25
Change Component Designator: OldDesignator=C143 NewDesignator=C26
Change Component Designator: OldDesignator=C144 NewDesignator=C27
Change Component Designator: OldDesignator=C145 NewDesignator=C28
Change Component Designator: OldDesignator=C146 NewDesignator=C29
Change Component Designator: OldDesignator=C147 NewDesignator=C30
Change Component Designator: OldDesignator=C148 NewDesignator=C31
Change Component Designator: OldDesignator=C149 NewDesignator=C32
Change Component Designator: OldDesignator=C150 NewDesignator=C33
Change Component Designator: OldDesignator=C151 NewDesignator=C36
Change Component Designator: OldDesignator=C152 NewDesignator=C34
Change Component Designator: OldDesignator=C153 NewDesignator=C38
Change Component Designator: OldDesignator=C154 NewDesignator=C39
Change Component Designator: OldDesignator=C155 NewDesignator=C40
Change Component Designator: OldDesignator=C156 NewDesignator=C41
Change Component Designator: OldDesignator=C157 NewDesignator=C42
Change Component Designator: OldDesignator=C158 NewDesignator=C43
Change Component Designator: OldDesignator=C159 NewDesignator=C44
Change Component Designator: OldDesignator=C160 NewDesignator=C45
Change Component Designator: OldDesignator=C161 NewDesignator=C46
Change Component Designator: OldDesignator=C162 NewDesignator=C47
Change Component Designator: OldDesignator=C163 NewDesignator=C35
Change Component Designator: OldDesignator=C164 NewDesignator=C37
Change Component Designator: OldDesignator=C165 NewDesignator=C49
Change Component Designator: OldDesignator=C166 NewDesignator=C50
Change Component Designator: OldDesignator=C167 NewDesignator=C51
Change Component Designator: OldDesignator=C168 NewDesignator=C52
Change Component Designator: OldDesignator=C169 NewDesignator=C53
Change Component Designator: OldDesignator=C170 NewDesignator=C54
Change Component Designator: OldDesignator=C171 NewDesignator=C55
Change Component Designator: OldDesignator=C172 NewDesignator=C56
Change Component Designator: OldDesignator=C173 NewDesignator=C48
Change Component Designator: OldDesignator=C174 NewDesignator=C57
Change Component Designator: OldDesignator=J6 NewDesignator=J1
Change Component Designator: OldDesignator=J7 NewDesignator=J2
Change Component Designator: OldDesignator=J8 NewDesignator=J3
Change Component Designator: OldDesignator=J9 NewDesignator=J4
Change Component Designator: OldDesignator=J10 NewDesignator=J5
Change Component Designator: OldDesignator=J11 NewDesignator=J6
Change Component Designator: OldDesignator=J12 NewDesignator=J7
Change Component Designator: OldDesignator=J13 NewDesignator=J8
Change Component Designator: OldDesignator=J14 NewDesignator=J9
Change Component Designator: OldDesignator=J15 NewDesignator=J10
Change Component Designator: OldDesignator=J16 NewDesignator=J11
Change Component Designator: OldDesignator=J17 NewDesignator=J12
Change Component Designator: OldDesignator=J18 NewDesignator=J13
Change Component Designator: OldDesignator=J19 NewDesignator=J14
Change Component Designator: OldDesignator=R109 NewDesignator=R1
Change Component Designator: OldDesignator=R110 NewDesignator=R2
Change Component Designator: OldDesignator=R111 NewDesignator=R3
Change Component Designator: OldDesignator=R112 NewDesignator=R4
Change Component Designator: OldDesignator=R114 NewDesignator=R5
Change Component Designator: OldDesignator=R115 NewDesignator=R6
Change Component Designator: OldDesignator=R116 NewDesignator=R7
Change Component Designator: OldDesignator=R117 NewDesignator=R8
Change Component Designator: OldDesignator=R118 NewDesignator=R9
Change Component Designator: OldDesignator=R119 NewDesignator=R19
Change Component Designator: OldDesignator=R120 NewDesignator=R20
Change Component Designator: OldDesignator=R121 NewDesignator=R10
Change Component Designator: OldDesignator=R123 NewDesignator=R11
Change Component Designator: OldDesignator=R124 NewDesignator=R12
Change Component Designator: OldDesignator=R126 NewDesignator=R13
Change Component Designator: OldDesignator=R128 NewDesignator=R14
Change Component Designator: OldDesignator=R129 NewDesignator=R15
Change Component Designator: OldDesignator=R130 NewDesignator=R16
Change Component Designator: OldDesignator=R131 NewDesignator=R17
Change Component Designator: OldDesignator=R132 NewDesignator=R18
Change Component Designator: OldDesignator=R133 NewDesignator=R21
Change Component Designator: OldDesignator=R134 NewDesignator=R22
Change Component Designator: OldDesignator=R135 NewDesignator=R23
Change Component Designator: OldDesignator=R136 NewDesignator=R24
Change Component Designator: OldDesignator=R137 NewDesignator=R25
Change Component Designator: OldDesignator=R138 NewDesignator=R26
Change Component Designator: OldDesignator=R139 NewDesignator=R27
Change Component Designator: OldDesignator=R140 NewDesignator=R28
Change Component Designator: OldDesignator=R141 NewDesignator=R29
Change Component Designator: OldDesignator=R142 NewDesignator=R30
Change Component Designator: OldDesignator=R143 NewDesignator=R31
Change Component Designator: OldDesignator=R144 NewDesignator=R32
Change Component Designator: OldDesignator=R145 NewDesignator=R33
Change Component Designator: OldDesignator=R146 NewDesignator=R34
Change Component Designator: OldDesignator=R147 NewDesignator=R36
Change Component Designator: OldDesignator=R148 NewDesignator=R35
Change Component Designator: OldDesignator=R149 NewDesignator=R37
Change Component Designator: OldDesignator=R150 NewDesignator=R38
Change Component Designator: OldDesignator=R151 NewDesignator=R39
Change Component Designator: OldDesignator=R152 NewDesignator=R40
Change Component Designator: OldDesignator=R153 NewDesignator=R41
Change Component Designator: OldDesignator=R154 NewDesignator=R42
Change Component Designator: OldDesignator=R155 NewDesignator=R43
Change Component Designator: OldDesignator=R156 NewDesignator=R44
Change Component Designator: OldDesignator=R157 NewDesignator=R45
Change Component Designator: OldDesignator=R158 NewDesignator=R46
Change Component Designator: OldDesignator=R159 NewDesignator=R47
Change Component Designator: OldDesignator=R160 NewDesignator=R48
Change Component Designator: OldDesignator=R161 NewDesignator=R49
Change Component Designator: OldDesignator=R162 NewDesignator=R50
Change Component Designator: OldDesignator=R163 NewDesignator=R52
Change Component Designator: OldDesignator=R164 NewDesignator=R51
Change Component Designator: OldDesignator=R165 NewDesignator=R53
Change Component Designator: OldDesignator=R166 NewDesignator=R54
Change Component Designator: OldDesignator=R167 NewDesignator=R55
Change Component Designator: OldDesignator=R168 NewDesignator=R56
Change Component Designator: OldDesignator=R169 NewDesignator=R57
Change Component Designator: OldDesignator=R170 NewDesignator=R58
Change Component Designator: OldDesignator=R171 NewDesignator=R60
Change Component Designator: OldDesignator=R172 NewDesignator=R59
Change Component Designator: OldDesignator=R173 NewDesignator=R61
Change Component Designator: OldDesignator=R174 NewDesignator=R62
Change Component Designator: OldDesignator=R175 NewDesignator=R63
Change Component Designator: OldDesignator=R176 NewDesignator=R64
Change Component Designator: OldDesignator=R177 NewDesignator=R65
Change Component Designator: OldDesignator=R178 NewDesignator=R66
Change Component Designator: OldDesignator=R179 NewDesignator=R67
Change Component Designator: OldDesignator=R180 NewDesignator=R69
Change Component Designator: OldDesignator=R181 NewDesignator=R70
Change Component Designator: OldDesignator=R182 NewDesignator=R68
Change Component Designator: OldDesignator=R183 NewDesignator=R71
Change Component Designator: OldDesignator=R184 NewDesignator=R72
Change Component Designator: OldDesignator=R185 NewDesignator=R73
Change Component Designator: OldDesignator=R186 NewDesignator=R74
Change Component Designator: OldDesignator=R187 NewDesignator=R75
Change Component Designator: OldDesignator=R188 NewDesignator=R76
Change Component Designator: OldDesignator=R189 NewDesignator=R77
Change Component Designator: OldDesignator=R190 NewDesignator=R78
Change Component Designator: OldDesignator=R191 NewDesignator=R82
Change Component Designator: OldDesignator=R192 NewDesignator=R79
Change Component Designator: OldDesignator=R193 NewDesignator=R80
Change Component Designator: OldDesignator=R194 NewDesignator=R81
Change Component Designator: OldDesignator=R195 NewDesignator=R83
Change Component Designator: OldDesignator=R196 NewDesignator=R84
Change Component Designator: OldDesignator=R197 NewDesignator=R85
Change Component Designator: OldDesignator=R198 NewDesignator=R87
Change Component Designator: OldDesignator=R199 NewDesignator=R88
Change Component Designator: OldDesignator=R200 NewDesignator=R89
Change Component Designator: OldDesignator=R201 NewDesignator=R90
Change Component Designator: OldDesignator=R202 NewDesignator=R91
Change Component Designator: OldDesignator=R203 NewDesignator=R86
Change Component Designator: OldDesignator=R204 NewDesignator=R92
Change Component Designator: OldDesignator=R205 NewDesignator=R93
Change Component Designator: OldDesignator=R206 NewDesignator=R94
Change Component Designator: OldDesignator=R207 NewDesignator=R96
Change Component Designator: OldDesignator=R208 NewDesignator=R97
Change Component Designator: OldDesignator=R209 NewDesignator=R95
Change Component Designator: OldDesignator=R210 NewDesignator=R98
Change Component Designator: OldDesignator=R211 NewDesignator=R99
Change Component Designator: OldDesignator=R212 NewDesignator=R100
Change Component Designator: OldDesignator=R213 NewDesignator=R102
Change Component Designator: OldDesignator=R214 NewDesignator=R103
Change Component Designator: OldDesignator=R215 NewDesignator=R101
Change Component Designator: OldDesignator=R216 NewDesignator=R104
Change Component Designator: OldDesignator=R217 NewDesignator=R105
Change Component Designator: OldDesignator=R218 NewDesignator=R106
Change Component Designator: OldDesignator=R219 NewDesignator=R107
Change Component Designator: OldDesignator=S7 NewDesignator=S1
Change Component Designator: OldDesignator=S8 NewDesignator=S2
Change Component Designator: OldDesignator=S9 NewDesignator=S3
Change Component Designator: OldDesignator=S10 NewDesignator=S4
Change Component Description : Designator=D1 Old Description=WP710A10LGD LED Thru-Hole PCB Green T-1 3mm Green Lens 2 mA 568 nm 2 mcd Round New Description=WP710A10LGD LED Thru-Hole PCB Green T-1 3mm Green Lens 2 mA 568 nm 2 mcd Round | Kingbright WP710A10LGD
Change Net Name : Old Net Name=NetC120_1 New Net Name=NetC2_1
Change Net Name : Old Net Name=NetC121_1 New Net Name=NetC4_1
Change Net Name : Old Net Name=NetC121_2 New Net Name=NetC4_2
Change Net Name : Old Net Name=NetC122_1 New Net Name=NetC5_1
Change Net Name : Old Net Name=NetC123_1 New Net Name=NetC6_1
Change Net Name : Old Net Name=NetC123_2 New Net Name=NetC6_2
Change Net Name : Old Net Name=NetC124_1 New Net Name=NetC7_1
Change Net Name : Old Net Name=NetC124_2 New Net Name=NetC7_2
Change Net Name : Old Net Name=NetC125_1 New Net Name=NetC11_1
Change Net Name : Old Net Name=NetC125_2 New Net Name=NetC11_2
Change Net Name : Old Net Name=NetC128_1 New Net Name=NetC10_1
Change Net Name : Old Net Name=NetC129_1 New Net Name=NetC12_1
Change Net Name : Old Net Name=NetC129_2 New Net Name=NetC12_2
Change Net Name : Old Net Name=NetC130_1 New Net Name=NetC13_1
Change Net Name : Old Net Name=NetC131_1 New Net Name=NetC14_1
Change Net Name : Old Net Name=NetC131_2 New Net Name=NetC14_2
Change Net Name : Old Net Name=NetC132_1 New Net Name=NetC15_1
Change Net Name : Old Net Name=NetC133_1 New Net Name=NetC16_1
Change Net Name : Old Net Name=NetC133_2 New Net Name=NetC16_2
Change Net Name : Old Net Name=NetC134_1 New Net Name=NetC17_1
Change Net Name : Old Net Name=NetC134_2 New Net Name=NetC17_2
Change Net Name : Old Net Name=NetC135_1 New Net Name=NetC18_1
Change Net Name : Old Net Name=NetC135_2 New Net Name=NetC18_2
Change Net Name : Old Net Name=NetC136_1 New Net Name=NetC19_1
Change Net Name : Old Net Name=NetC136_2 New Net Name=NetC19_2
Change Net Name : Old Net Name=NetC137_1 New Net Name=NetC20_1
Change Net Name : Old Net Name=NetC138_1 New Net Name=NetC21_1
Change Net Name : Old Net Name=NetC139_1 New Net Name=NetC22_1
Change Net Name : Old Net Name=NetC140_1 New Net Name=NetC23_1
Change Net Name : Old Net Name=NetC141_1 New Net Name=NetC24_1
Change Net Name : Old Net Name=NetC142_1 New Net Name=NetC25_1
Change Net Name : Old Net Name=NetC143_1 New Net Name=NetC26_1
Change Net Name : Old Net Name=NetC144_1 New Net Name=NetC27_1
Change Net Name : Old Net Name=NetC144_2 New Net Name=NetC27_2
Change Net Name : Old Net Name=NetC145_1 New Net Name=NetC28_1
Change Net Name : Old Net Name=NetC146_2 New Net Name=NetC29_2
Change Net Name : Old Net Name=NetC147_1 New Net Name=NetC30_1
Change Net Name : Old Net Name=NetC147_2 New Net Name=NetC30_2
Change Net Name : Old Net Name=NetC148_1 New Net Name=NetC31_1
Change Net Name : Old Net Name=NetC148_2 New Net Name=NetC31_2
Change Net Name : Old Net Name=NetC149_1 New Net Name=NetC32_1
Change Net Name : Old Net Name=NetC149_2 New Net Name=NetC32_2
Change Net Name : Old Net Name=NetC150_2 New Net Name=NetC33_2
Change Net Name : Old Net Name=NetC151_2 New Net Name=NetC36_2
Change Net Name : Old Net Name=NetC152_1 New Net Name=NetC34_1
Change Net Name : Old Net Name=NetC152_2 New Net Name=NetC34_2
Change Net Name : Old Net Name=NetC163_1 New Net Name=NetC35_1
Change Net Name : Old Net Name=NetC163_2 New Net Name=NetC35_2
Change Net Name : Old Net Name=NetC164_1 New Net Name=NetC37_1
Change Net Name : Old Net Name=NetC173_1 New Net Name=NetC48_1
Change Net Name : Old Net Name=NetC174_1 New Net Name=NetC57_1
Change Net Name : Old Net Name=NetC174_2 New Net Name=NetC57_2
Change Net Name : Old Net Name=NetR109_1 New Net Name=NetR1_1
Change Net Name : Old Net Name=NetR110_1 New Net Name=NetR2_1
Change Net Name : Old Net Name=NetR111_3 New Net Name=NetR3_3
Change Net Name : Old Net Name=NetR112_1 New Net Name=NetR4_1
Change Net Name : Old Net Name=NetR114_1 New Net Name=NetR5_1
Change Net Name : Old Net Name=NetR115_3 New Net Name=NetR6_3
Change Net Name : Old Net Name=NetR119_1 New Net Name=NetR19_1
Change Net Name : Old Net Name=NetR131_1 New Net Name=NetR17_1
Change Net Name : Old Net Name=NetR131_2 New Net Name=NetR17_2
Change Net Name : Old Net Name=NetR133_1 New Net Name=NetR21_1
Change Net Name : Old Net Name=NetR134_1 New Net Name=NetR22_1
Change Net Name : Old Net Name=NetR136_2 New Net Name=NetR24_2
Change Net Name : Old Net Name=NetR137_1 New Net Name=NetR25_1
Change Net Name : Old Net Name=NetR138_1 New Net Name=NetR26_1
Change Net Name : Old Net Name=NetR139_3 New Net Name=NetR27_3
Change Net Name : Old Net Name=NetR140_1 New Net Name=NetR28_1
Change Net Name : Old Net Name=NetR141_3 New Net Name=NetR29_3
Change Net Name : Old Net Name=NetR152_1 New Net Name=NetR40_1
Change Net Name : Old Net Name=NetR153_1 New Net Name=NetR41_1
Change Net Name : Old Net Name=NetR156_1 New Net Name=NetR44_1
Change Net Name : Old Net Name=NetR157_2 New Net Name=NetR45_2
Change Net Name : Old Net Name=NetR168_1 New Net Name=NetR56_1
Change Net Name : Old Net Name=NetR169_1 New Net Name=NetR57_1
Change Net Name : Old Net Name=NetR170_2 New Net Name=NetR58_2
Change Net Name : Old Net Name=NetR172_2 New Net Name=NetR59_2
Change Net Name : Old Net Name=NetR178_1 New Net Name=NetR66_1
Change Net Name : Old Net Name=NetR179_1 New Net Name=NetR67_1
Change Net Name : Old Net Name=NetR180_2 New Net Name=NetR69_2
Change Net Name : Old Net Name=NetR185_1 New Net Name=NetR73_1
Change Net Name : Old Net Name=NetR189_2 New Net Name=NetR77_2
Change Net Name : Old Net Name=NetR197_1 New Net Name=NetR85_1
Change Net Name : Old Net Name=NetR202_2 New Net Name=NetR91_2
Change Net Name : Old Net Name=NetR202_3 New Net Name=NetR91_3
Change Net Name : Old Net Name=NetR205_1 New Net Name=NetR93_1
Added Room: Name=AUX_Return
Added Room: Name=KST/AUX
Added Room: Name=VU_Meter
