Removed Pin From Net: NetName=NetR88_1 Pin=U12-1
Removed Pin From Net: NetName=NetR93_2 Pin=U12-2
Removed Pin From Net: NetName=KST_1_1 / Line_Aux Pin=U12-3
Removed Pin From Net: NetName=NetR97_2 Pin=U12-5
Removed Pin From Net: NetName=NetR88_2 Pin=U12-6
Removed Pin From Net: NetName=NetC90_1 Pin=U12-7
Removed Pin From Net: NetName=Höhen_In Pin=U12-8
Removed Pin From Net: NetName=NetR90_2 Pin=U12-9
Removed Pin From Net: NetName=Masse Pin=U12-10
Removed Pin From Net: NetName=DP_26A Pin=U12-12
Removed Pin From Net: NetName=DP_25W Pin=U12-13
Removed Pin From Net: NetName=DP_25W Pin=U12-14
Removed Pin From Net: NetName=DP_27W Pin=U13-1
Removed Pin From Net: NetName=DP_27W Pin=U13-2
Removed Pin From Net: NetName=DP_28A Pin=U13-3
Removed Pin From Net: NetName=NetC4_2 Pin=U13-5
Removed Pin From Net: NetName=NetC83_1 Pin=U13-6
Removed Pin From Net: NetName=NetC83_1 Pin=U13-7
Removed Pin From Net: NetName=DP_31A Pin=U13-8
Removed Pin From Net: NetName=DP_31A Pin=U13-9
Removed Pin From Net: NetName=DP_30W Pin=U13-10
Removed Pin From Net: NetName=DP_32W Pin=U13-12
Removed Pin From Net: NetName=NetC76_2 Pin=U13-13
Removed Pin From Net: NetName=NetC76_2 Pin=U13-14
Added Pin To Net: NetName=NetC83_1 Pin=U12-1
Added Pin To Net: NetName=NetC83_1 Pin=U12-2
Added Pin To Net: NetName=NetC4_2 Pin=U12-3
Added Pin To Net: NetName=Masse Pin=U12-5
Added Pin To Net: NetName=NetR90_2 Pin=U12-6
Added Pin To Net: NetName=Höhen_In Pin=U12-7
Added Pin To Net: NetName=DP_25W Pin=U12-8
Added Pin To Net: NetName=DP_25W Pin=U12-9
Added Pin To Net: NetName=DP_26A Pin=U12-10
Added Pin To Net: NetName=DP_28A Pin=U12-12
Added Pin To Net: NetName=DP_27W Pin=U12-13
Added Pin To Net: NetName=DP_27W Pin=U12-14
Added Pin To Net: NetName=DP_31A Pin=U13-1
Added Pin To Net: NetName=DP_31A Pin=U13-2
Added Pin To Net: NetName=DP_30W Pin=U13-3
Added Pin To Net: NetName=DP_32W Pin=U13-5
Added Pin To Net: NetName=NetC76_2 Pin=U13-6
Added Pin To Net: NetName=NetC76_2 Pin=U13-7
Added Pin To Net: NetName=NetR88_1 Pin=U13-8
Added Pin To Net: NetName=NetR93_2 Pin=U13-9
Added Pin To Net: NetName=KST_1_1 / Line_Aux Pin=U13-10
Added Pin To Net: NetName=NetR97_2 Pin=U13-12
Added Pin To Net: NetName=NetR88_2 Pin=U13-13
Added Pin To Net: NetName=NetC90_1 Pin=U13-14
Added Room: Name=Frequenzweiche
