Change Component Designator: Old Designator=C1 New Designator=C4
Change Component Designator: Old Designator=C2 New Designator=C15
Change Component Designator: Old Designator=C3 New Designator=C27
Change Component Designator: Old Designator=C4 New Designator=C38
Change Component Designator: Old Designator=C37 New Designator=C2
Change Component Designator: Old Designator=C38 New Designator=C1
Change Component Designator: Old Designator=C39 New Designator=C3
Change Component Designator: Old Designator=C42 New Designator=C5
Change Component Designator: Old Designator=C43 New Designator=C6
Change Component Designator: Old Designator=C44 New Designator=C7
Change Component Designator: Old Designator=C45 New Designator=C8
Change Component Designator: Old Designator=C46 New Designator=C9
Change Component Designator: Old Designator=C47 New Designator=C10
Change Component Designator: Old Designator=C48 New Designator=C11
Change Component Designator: Old Designator=C50 New Designator=C12
Change Component Designator: Old Designator=C51 New Designator=C13
Change Component Designator: Old Designator=C52 New Designator=C14
Change Component Designator: Old Designator=C55 New Designator=C16
Change Component Designator: Old Designator=C56 New Designator=C17
Change Component Designator: Old Designator=C57 New Designator=C18
Change Component Designator: Old Designator=C58 New Designator=C19
Change Component Designator: Old Designator=C59 New Designator=C20
Change Component Designator: Old Designator=C60 New Designator=C21
Change Component Designator: Old Designator=C61 New Designator=C22
Change Component Designator: Old Designator=C62 New Designator=C23
Change Component Designator: Old Designator=C63 New Designator=C24
Change Component Designator: Old Designator=C64 New Designator=C25
Change Component Designator: Old Designator=C65 New Designator=C26
Change Component Designator: Old Designator=C69 New Designator=C28
Change Component Designator: Old Designator=C70 New Designator=C29
Change Component Designator: Old Designator=C71 New Designator=C30
Change Component Designator: Old Designator=C72 New Designator=C31
Change Component Designator: Old Designator=C73 New Designator=C32
Change Component Designator: Old Designator=C74 New Designator=C33
Change Component Designator: Old Designator=C75 New Designator=C34
Change Component Designator: Old Designator=C76 New Designator=C35
Change Component Designator: Old Designator=C77 New Designator=C36
Change Component Designator: Old Designator=C78 New Designator=C37
Change Component Designator: Old Designator=C81 New Designator=C39
Change Component Designator: Old Designator=C82 New Designator=C40
Change Component Designator: Old Designator=C83 New Designator=C41
Change Component Designator: Old Designator=C84 New Designator=C42
Change Component Designator: Old Designator=C85 New Designator=C43
Change Component Designator: Old Designator=C86 New Designator=C44
Change Component Designator: Old Designator=C87 New Designator=C46
Change Component Designator: Old Designator=C88 New Designator=C45
Change Component Designator: Old Designator=C90 New Designator=C47
Change Component Designator: Old Designator=C92 New Designator=C48
Change Component Designator: Old Designator=C93 New Designator=C49
Change Component Designator: Old Designator=C94 New Designator=C50
Change Component Designator: Old Designator=C95 New Designator=C51
Change Component Designator: Old Designator=C96 New Designator=C52
Change Component Designator: Old Designator=C97 New Designator=C53
Change Component Designator: Old Designator=C98 New Designator=C54
Change Component Designator: Old Designator=C99 New Designator=C55
Change Component Designator: Old Designator=C100 New Designator=C56
Change Component Designator: Old Designator=C101 New Designator=C57
Change Component Designator: Old Designator=C102 New Designator=C58
Change Component Designator: Old Designator=C103 New Designator=C59
Change Component Designator: Old Designator=C104 New Designator=C60
Change Component Designator: Old Designator=C105 New Designator=C61
Change Component Designator: Old Designator=C106 New Designator=C62
Change Component Designator: Old Designator=C107 New Designator=C63
Change Component Designator: Old Designator=C108 New Designator=C64
Change Component Designator: Old Designator=C109 New Designator=C65
Change Component Designator: Old Designator=C110 New Designator=C66
Change Component Designator: Old Designator=C111 New Designator=C67
Change Component Designator: Old Designator=C112 New Designator=C68
Change Component Designator: Old Designator=C113 New Designator=C69
Change Component Designator: Old Designator=C114 New Designator=C70
Change Component Designator: Old Designator=C115 New Designator=C71
Change Component Designator: Old Designator=C116 New Designator=C72
Change Component Designator: Old Designator=J5 New Designator=J1
Change Component Designator: Old Designator=R1 New Designator=R4
Change Component Designator: Old Designator=R2 New Designator=R10
Change Component Designator: Old Designator=R3 New Designator=R21
Change Component Designator: Old Designator=R4 New Designator=R31
Change Component Designator: Old Designator=R52 New Designator=R1
Change Component Designator: Old Designator=R53 New Designator=R2
Change Component Designator: Old Designator=R54 New Designator=R3
Change Component Designator: Old Designator=R55 New Designator=R5
Change Component Designator: Old Designator=R56 New Designator=R6
Change Component Designator: Old Designator=R58 New Designator=R7
Change Component Designator: Old Designator=R59 New Designator=R8
Change Component Designator: Old Designator=R60 New Designator=R9
Change Component Designator: Old Designator=R61 New Designator=R11
Change Component Designator: Old Designator=R62 New Designator=R12
Change Component Designator: Old Designator=R63 New Designator=R13
Change Component Designator: Old Designator=R64 New Designator=R15
Change Component Designator: Old Designator=R65 New Designator=R14
Change Component Designator: Old Designator=R66 New Designator=R16
Change Component Designator: Old Designator=R67 New Designator=R18
Change Component Designator: Old Designator=R68 New Designator=R17
Change Component Designator: Old Designator=R69 New Designator=R19
Change Component Designator: Old Designator=R70 New Designator=R20
Change Component Designator: Old Designator=R71 New Designator=R23
Change Component Designator: Old Designator=R73 New Designator=R22
Change Component Designator: Old Designator=R74 New Designator=R24
Change Component Designator: Old Designator=R75 New Designator=R25
Change Component Designator: Old Designator=R76 New Designator=R26
Change Component Designator: Old Designator=R77 New Designator=R28
Change Component Designator: Old Designator=R78 New Designator=R27
Change Component Designator: Old Designator=R79 New Designator=R29
Change Component Designator: Old Designator=R80 New Designator=R30
Change Component Designator: Old Designator=R81 New Designator=R32
Change Component Designator: Old Designator=R82 New Designator=R34
Change Component Designator: Old Designator=R83 New Designator=R33
Change Component Designator: Old Designator=R84 New Designator=R35
Change Component Designator: Old Designator=R86 New Designator=R36
Change Component Designator: Old Designator=R87 New Designator=R37
Change Component Designator: Old Designator=R88 New Designator=R38
Change Component Designator: Old Designator=R89 New Designator=R39
Change Component Designator: Old Designator=R90 New Designator=R41
Change Component Designator: Old Designator=R91 New Designator=R40
Change Component Designator: Old Designator=R92 New Designator=R42
Change Component Designator: Old Designator=R93 New Designator=R44
Change Component Designator: Old Designator=R94 New Designator=R43
Change Component Designator: Old Designator=R95 New Designator=R45
Change Component Designator: Old Designator=R97 New Designator=R46
Change Component Designator: Old Designator=R102 New Designator=R47
Change Component Designator: Old Designator=S2 New Designator=S1
Change Component Designator: Old Designator=S3 New Designator=S2
Change Component Designator: Old Designator=S4 New Designator=S3
Change Component Designator: Old Designator=S5 New Designator=S4
Change Component Designator: Old Designator=TP1 New Designator=TP2
Change Component Designator: Old Designator=TP2 New Designator=TP3
Change Component Designator: Old Designator=TP3 New Designator=TP1
Change Component Designator: Old Designator=TP4 New Designator=TP6
Change Component Designator: Old Designator=TP6 New Designator=TP4
Change Component Designator: Old Designator=TP7 New Designator=TP8
Change Component Designator: Old Designator=TP8 New Designator=TP9
Change Component Designator: Old Designator=TP9 New Designator=TP7
Change Component Designator: Old Designator=TP10 New Designator=TP11
Change Component Designator: Old Designator=TP11 New Designator=TP12
Change Component Designator: Old Designator=TP12 New Designator=TP10
