Removed Pin From Net: NetName=NetR62_1 Pin=U8-1
Removed Pin From Net: NetName=NetR67_2 Pin=U8-2
Removed Pin From Net: NetName=KST_1_1 / Line_Aux Pin=U8-3
Removed Pin From Net: NetName=Kick_In Pin=U8-8
Removed Pin From Net: NetName=NetR64_2 Pin=U8-9
Removed Pin From Net: NetName=Masse Pin=U8-10
Removed Pin From Net: NetName=DP_10B Pin=U8-12
Removed Pin From Net: NetName=DP_9W Pin=U8-13
Removed Pin From Net: NetName=DP_9W Pin=U8-14
Removed Pin From Net: NetName=DP_11W Pin=U9-8
Removed Pin From Net: NetName=DP_11W Pin=U9-9
Removed Pin From Net: NetName=DP_12B Pin=U9-10
Removed Pin From Net: NetName=NetC2_2 Pin=U9-12
Removed Pin From Net: NetName=NetC57_1 Pin=U9-13
Removed Pin From Net: NetName=NetC57_1 Pin=U9-14
Added Pin To Net: NetName=NetC57_1 Pin=U8-1
Added Pin To Net: NetName=NetC57_1 Pin=U8-2
Added Pin To Net: NetName=NetC2_2 Pin=U8-3
Added Pin To Net: NetName=DP_9W Pin=U8-8
Added Pin To Net: NetName=DP_9W Pin=U8-9
Added Pin To Net: NetName=DP_10B Pin=U8-10
Added Pin To Net: NetName=DP_12B Pin=U8-12
Added Pin To Net: NetName=DP_11W Pin=U8-13
Added Pin To Net: NetName=DP_11W Pin=U8-14
Added Pin To Net: NetName=Kick_In Pin=U9-8
Added Pin To Net: NetName=NetR64_2 Pin=U9-9
Added Pin To Net: NetName=Masse Pin=U9-10
Added Pin To Net: NetName=KST_1_1 / Line_Aux Pin=U9-12
Added Pin To Net: NetName=NetR67_2 Pin=U9-13
Added Pin To Net: NetName=NetR62_1 Pin=U9-14
Added Room: Name=Frequenzweiche
