Removed Pin From Net: NetName=DP_1A Pin=U6-8
Removed Pin From Net: NetName=DP_1A Pin=U6-9
Removed Pin From Net: NetName=DP_2W Pin=U6-10
Removed Pin From Net: NetName=DP_4W Pin=U6-12
Removed Pin From Net: NetName=DP_3A Pin=U6-13
Removed Pin From Net: NetName=DP_3A Pin=U6-14
Removed Pin From Net: NetName=NetC44_1 Pin=U7-1
Removed Pin From Net: NetName=NetC44_1 Pin=U7-2
Removed Pin From Net: NetName=NetC40_2 Pin=U7-3
Removed Pin From Net: NetName=DP_6A Pin=U7-5
Removed Pin From Net: NetName=DP_7W Pin=U7-6
Removed Pin From Net: NetName=DP_7W Pin=U7-7
Removed Pin From Net: NetName=NetC37_2 Pin=U7-8
Removed Pin From Net: NetName=NetC37_2 Pin=U7-9
Removed Pin From Net: NetName=DP_8A Pin=U7-10
Removed Pin From Net: NetName=Masse Pin=U7-12
Added Pin To Net: NetName=Masse Pin=U6-10
Added Pin To Net: NetName=DP_2W Pin=U6-12
Added Pin To Net: NetName=DP_1A Pin=U6-13
Added Pin To Net: NetName=DP_1A Pin=U6-14
Added Pin To Net: NetName=DP_3A Pin=U7-1
Added Pin To Net: NetName=DP_3A Pin=U7-2
Added Pin To Net: NetName=DP_4W Pin=U7-3
Added Pin To Net: NetName=NetC40_2 Pin=U7-5
Added Pin To Net: NetName=NetC44_1 Pin=U7-6
Added Pin To Net: NetName=NetC44_1 Pin=U7-7
Added Pin To Net: NetName=DP_7W Pin=U7-8
Added Pin To Net: NetName=DP_7W Pin=U7-9
Added Pin To Net: NetName=DP_6A Pin=U7-10
Added Pin To Net: NetName=DP_8A Pin=U7-12
Added Pin To Net: NetName=NetC37_2 Pin=U7-13
Added Pin To Net: NetName=NetC37_2 Pin=U7-14
Added Pin To Net: NetName=NetU6_8 Pin=U6-8
Added Pin To Net: NetName=NetU6_8 Pin=U6-9
Added Net: Name=NetU6_8
Added Room: Name=Frequenzweiche
