Removed Pin From Net: NetName=DP_9W Pin=U16-1
Removed Pin From Net: NetName=DP_9W Pin=U16-2
Removed Pin From Net: NetName=DP_9B Pin=U16-3
Removed Pin From Net: NetName=DP_10B Pin=U16-8
Removed Pin From Net: NetName=Masse Pin=U16-9
Removed Pin From Net: NetName=Masse Pin=U16-10
Removed Pin From Net: NetName=DP_13W Pin=U17-11
Removed Pin From Net: NetName=DP_13W Pin=U17-12
Removed Pin From Net: NetName=DP_13B Pin=U17-13
Removed Pin From Net: NetName=DP_13W Pin=U17-18
Removed Pin From Net: NetName=DP_14W Pin=U17-19
Removed Pin From Net: NetName=DP_14W Pin=U17-20
Added Pin To Net: NetName=DP_13W Pin=U16-1
Added Pin To Net: NetName=DP_13W Pin=U16-2
Added Pin To Net: NetName=DP_13B Pin=U16-3
Added Pin To Net: NetName=DP_13W Pin=U16-8
Added Pin To Net: NetName=DP_14W Pin=U16-9
Added Pin To Net: NetName=DP_14W Pin=U16-10
Added Pin To Net: NetName=DP_9W Pin=U17-11
Added Pin To Net: NetName=DP_9W Pin=U17-12
Added Pin To Net: NetName=DP_9B Pin=U17-13
Added Pin To Net: NetName=DP_10B Pin=U17-18
Added Pin To Net: NetName=Masse Pin=U17-19
Added Pin To Net: NetName=Masse Pin=U17-20
Added Room: Name=Frequenzweiche
