Removed Pin From Net: NetName=NetR75_1 Pin=U10-1
Removed Pin From Net: NetName=NetR82_2 Pin=U10-2
Removed Pin From Net: NetName=KST_1_1 / Line_Aux Pin=U10-3
Removed Pin From Net: NetName=NetR86_2 Pin=U10-5
Removed Pin From Net: NetName=NetR75_2 Pin=U10-6
Removed Pin From Net: NetName=NetC88_1 Pin=U10-7
Removed Pin From Net: NetName=Mitten_In Pin=U10-8
Removed Pin From Net: NetName=NetR77_2 Pin=U10-9
Removed Pin From Net: NetName=Masse Pin=U10-10
Removed Pin From Net: NetName=DP_18A Pin=U10-12
Removed Pin From Net: NetName=DP_17W Pin=U10-13
Removed Pin From Net: NetName=DP_17W Pin=U10-14
Removed Pin From Net: NetName=DP_19W Pin=U11-1
Removed Pin From Net: NetName=DP_19W Pin=U11-2
Removed Pin From Net: NetName=DP_20A Pin=U11-3
Removed Pin From Net: NetName=NetC3_2 Pin=U11-5
Removed Pin From Net: NetName=NetC71_1 Pin=U11-6
Removed Pin From Net: NetName=NetC71_1 Pin=U11-7
Removed Pin From Net: NetName=DP_23A Pin=U11-8
Removed Pin From Net: NetName=DP_23A Pin=U11-9
Removed Pin From Net: NetName=DP_22W Pin=U11-10
Removed Pin From Net: NetName=DP_24W Pin=U11-12
Removed Pin From Net: NetName=NetC62_2 Pin=U11-13
Removed Pin From Net: NetName=NetC62_2 Pin=U11-14
Added Pin To Net: NetName=NetC71_1 Pin=U10-1
Added Pin To Net: NetName=NetC71_1 Pin=U10-2
Added Pin To Net: NetName=NetC3_2 Pin=U10-3
Added Pin To Net: NetName=Masse Pin=U10-5
Added Pin To Net: NetName=NetR77_2 Pin=U10-6
Added Pin To Net: NetName=Mitten_In Pin=U10-7
Added Pin To Net: NetName=DP_17W Pin=U10-8
Added Pin To Net: NetName=DP_17W Pin=U10-9
Added Pin To Net: NetName=DP_18A Pin=U10-10
Added Pin To Net: NetName=DP_20A Pin=U10-12
Added Pin To Net: NetName=DP_19W Pin=U10-13
Added Pin To Net: NetName=DP_19W Pin=U10-14
Added Pin To Net: NetName=DP_23A Pin=U11-1
Added Pin To Net: NetName=DP_23A Pin=U11-2
Added Pin To Net: NetName=DP_22W Pin=U11-3
Added Pin To Net: NetName=DP_24W Pin=U11-5
Added Pin To Net: NetName=NetC62_2 Pin=U11-6
Added Pin To Net: NetName=NetC62_2 Pin=U11-7
Added Pin To Net: NetName=NetR75_1 Pin=U11-8
Added Pin To Net: NetName=NetR82_2 Pin=U11-9
Added Pin To Net: NetName=KST_1_1 / Line_Aux Pin=U11-10
Added Pin To Net: NetName=NetR86_2 Pin=U11-12
Added Pin To Net: NetName=NetR75_2 Pin=U11-13
Added Pin To Net: NetName=NetC88_1 Pin=U11-14
Added Room: Name=Frequenzweiche
