Removed Pin From Net: NetName=Masse Pin=U16-1
Removed Pin From Net: NetName=DP_12W Pin=U16-2
Removed Pin From Net: NetName=DP_12W Pin=U16-3
Removed Pin From Net: NetName=DP_9W Pin=U16-8
Removed Pin From Net: NetName=DP_9W Pin=U16-9
Removed Pin From Net: NetName=DP_9A Pin=U16-10
Removed Pin From Net: NetName=Masse Pin=U16-11
Removed Pin From Net: NetName=DP_10W Pin=U16-12
Removed Pin From Net: NetName=DP_10W Pin=U16-13
Removed Pin From Net: NetName=DP_11W Pin=U16-18
Removed Pin From Net: NetName=DP_11W Pin=U16-19
Removed Pin From Net: NetName=DP_11A Pin=U16-20
Added Pin To Net: NetName=DP_9A Pin=U16-1
Added Pin To Net: NetName=DP_9W Pin=U16-2
Added Pin To Net: NetName=DP_9W Pin=U16-3
Added Pin To Net: NetName=DP_10W Pin=U16-8
Added Pin To Net: NetName=DP_10W Pin=U16-9
Added Pin To Net: NetName=Masse Pin=U16-10
Added Pin To Net: NetName=DP_11A Pin=U16-11
Added Pin To Net: NetName=DP_11W Pin=U16-12
Added Pin To Net: NetName=DP_11W Pin=U16-13
Added Pin To Net: NetName=DP_12W Pin=U16-18
Added Pin To Net: NetName=DP_12W Pin=U16-19
Added Pin To Net: NetName=Masse Pin=U16-20
Added Room: Name=Frequenzweiche
