Added Component: Designator=C57(0805)
Add component (AddParameter): Name = "Value"; Value = "10u"; VariantName = "[No Variations]"
Added Component: Designator=R61(0805)
Add component (AddParameter): Name = "Value"; Value = "220k"; VariantName = "[No Variations]"
Added Component: Designator=TP5(Test_Pin)
Add component (AddParameter): Name = "Check_prices"; Value = "https://www.snapeda.com/parts/61300211121/Wurth+Elektronik/view-part/?ref=eda"; VariantName = "[No Variations]"
Add component (AddParameter): Name = "MF"; Value = "Wurth Elektronik"; VariantName = "[No Variations]"
Add component (AddParameter): Name = "MP"; Value = "61300211121"; VariantName = "[No Variations]"
Add component (AddParameter): Name = "Package"; Value = "None"; VariantName = "[No Variations]"
Add component (AddParameter): Name = "SnapEDA_Link"; Value = "https://www.snapeda.com/parts/61300211121/Wurth+Elektronik/view-part/?ref=snap"; VariantName = "[No Variations]"
Add component (AddParameter): Name = "Value"; Value = ""; VariantName = "[No Variations]"
Added Pin To Net: NetName=NetC57_1 Pin=C57-1
Added Pin To Net: NetName=DP_13A Pin=C57-2
Added Pin To Net: NetName=Masse Pin=R61-1
Added Pin To Net: NetName=NetR61_2 Pin=R61-2
Added Pin To Net: NetName=NetR61_2 Pin=TP5-01
Added Member To Class: ClassName=Frequenzweiche Member=Component C57 10u
Added Member To Class: ClassName=Frequenzweiche Member=Component R61 220k
Added Member To Class: ClassName=Frequenzweiche Member=Component TP5 Test_Pin
Added Room: Name=Frequenzweiche
