Removed Member From Class: ClassName=Frequenzweiche Member=C78
Removed Member From Class: ClassName=Frequenzweiche Member=C81
Removed Member From Class: ClassName=Frequenzweiche Member=R52
Removed Member From Class: ClassName=Frequenzweiche Member=R53
Removed Member From Class: ClassName=Frequenzweiche Member=R54
Change Component Designator: OldDesignator=C1 NewDesignator=C4
Change Component Designator: OldDesignator=C2 NewDesignator=C15
Change Component Designator: OldDesignator=C3 NewDesignator=C27
Change Component Designator: OldDesignator=C4 NewDesignator=C38
Change Component Designator: OldDesignator=C37 NewDesignator=C2
Change Component Designator: OldDesignator=C38 NewDesignator=C1
Change Component Designator: OldDesignator=C39 NewDesignator=C3
Change Component Designator: OldDesignator=C42 NewDesignator=C5
Change Component Designator: OldDesignator=C43 NewDesignator=C6
Change Component Designator: OldDesignator=C44 NewDesignator=C7
Change Component Designator: OldDesignator=C45 NewDesignator=C8
Change Component Designator: OldDesignator=C46 NewDesignator=C9
Change Component Designator: OldDesignator=C47 NewDesignator=C10
Change Component Designator: OldDesignator=C48 NewDesignator=C11
Change Component Designator: OldDesignator=C50 NewDesignator=C12
Change Component Designator: OldDesignator=C51 NewDesignator=C13
Change Component Designator: OldDesignator=C52 NewDesignator=C14
Change Component Designator: OldDesignator=C55 NewDesignator=C16
Change Component Designator: OldDesignator=C56 NewDesignator=C17
Change Component Designator: OldDesignator=C57 NewDesignator=C18
Change Component Designator: OldDesignator=C58 NewDesignator=C19
Change Component Designator: OldDesignator=C59 NewDesignator=C20
Change Component Designator: OldDesignator=C60 NewDesignator=C21
Change Component Designator: OldDesignator=C61 NewDesignator=C22
Change Component Designator: OldDesignator=C62 NewDesignator=C23
Change Component Designator: OldDesignator=C63 NewDesignator=C24
Change Component Designator: OldDesignator=C64 NewDesignator=C25
Change Component Designator: OldDesignator=C65 NewDesignator=C26
Change Component Designator: OldDesignator=C69 NewDesignator=C28
Change Component Designator: OldDesignator=C70 NewDesignator=C29
Change Component Designator: OldDesignator=C71 NewDesignator=C30
Change Component Designator: OldDesignator=C72 NewDesignator=C31
Change Component Designator: OldDesignator=C73 NewDesignator=C32
Change Component Designator: OldDesignator=C74 NewDesignator=C33
Change Component Designator: OldDesignator=C75 NewDesignator=C34
Change Component Designator: OldDesignator=C76 NewDesignator=C35
Change Component Designator: OldDesignator=C77 NewDesignator=C36
Change Component Designator: OldDesignator=C78 NewDesignator=C37
Change Component Designator: OldDesignator=C81 NewDesignator=C39
Change Component Designator: OldDesignator=C82 NewDesignator=C40
Change Component Designator: OldDesignator=C83 NewDesignator=C41
Change Component Designator: OldDesignator=C84 NewDesignator=C42
Change Component Designator: OldDesignator=C85 NewDesignator=C43
Change Component Designator: OldDesignator=C86 NewDesignator=C44
Change Component Designator: OldDesignator=C87 NewDesignator=C46
Change Component Designator: OldDesignator=C88 NewDesignator=C45
Change Component Designator: OldDesignator=C90 NewDesignator=C47
Change Component Designator: OldDesignator=C92 NewDesignator=C48
Change Component Designator: OldDesignator=C93 NewDesignator=C49
Change Component Designator: OldDesignator=C94 NewDesignator=C50
Change Component Designator: OldDesignator=C95 NewDesignator=C51
Change Component Designator: OldDesignator=C96 NewDesignator=C52
Change Component Designator: OldDesignator=C97 NewDesignator=C53
Change Component Designator: OldDesignator=C98 NewDesignator=C54
Change Component Designator: OldDesignator=C99 NewDesignator=C55
Change Component Designator: OldDesignator=C100 NewDesignator=C56
Change Component Designator: OldDesignator=C101 NewDesignator=C57
Change Component Designator: OldDesignator=C102 NewDesignator=C58
Change Component Designator: OldDesignator=C103 NewDesignator=C59
Change Component Designator: OldDesignator=C104 NewDesignator=C60
Change Component Designator: OldDesignator=C105 NewDesignator=C61
Change Component Designator: OldDesignator=C106 NewDesignator=C62
Change Component Designator: OldDesignator=C107 NewDesignator=C63
Change Component Designator: OldDesignator=C108 NewDesignator=C64
Change Component Designator: OldDesignator=C109 NewDesignator=C65
Change Component Designator: OldDesignator=C110 NewDesignator=C66
Change Component Designator: OldDesignator=C111 NewDesignator=C67
Change Component Designator: OldDesignator=C112 NewDesignator=C68
Change Component Designator: OldDesignator=C113 NewDesignator=C69
Change Component Designator: OldDesignator=C114 NewDesignator=C70
Change Component Designator: OldDesignator=C115 NewDesignator=C71
Change Component Designator: OldDesignator=C116 NewDesignator=C72
Change Component Designator: OldDesignator=J5 NewDesignator=J1
Change Component Designator: OldDesignator=R1 NewDesignator=R4
Change Component Designator: OldDesignator=R2 NewDesignator=R10
Change Component Designator: OldDesignator=R3 NewDesignator=R21
Change Component Designator: OldDesignator=R4 NewDesignator=R31
Change Component Designator: OldDesignator=R52 NewDesignator=R1
Change Component Designator: OldDesignator=R53 NewDesignator=R2
Change Component Designator: OldDesignator=R54 NewDesignator=R3
Change Component Designator: OldDesignator=R55 NewDesignator=R5
Change Component Designator: OldDesignator=R56 NewDesignator=R6
Change Component Designator: OldDesignator=R58 NewDesignator=R7
Change Component Designator: OldDesignator=R59 NewDesignator=R8
Change Component Designator: OldDesignator=R60 NewDesignator=R9
Change Component Designator: OldDesignator=R61 NewDesignator=R11
Change Component Designator: OldDesignator=R62 NewDesignator=R12
Change Component Designator: OldDesignator=R63 NewDesignator=R13
Change Component Designator: OldDesignator=R64 NewDesignator=R15
Change Component Designator: OldDesignator=R65 NewDesignator=R14
Change Component Designator: OldDesignator=R66 NewDesignator=R16
Change Component Designator: OldDesignator=R67 NewDesignator=R18
Change Component Designator: OldDesignator=R68 NewDesignator=R17
Change Component Designator: OldDesignator=R69 NewDesignator=R19
Change Component Designator: OldDesignator=R70 NewDesignator=R20
Change Component Designator: OldDesignator=R71 NewDesignator=R23
Change Component Designator: OldDesignator=R73 NewDesignator=R22
Change Component Designator: OldDesignator=R74 NewDesignator=R24
Change Component Designator: OldDesignator=R75 NewDesignator=R25
Change Component Designator: OldDesignator=R76 NewDesignator=R26
Change Component Designator: OldDesignator=R77 NewDesignator=R28
Change Component Designator: OldDesignator=R78 NewDesignator=R27
Change Component Designator: OldDesignator=R79 NewDesignator=R29
Change Component Designator: OldDesignator=R80 NewDesignator=R30
Change Component Designator: OldDesignator=R81 NewDesignator=R32
Change Component Designator: OldDesignator=R82 NewDesignator=R34
Change Component Designator: OldDesignator=R83 NewDesignator=R33
Change Component Designator: OldDesignator=R84 NewDesignator=R35
Change Component Designator: OldDesignator=R86 NewDesignator=R36
Change Component Designator: OldDesignator=R87 NewDesignator=R37
Change Component Designator: OldDesignator=R88 NewDesignator=R38
Change Component Designator: OldDesignator=R89 NewDesignator=R39
Change Component Designator: OldDesignator=R90 NewDesignator=R41
Change Component Designator: OldDesignator=R91 NewDesignator=R40
Change Component Designator: OldDesignator=R92 NewDesignator=R42
Change Component Designator: OldDesignator=R93 NewDesignator=R44
Change Component Designator: OldDesignator=R94 NewDesignator=R43
Change Component Designator: OldDesignator=R95 NewDesignator=R45
Change Component Designator: OldDesignator=R97 NewDesignator=R46
Change Component Designator: OldDesignator=R102 NewDesignator=R47
Change Component Designator: OldDesignator=S2 NewDesignator=S1
Change Component Designator: OldDesignator=S3 NewDesignator=S2
Change Component Designator: OldDesignator=S4 NewDesignator=S3
Change Component Designator: OldDesignator=S5 NewDesignator=S4
Change Component Designator: OldDesignator=TP1 NewDesignator=TP2
Change Component Designator: OldDesignator=TP2 NewDesignator=TP3
Change Component Designator: OldDesignator=TP3 NewDesignator=TP1
Change Component Designator: OldDesignator=TP4 NewDesignator=TP6
Change Component Designator: OldDesignator=TP6 NewDesignator=TP4
Change Component Designator: OldDesignator=TP7 NewDesignator=TP8
Change Component Designator: OldDesignator=TP8 NewDesignator=TP9
Change Component Designator: OldDesignator=TP9 NewDesignator=TP7
Change Component Designator: OldDesignator=TP10 NewDesignator=TP11
Change Component Designator: OldDesignator=TP11 NewDesignator=TP12
Change Component Designator: OldDesignator=TP12 NewDesignator=TP10
Change Net Name : Old Net Name=NetC1_2 New Net Name=NetC4_2
Change Net Name : Old Net Name=NetC2_2 New Net Name=NetC15_2
Change Net Name : Old Net Name=NetC3_2 New Net Name=NetC27_2
Change Net Name : Old Net Name=NetC4_2 New Net Name=NetC38_2
Change Net Name : Old Net Name=NetC37_2 New Net Name=NetC2_2
Change Net Name : Old Net Name=NetC44_1 New Net Name=NetC7_1
Change Net Name : Old Net Name=NetC50_2 New Net Name=NetC12_2
Change Net Name : Old Net Name=NetC57_1 New Net Name=NetC18_1
Change Net Name : Old Net Name=NetC62_2 New Net Name=NetC23_2
Change Net Name : Old Net Name=NetC65_1 New Net Name=NetC26_1
Change Net Name : Old Net Name=NetC65_2 New Net Name=NetC26_2
Change Net Name : Old Net Name=NetC71_1 New Net Name=NetC30_1
Change Net Name : Old Net Name=NetC76_2 New Net Name=NetC35_2
Change Net Name : Old Net Name=NetC83_1 New Net Name=NetC41_1
Change Net Name : Old Net Name=NetC88_1 New Net Name=NetC45_1
Change Net Name : Old Net Name=NetC88_2 New Net Name=NetC45_2
Change Net Name : Old Net Name=NetC90_1 New Net Name=NetC47_1
Change Net Name : Old Net Name=NetC90_2 New Net Name=NetC47_2
Change Net Name : Old Net Name=NetR52_1 New Net Name=NetR1_1
Change Net Name : Old Net Name=NetR52_2 New Net Name=NetR1_2
Change Net Name : Old Net Name=NetR56_2 New Net Name=NetR6_2
Change Net Name : Old Net Name=NetR58_2 New Net Name=NetR7_2
Change Net Name : Old Net Name=NetR62_1 New Net Name=NetR12_1
Change Net Name : Old Net Name=NetR62_2 New Net Name=NetR12_2
Change Net Name : Old Net Name=NetR64_2 New Net Name=NetR14_1
Change Net Name : Old Net Name=NetR67_2 New Net Name=NetR18_2
Change Net Name : Old Net Name=NetR71_2 New Net Name=NetR23_2
Change Net Name : Old Net Name=NetR75_1 New Net Name=NetR25_1
Change Net Name : Old Net Name=NetR75_2 New Net Name=NetR25_2
Change Net Name : Old Net Name=NetR77_2 New Net Name=NetR27_1
Change Net Name : Old Net Name=NetR82_2 New Net Name=NetR34_2
Change Net Name : Old Net Name=NetR86_2 New Net Name=NetR36_2
Change Net Name : Old Net Name=NetR88_1 New Net Name=NetR38_1
Change Net Name : Old Net Name=NetR88_2 New Net Name=NetR38_2
Change Net Name : Old Net Name=NetR90_2 New Net Name=NetR40_1
Change Net Name : Old Net Name=NetR93_2 New Net Name=NetR44_2
Change Net Name : Old Net Name=NetR97_2 New Net Name=NetR46_2
Added Member To Class: ClassName=Frequenzweiche Member=Component C15 10u
Added Member To Class: ClassName=Frequenzweiche Member=Component C27 10u
Added Member To Class: ClassName=Frequenzweiche Member=Component R10 220k
Added Member To Class: ClassName=Frequenzweiche Member=Component R21 220k
Added Member To Class: ClassName=Frequenzweiche Member=Component R31 220k
Added Room: Name=Frequenzweiche
