Removed Pin From Net: NetName=+18V Pin=C175-2
Removed Pin From Net: NetName=+6V Pin=C176-2
Removed Pin From Net: NetName=+18V Pin=D5-1
Removed Pin From Net: NetName=Masse Pin=J22-4
Removed Pin From Net: NetName=Masse Pin=J22-6
Removed Pin From Net: NetName=Masse Pin=J22-8
Removed Pin From Net: NetName=ASEQ_Kick Pin=J22-9
Removed Pin From Net: NetName=ASEQ_Mitten Pin=J22-11
Removed Pin From Net: NetName=-18V Pin=J22-12
Removed Pin From Net: NetName=Masse Pin=J23-4
Removed Pin From Net: NetName=Masse Pin=J23-6
Removed Pin From Net: NetName=Masse Pin=J23-8
Removed Pin From Net: NetName=ASEQ_Kick Pin=J23-9
Removed Pin From Net: NetName=ASEQ_Mitten Pin=J23-11
Removed Pin From Net: NetName=-18V Pin=J23-12
Removed Pin From Net: NetName=Masse Pin=J24-4
Removed Pin From Net: NetName=Masse Pin=J24-6
Removed Pin From Net: NetName=Masse Pin=J24-8
Removed Pin From Net: NetName=ASEQ_Kick Pin=J24-9
Removed Pin From Net: NetName=ASEQ_Mitten Pin=J24-11
Removed Pin From Net: NetName=-18V Pin=J24-12
Removed Pin From Net: NetName=+18V Pin=U31-1
Removed Pin From Net: NetName=+6V Pin=U31-3
Removed Pin From Net: NetName=+18V Pin=U32-3
Change Component Footprint: Designator=R220 Old Footprint=0805 New Footprint=THT Widerstand 0.25W
Change Component Footprint: Designator=C177 Old Footprint=Elko 10mm New Footprint=ELKO 12.5mm
Change Component Footprint: Designator=C178 Old Footprint=Elko 10mm New Footprint=ELKO 12.5mm
Change component parameters: Designator = "R220" ("R220"); Footprint = "0805"; UniqueID = "\TJJTJMSR" ("\TJJTJMSR")
Change component parameters (AddParameter): Name = "Value"; Value = "2K"; VariantName = "[No Variations]"
Change component parameters: Designator = "C177" ("C177"); Footprint = "Elko 10mm"; UniqueID = "\PTRGTAFG" ("\PTRGTAFG")
Change component parameters (AddParameter): Name = "Value"; Value = "470uF/40V"; VariantName = "[No Variations]"
Change component parameters: Designator = "C178" ("C178"); Footprint = "Elko 10mm"; UniqueID = "\BWEFFPTK" ("\BWEFFPTK")
Change component parameters (AddParameter): Name = "Value"; Value = "470uF/40V"; VariantName = "[No Variations]"
Added Pin To Net: NetName=ASEQ_Höhen Pin=C175-2
Added Pin To Net: NetName=+18V Pin=C176-2
Added Pin To Net: NetName=ASEQ_Höhen Pin=D5-1
Added Pin To Net: NetName=Masse Pin=J22-3
Added Pin To Net: NetName=Masse Pin=J22-5
Added Pin To Net: NetName=ASEQ_Kick Pin=J22-6
Added Pin To Net: NetName=ASEQ_Mitten Pin=J22-8
Added Pin To Net: NetName=Masse Pin=J22-9
Added Pin To Net: NetName=-18V Pin=J22-11
Added Pin To Net: NetName=Masse Pin=J23-3
Added Pin To Net: NetName=Masse Pin=J23-5
Added Pin To Net: NetName=ASEQ_Kick Pin=J23-6
Added Pin To Net: NetName=ASEQ_Mitten Pin=J23-8
Added Pin To Net: NetName=Masse Pin=J23-9
Added Pin To Net: NetName=-18V Pin=J23-11
Added Pin To Net: NetName=Masse Pin=J24-3
Added Pin To Net: NetName=Masse Pin=J24-5
Added Pin To Net: NetName=ASEQ_Kick Pin=J24-6
Added Pin To Net: NetName=ASEQ_Mitten Pin=J24-8
Added Pin To Net: NetName=Masse Pin=J24-9
Added Pin To Net: NetName=-18V Pin=J24-11
Added Pin To Net: NetName=ASEQ_Höhen Pin=U31-1
Added Pin To Net: NetName=+18V Pin=U31-3
Added Pin To Net: NetName=ASEQ_Höhen Pin=U32-3
Change Net Name : Old Net Name=+6V New Net Name=ASEQ_Höhen
Change Net Name : Old Net Name=+18V New Net Name=+6V
Change Net Name : Old Net Name=ASEQ_Bass New Net Name=AUX_Mic
Change Net Name : Old Net Name=ASEQ_Höhen New Net Name=+18V
Change Net Name : Old Net Name=KST_1_1 / Line_Aux New Net Name=KST_1_2
Change Net Name : Old Net Name=Mic_AUX New Net Name=AUX_Sum
Added Pin To Net: NetName=ASEQ_Bass Pin=J22-12
Added Pin To Net: NetName=ASEQ_Bass Pin=J23-12
Added Pin To Net: NetName=ASEQ_Bass Pin=J24-12
Added Net: Name=ASEQ_Bass
Added Pin To Net: NetName=KST_1_1 / Line_Aux Pin=J22-4
Added Pin To Net: NetName=KST_1_1 / Line_Aux Pin=J23-4
Added Pin To Net: NetName=KST_1_1 / Line_Aux Pin=J24-4
Added Net: Name=KST_1_1 / Line_Aux
Added Room: Name=Energieversorgung
