Replace Symbol from C175 0805 Kondensator in Z:\Korschunov\Bachelorarbeit\Altium\Energieversorgung\Energieversorgung.SchDoc with 0805 Kondensator from Bauteile.SchLib
Replace Symbol from C176 0805 Kondensator in Z:\Korschunov\Bachelorarbeit\Altium\Energieversorgung\Energieversorgung.SchDoc with 0805 Kondensator from Bauteile.SchLib
Replace Symbol from C177 Elko 10mm in Z:\Korschunov\Bachelorarbeit\Altium\Energieversorgung\Energieversorgung.SchDoc with Elko 10mm from Bauteile.SchLib
Replace Symbol from C178 Elko 10mm in Z:\Korschunov\Bachelorarbeit\Altium\Energieversorgung\Energieversorgung.SchDoc with Elko 10mm from Bauteile.SchLib
Replace Symbol from C179 Elko 16mm in Z:\Korschunov\Bachelorarbeit\Altium\Energieversorgung\Energieversorgung.SchDoc with Elko 16mm from Bauteile.SchLib
Replace Symbol from C180 Elko 16mm in Z:\Korschunov\Bachelorarbeit\Altium\Energieversorgung\Energieversorgung.SchDoc with Elko 16mm from Bauteile.SchLib
Replace Symbol from C181 0805 Kondensator in Z:\Korschunov\Bachelorarbeit\Altium\Energieversorgung\Energieversorgung.SchDoc with 0805 Kondensator from Bauteile.SchLib
Replace Symbol from C182 0805 Kondensator in Z:\Korschunov\Bachelorarbeit\Altium\Energieversorgung\Energieversorgung.SchDoc with 0805 Kondensator from Bauteile.SchLib
Replace Symbol from C183 Elko 16mm in Z:\Korschunov\Bachelorarbeit\Altium\Energieversorgung\Energieversorgung.SchDoc with Elko 16mm from Bauteile.SchLib
Replace Symbol from C184 Elko 16mm in Z:\Korschunov\Bachelorarbeit\Altium\Energieversorgung\Energieversorgung.SchDoc with Elko 16mm from Bauteile.SchLib
Replace Symbol from C185 0805 Kondensator in Z:\Korschunov\Bachelorarbeit\Altium\Energieversorgung\Energieversorgung.SchDoc with 0805 Kondensator from Bauteile.SchLib
Replace Symbol from C186 0805 Kondensator in Z:\Korschunov\Bachelorarbeit\Altium\Energieversorgung\Energieversorgung.SchDoc with 0805 Kondensator from Bauteile.SchLib
Replace Symbol from C187 0805 Kondensator in Z:\Korschunov\Bachelorarbeit\Altium\Energieversorgung\Energieversorgung.SchDoc with 0805 Kondensator from Bauteile.SchLib
Replace Symbol from D4 1N4001 Diode in Z:\Korschunov\Bachelorarbeit\Altium\Energieversorgung\Energieversorgung.SchDoc with 1N4001 Diode from Bauteile.SchLib
Replace Symbol from D5 1N4001 Diode in Z:\Korschunov\Bachelorarbeit\Altium\Energieversorgung\Energieversorgung.SchDoc with 1N4001 Diode from Bauteile.SchLib
Replace Symbol from D6 1N4001 Diode in Z:\Korschunov\Bachelorarbeit\Altium\Energieversorgung\Energieversorgung.SchDoc with 1N4001 Diode from Bauteile.SchLib
Replace Symbol from D7 1N4001 Diode in Z:\Korschunov\Bachelorarbeit\Altium\Energieversorgung\Energieversorgung.SchDoc with 1N4001 Diode from Bauteile.SchLib
Replace Symbol from J20 Connector x2 in Z:\Korschunov\Bachelorarbeit\Altium\Energieversorgung\Energieversorgung.SchDoc with Connector x2 from Bauteile.SchLib
Replace Symbol from J21 Connector x2 in Z:\Korschunov\Bachelorarbeit\Altium\Energieversorgung\Energieversorgung.SchDoc with Connector x2 from Bauteile.SchLib
Replace Symbol from J22 Connector x14 in Z:\Korschunov\Bachelorarbeit\Altium\Energieversorgung\Energieversorgung.SchDoc with Connector x14 from Bauteile.SchLib
Replace Symbol from K1 Relay 24V in Z:\Korschunov\Bachelorarbeit\Altium\Energieversorgung\Energieversorgung.SchDoc with Relay 24V from Bauteile.SchLib
Replace Symbol from R220 0805 Widerstand in Z:\Korschunov\Bachelorarbeit\Altium\Energieversorgung\Energieversorgung.SchDoc with 0805 Widerstand from Bauteile.SchLib
Replace Symbol from R221 Widerstand THT 10W in Z:\Korschunov\Bachelorarbeit\Altium\Energieversorgung\Energieversorgung.SchDoc with Widerstand THT 10W from Bauteile.SchLib
Replace Symbol from R222 Widerstand THT 10W in Z:\Korschunov\Bachelorarbeit\Altium\Energieversorgung\Energieversorgung.SchDoc with Widerstand THT 10W from Bauteile.SchLib
Replace Symbol from R223 Widerstand THT 10W in Z:\Korschunov\Bachelorarbeit\Altium\Energieversorgung\Energieversorgung.SchDoc with Widerstand THT 10W from Bauteile.SchLib
Replace Symbol from SW1 Schalter 2x3 in Z:\Korschunov\Bachelorarbeit\Altium\Energieversorgung\Energieversorgung.SchDoc with Schalter 2x3 from Bauteile.SchLib
Replace Symbol from U31 TO 220 Spannungsregler 78xx in Z:\Korschunov\Bachelorarbeit\Altium\Energieversorgung\Energieversorgung.SchDoc with TO 220 Spannungsregler 78xx from Bauteile.SchLib
Replace Symbol from U32 TO 220 Spannungsregler 78xx in Z:\Korschunov\Bachelorarbeit\Altium\Energieversorgung\Energieversorgung.SchDoc with TO 220 Spannungsregler 78xx from Bauteile.SchLib
Replace Symbol from U33 TO 220 Spannungsregler 79xx in Z:\Korschunov\Bachelorarbeit\Altium\Energieversorgung\Energieversorgung.SchDoc with TO 220 Spannungsregler 79xx from Bauteile.SchLib
