Added Component: Designator=C1(0805)
Add component (AddParameter): Name = "Value"; Value = "10u"; VariantName = "[No Variations]"
Added Component: Designator=C2(0805)
Add component (AddParameter): Name = "Value"; Value = "10u"; VariantName = "[No Variations]"
Added Component: Designator=C3(0805)
Add component (AddParameter): Name = "Value"; Value = "10u"; VariantName = "[No Variations]"
Added Component: Designator=C4(0805)
Add component (AddParameter): Name = "Value"; Value = "330p"; VariantName = "[No Variations]"
Added Component: Designator=C5(0805)
Add component (AddParameter): Name = "Value"; Value = "10u"; VariantName = "[No Variations]"
Added Component: Designator=C6(0805)
Add component (AddParameter): Name = "Value"; Value = "15p"; VariantName = "[No Variations]"
Added Component: Designator=C7(0805)
Add component (AddParameter): Name = "Value"; Value = "150n"; VariantName = "[No Variations]"
Added Component: Designator=C8(0805)
Add component (AddParameter): Name = "Value"; Value = "470n"; VariantName = "[No Variations]"
Added Component: Designator=C9(0805)
Add component (AddParameter): Name = "Value"; Value = "15p"; VariantName = "[No Variations]"
Added Component: Designator=C10(0805)
Add component (AddParameter): Name = "Value"; Value = "10u"; VariantName = "[No Variations]"
Added Component: Designator=C11(0805)
Add component (AddParameter): Name = "Value"; Value = "33u"; VariantName = "[No Variations]"
Added Component: Designator=C12(0805)
Add component (AddParameter): Name = "Value"; Value = "330p"; VariantName = "[No Variations]"
Added Component: Designator=C13(0805)
Add component (AddParameter): Name = "Value"; Value = "10u"; VariantName = "[No Variations]"
Added Component: Designator=C14(0805)
Add component (AddParameter): Name = "Value"; Value = "10u"; VariantName = "[No Variations]"
Added Component: Designator=C15(0805)
Add component (AddParameter): Name = "Value"; Value = "10u"; VariantName = "[No Variations]"
Added Component: Designator=C16(0805)
Add component (AddParameter): Name = "Value"; Value = "10u"; VariantName = "[No Variations]"
Added Component: Designator=C17(0805)
Add component (AddParameter): Name = "Value"; Value = "10u"; VariantName = "[No Variations]"
Added Component: Designator=C18(0805)
Add component (AddParameter): Name = "Value"; Value = "10u"; VariantName = "[No Variations]"
Added Component: Designator=C19(0805)
Add component (AddParameter): Name = "Value"; Value = "100n"; VariantName = "[No Variations]"
Added Component: Designator=C20(0805)
Add component (AddParameter): Name = "Value"; Value = "10u"; VariantName = "[No Variations]"
Added Component: Designator=C21(0805)
Add component (AddParameter): Name = "Value"; Value = "10u"; VariantName = "[No Variations]"
Added Component: Designator=C22(0805)
Add component (AddParameter): Name = "Value"; Value = "10u"; VariantName = "[No Variations]"
Added Component: Designator=C23(0805)
Add component (AddParameter): Name = "Value"; Value = "10u"; VariantName = "[No Variations]"
Added Component: Designator=C24(0805)
Add component (AddParameter): Name = "Value"; Value = "470p"; VariantName = "[No Variations]"
Added Component: Designator=C25(0805)
Add component (AddParameter): Name = "Value"; Value = "3n"; VariantName = "[No Variations]"
Added Component: Designator=C26(0805)
Add component (AddParameter): Name = "Value"; Value = "3n"; VariantName = "[No Variations]"
Added Component: Designator=C27(0805)
Add component (AddParameter): Name = "Value"; Value = "20n"; VariantName = "[No Variations]"
Added Component: Designator=C28(0805)
Add component (AddParameter): Name = "Value"; Value = "100n"; VariantName = "[No Variations]"
Added Component: Designator=C29(0805)
Add component (AddParameter): Name = "Value"; Value = "100n"; VariantName = "[No Variations]"
Added Component: Designator=C30(0805)
Add component (AddParameter): Name = "Value"; Value = "100n"; VariantName = "[No Variations]"
Added Component: Designator=C31(0805)
Add component (AddParameter): Name = "Value"; Value = "100n"; VariantName = "[No Variations]"
Added Component: Designator=C32(0805)
Add component (AddParameter): Name = "Value"; Value = "100n"; VariantName = "[No Variations]"
Added Component: Designator=C33(0805)
Add component (AddParameter): Name = "Value"; Value = "100n"; VariantName = "[No Variations]"
Added Component: Designator=C34(0805)
Add component (AddParameter): Name = "Value"; Value = "100n"; VariantName = "[No Variations]"
Added Component: Designator=C35(0805)
Add component (AddParameter): Name = "Value"; Value = "100n"; VariantName = "[No Variations]"
Added Component: Designator=C36(0805)
Add component (AddParameter): Name = "Value"; Value = "100n"; VariantName = "[No Variations]"
Added Component: Designator=C119(0805)
Add component (AddParameter): Name = "Value"; Value = "100n"; VariantName = "[No Variations]"
Added Component: Designator=J1(Connector x3)
Add component (AddParameter): Name = "Check_prices"; Value = "https://www.snapeda.com/parts/B3B-XH-A/JST+Sales+America+Inc./view-part/?ref=eda"; VariantName = "[No Variations]"
Add component (AddParameter): Name = "MF"; Value = "JST Sales"; VariantName = "[No Variations]"
Add component (AddParameter): Name = "MP"; Value = "B3B-XH-A"; VariantName = "[No Variations]"
Add component (AddParameter): Name = "Package"; Value = "None"; VariantName = "[No Variations]"
Add component (AddParameter): Name = "SnapEDA_Link"; Value = "https://www.snapeda.com/parts/B3B-XH-A/JST+Sales+America+Inc./view-part/?ref=snap"; VariantName = "[No Variations]"
Add component (AddParameter): Name = "Value"; Value = ""; VariantName = "[No Variations]"
Added Component: Designator=J2(Connector x14)
Add component (AddParameter): Name = "Availability"; Value = "Warning"; VariantName = "[No Variations]"
Add component (AddParameter): Name = "Check_prices"; Value = "https://www.snapeda.com/parts/SFH11-PBPC-D07-ST-BK/Sullins%20Connector%20Solutions/view-part/851415/?ref=eda"; VariantName = "[No Variations]"
Add component (AddParameter): Name = "MF"; Value = "Sullins Connector"; VariantName = "[No Variations]"
Add component (AddParameter): Name = "MP"; Value = "SFH11-PBPC-D07-ST-BK"; VariantName = "[No Variations]"
Add component (AddParameter): Name = "Package"; Value = "None"; VariantName = "[No Variations]"
Add component (AddParameter): Name = "Price"; Value = "None"; VariantName = "[No Variations]"
Add component (AddParameter): Name = "Purchase-URL"; Value = "https://pricing.snapeda.com/search/part/SFH11-PBPC-D07-ST-BK/?ref=eda"; VariantName = "[No Variations]"
Add component (AddParameter): Name = "SnapEDA_Link"; Value = "https://www.snapeda.com/parts/SFH11-PBPC-D07-ST-BK/Sullins%20Connector%20Solutions/view-part/851415/?ref=snap"; VariantName = "[No Variations]"
Add component (AddParameter): Name = "Value"; Value = ""; VariantName = "[No Variations]"
Added Component: Designator=J3(Connector x3)
Add component (AddParameter): Name = "Check_prices"; Value = "https://www.snapeda.com/parts/B3B-XH-A/JST+Sales+America+Inc./view-part/?ref=eda"; VariantName = "[No Variations]"
Add component (AddParameter): Name = "MF"; Value = "JST Sales"; VariantName = "[No Variations]"
Add component (AddParameter): Name = "MP"; Value = "B3B-XH-A"; VariantName = "[No Variations]"
Add component (AddParameter): Name = "Package"; Value = "None"; VariantName = "[No Variations]"
Add component (AddParameter): Name = "SnapEDA_Link"; Value = "https://www.snapeda.com/parts/B3B-XH-A/JST+Sales+America+Inc./view-part/?ref=snap"; VariantName = "[No Variations]"
Add component (AddParameter): Name = "Value"; Value = ""; VariantName = "[No Variations]"
Added Component: Designator=J4(Connector x3)
Add component (AddParameter): Name = "Check_prices"; Value = "https://www.snapeda.com/parts/B3B-XH-A/JST+Sales+America+Inc./view-part/?ref=eda"; VariantName = "[No Variations]"
Add component (AddParameter): Name = "MF"; Value = "JST Sales"; VariantName = "[No Variations]"
Add component (AddParameter): Name = "MP"; Value = "B3B-XH-A"; VariantName = "[No Variations]"
Add component (AddParameter): Name = "Package"; Value = "None"; VariantName = "[No Variations]"
Add component (AddParameter): Name = "SnapEDA_Link"; Value = "https://www.snapeda.com/parts/B3B-XH-A/JST+Sales+America+Inc./view-part/?ref=snap"; VariantName = "[No Variations]"
Add component (AddParameter): Name = "Value"; Value = ""; VariantName = "[No Variations]"
Added Component: Designator=R1(0805)
Add component (AddParameter): Name = "Value"; Value = "10k"; VariantName = "[No Variations]"
Added Component: Designator=R2(0805)
Add component (AddParameter): Name = "Value"; Value = "10k"; VariantName = "[No Variations]"
Added Component: Designator=R3(0805)
Add component (AddParameter): Name = "Value"; Value = "4k7"; VariantName = "[No Variations]"
Added Component: Designator=R4(0805)
Add component (AddParameter): Name = "Value"; Value = "220k"; VariantName = "[No Variations]"
Added Component: Designator=R5(0805)
Add component (AddParameter): Name = "Value"; Value = "47k"; VariantName = "[No Variations]"
Added Component: Designator=R6(0805)
Add component (AddParameter): Name = "Value"; Value = "220k"; VariantName = "[No Variations]"
Added Component: Designator=R7(0805)
Add component (AddParameter): Name = "Value"; Value = "22k"; VariantName = "[No Variations]"
Added Component: Designator=R8(0805)
Add component (AddParameter): Name = "Value"; Value = "220k"; VariantName = "[No Variations]"
Added Component: Designator=R9(0805)
Add component (AddParameter): Name = "Value"; Value = "22k"; VariantName = "[No Variations]"
Added Component: Designator=R10(0805)
Add component (AddParameter): Name = "Value"; Value = "220k"; VariantName = "[No Variations]"
Added Component: Designator=R11(0805)
Add component (AddParameter): Name = "Value"; Value = "680"; VariantName = "[No Variations]"
Added Component: Designator=R12(0805)
Add component (AddParameter): Name = "Value"; Value = "1k"; VariantName = "[No Variations]"
Added Component: Designator=R13(0805)
Add component (AddParameter): Name = "Value"; Value = "1k2"; VariantName = "[No Variations]"
Added Component: Designator=R14(0805)
Add component (AddParameter): Name = "Value"; Value = "10k"; VariantName = "[No Variations]"
Added Component: Designator=R15(0805)
Add component (AddParameter): Name = "Value"; Value = "47k"; VariantName = "[No Variations]"
Added Component: Designator=R16(0805)
Add component (AddParameter): Name = "Value"; Value = "220k"; VariantName = "[No Variations]"
Added Component: Designator=R17(0805)
Add component (AddParameter): Name = "Value"; Value = "10k"; VariantName = "[No Variations]"
Added Component: Designator=R18(0805)
Add component (AddParameter): Name = "Value"; Value = "10k"; VariantName = "[No Variations]"
Added Component: Designator=R19(0805)
Add component (AddParameter): Name = "Value"; Value = "220k"; VariantName = "[No Variations]"
Added Component: Designator=R20(0805)
Add component (AddParameter): Name = "Value"; Value = "220k"; VariantName = "[No Variations]"
Added Component: Designator=R21(Connector x3)
Add component (AddParameter): Name = "Value"; Value = "50k log"; VariantName = "[No Variations]"
Added Component: Designator=R22(0805)
Add component (AddParameter): Name = "Value"; Value = "220k"; VariantName = "[No Variations]"
Added Component: Designator=R23(0805)
Add component (AddParameter): Name = "Value"; Value = "220k"; VariantName = "[No Variations]"
Added Component: Designator=R24(0805)
Add component (AddParameter): Name = "Value"; Value = "220k"; VariantName = "[No Variations]"
Added Component: Designator=R25(0805)
Add component (AddParameter): Name = "Value"; Value = "10k"; VariantName = "[No Variations]"
Added Component: Designator=R26(0805)
Add component (AddParameter): Name = "Value"; Value = "220k"; VariantName = "[No Variations]"
Added Component: Designator=R27(0805)
Add component (AddParameter): Name = "Value"; Value = "220k"; VariantName = "[No Variations]"
Added Component: Designator=R28(0805)
Add component (AddParameter): Name = "Value"; Value = "10k"; VariantName = "[No Variations]"
Added Component: Designator=R29(0805)
Add component (AddParameter): Name = "Value"; Value = "10k"; VariantName = "[No Variations]"
Added Component: Designator=R30(0805)
Add component (AddParameter): Name = "Value"; Value = "10k"; VariantName = "[No Variations]"
Added Component: Designator=R31(0805)
Add component (AddParameter): Name = "Value"; Value = "5k"; VariantName = "[No Variations]"
Added Component: Designator=R32(0805)
Add component (AddParameter): Name = "Value"; Value = "220k"; VariantName = "[No Variations]"
Added Component: Designator=R33(0805)
Add component (AddParameter): Name = "Value"; Value = "5k"; VariantName = "[No Variations]"
Added Component: Designator=R34(0805)
Add component (AddParameter): Name = "Value"; Value = "22k"; VariantName = "[No Variations]"
Added Component: Designator=R35(0805)
Add component (AddParameter): Name = "Value"; Value = "22k"; VariantName = "[No Variations]"
Added Component: Designator=R36(Connector x3)
Add component (AddParameter): Name = "Value"; Value = "10k log"; VariantName = "[No Variations]"
Added Component: Designator=R37(0805)
Add component (AddParameter): Name = "Value"; Value = "22k"; VariantName = "[No Variations]"
Added Component: Designator=R38(0805)
Add component (AddParameter): Name = "Value"; Value = "22k"; VariantName = "[No Variations]"
Added Component: Designator=R39(0805)
Add component (AddParameter): Name = "Value"; Value = "47k"; VariantName = "[No Variations]"
Added Component: Designator=R40(0805)
Add component (AddParameter): Name = "Value"; Value = "47k"; VariantName = "[No Variations]"
Added Component: Designator=R41(0805)
Add component (AddParameter): Name = "Value"; Value = "220k"; VariantName = "[No Variations]"
Added Component: Designator=R42(0805)
Add component (AddParameter): Name = "Value"; Value = "220k"; VariantName = "[No Variations]"
Added Component: Designator=R43(0805)
Add component (AddParameter): Name = "Value"; Value = "220k"; VariantName = "[No Variations]"
Added Component: Designator=R44(0805)
Add component (AddParameter): Name = "Value"; Value = "220k"; VariantName = "[No Variations]"
Added Component: Designator=R45(Connector x3)
Add component (AddParameter): Name = "Value"; Value = "47k lin"; VariantName = "[No Variations]"
Added Component: Designator=R46(Connector x3)
Add component (AddParameter): Name = "Value"; Value = "47k lin"; VariantName = "[No Variations]"
Added Component: Designator=R47(Connector x3)
Add component (AddParameter): Name = "Value"; Value = "220k log"; VariantName = "[No Variations]"
Added Component: Designator=R48(Connector x3)
Add component (AddParameter): Name = "Value"; Value = "220k log"; VariantName = "[No Variations]"
Added Component: Designator=R49(Connector x3)
Add component (AddParameter): Name = "Value"; Value = "220k log"; VariantName = "[No Variations]"
Added Component: Designator=R50(Connector x3)
Add component (AddParameter): Name = "Value"; Value = "220k log"; VariantName = "[No Variations]"
Added Component: Designator=R51(0805)
Add component (AddParameter): Name = "Value"; Value = "6.8k"; VariantName = "[No Variations]"
Added Component: Designator=R107(0805)
Add component (AddParameter): Name = "Value"; Value = "6.8k"; VariantName = "[No Variations]"
Added Component: Designator=R108(0805)
Add component (AddParameter): Name = "Value"; Value = "6.8k"; VariantName = "[No Variations]"
Added Component: Designator=R113(0805)
Add component (AddParameter): Name = "Value"; Value = "6.8k"; VariantName = "[No Variations]"
Added Component: Designator=S1(Connector x3)
Add component (AddParameter): Name = "Availability"; Value = "Unavailable"; VariantName = "[No Variations]"
Add component (AddParameter): Name = "MF"; Value = ""; VariantName = "[No Variations]"
Add component (AddParameter): Name = "MP"; Value = "100SP1T1B4M2QE"; VariantName = "[No Variations]"
Add component (AddParameter): Name = "Package"; Value = "None"; VariantName = "[No Variations]"
Add component (AddParameter): Name = "Price"; Value = "None"; VariantName = "[No Variations]"
Add component (AddParameter): Name = "Value"; Value = ""; VariantName = "[No Variations]"
Added Component: Designator=S6(Connector x3)
Add component (AddParameter): Name = "Availability"; Value = "Unavailable"; VariantName = "[No Variations]"
Add component (AddParameter): Name = "MF"; Value = ""; VariantName = "[No Variations]"
Add component (AddParameter): Name = "MP"; Value = "100SP1T1B4M2QE"; VariantName = "[No Variations]"
Add component (AddParameter): Name = "Package"; Value = "None"; VariantName = "[No Variations]"
Add component (AddParameter): Name = "Price"; Value = "None"; VariantName = "[No Variations]"
Add component (AddParameter): Name = "Value"; Value = ""; VariantName = "[No Variations]"
Added Component: Designator=U1(DIP14 IC Socket)
Add component (AddParameter): Name = "BW @ Acl(MHz)"; Value = ""; VariantName = "[No Variations]"
Add component (AddParameter): Name = "Code_JEDEC"; Value = "MS-012"; VariantName = "[No Variations]"
Add component (AddParameter): Name = "ComponentLink1Description"; Value = "Manufacturer URL"; VariantName = "[No Variations]"
Add component (AddParameter): Name = "ComponentLink1URL"; Value = "http://www.ti.com/"; VariantName = "[No Variations]"
Add component (AddParameter): Name = "ComponentLink2Description"; Value = "Datasheet"; VariantName = "[No Variations]"
Add component (AddParameter): Name = "ComponentLink2URL"; Value = "http://www.ti.com/general/docs/lit/getliterature.tsp?genericPartNumber=OPA4134&fileType=pdf"; VariantName = "[No Variations]"
Add component (AddParameter): Name = "ComponentLink3Description"; Value = "Package Specification"; VariantName = "[No Variations]"
Add component (AddParameter): Name = "ComponentLink3URL"; Value = "http://www.ti.com/lit/ml/mpds177g/mpds177g.pdf"; VariantName = "[No Variations]"
Add component (AddParameter): Name = "DatasheetVersion"; Value = "SBOS058"; VariantName = "[No Variations]"
Add component (AddParameter): Name = "Eco-Plan"; Value = "Green (RoHS & no Sb/Br)"; VariantName = "[No Variations]"
Add component (AddParameter): Name = "GBW(Typ)(MHz)"; Value = "8"; VariantName = "[No Variations]"
Add component (AddParameter): Name = "Iq per channel(Max)(mA)"; Value = "5"; VariantName = "[No Variations]"
Add component (AddParameter): Name = "Manufacturer"; Value = "Texas Instruments"; VariantName = "[No Variations]"
Add component (AddParameter): Name = "Mounting Technology"; Value = "Surface Mount"; VariantName = "[No Variations]"
Add component (AddParameter): Name = "Number of Channels"; Value = "4"; VariantName = "[No Variations]"
Add component (AddParameter): Name = "PackageDescription"; Value = "14-Pin Plastic Small Outline, Body 8.65 x 3.9 mm, Pitch 1.27 mm"; VariantName = "[No Variations]"
Add component (AddParameter): Name = "PackageReference"; Value = "D0014A"; VariantName = "[No Variations]"
Add component (AddParameter): Name = "PackageVersion"; Value = "4040047-5/M, 06/2011"; VariantName = "[No Variations]"
Add component (AddParameter): Name = "PartNumber"; Value = "OPA4134UA"; VariantName = "[No Variations]"
Add component (AddParameter): Name = "SubFamily"; Value = "Audio Operational Amplifier"; VariantName = "[No Variations]"
Add component (AddParameter): Name = "Vmax(V)"; Value = "36"; VariantName = "[No Variations]"
Add component (AddParameter): Name = "Vmin(V)"; Value = "5"; VariantName = "[No Variations]"
Add component (AddParameter): Name = "Vn at Flatband(Typ)(nV/rtHz)"; Value = "8"; VariantName = "[No Variations]"
Added Component: Designator=U2(DIP14 IC Socket)
Add component (AddParameter): Name = "BW @ Acl(MHz)"; Value = ""; VariantName = "[No Variations]"
Add component (AddParameter): Name = "Code_JEDEC"; Value = "MS-012"; VariantName = "[No Variations]"
Add component (AddParameter): Name = "ComponentLink1Description"; Value = "Manufacturer URL"; VariantName = "[No Variations]"
Add component (AddParameter): Name = "ComponentLink1URL"; Value = "http://www.ti.com/"; VariantName = "[No Variations]"
Add component (AddParameter): Name = "ComponentLink2Description"; Value = "Datasheet"; VariantName = "[No Variations]"
Add component (AddParameter): Name = "ComponentLink2URL"; Value = "http://www.ti.com/general/docs/lit/getliterature.tsp?genericPartNumber=OPA4134&fileType=pdf"; VariantName = "[No Variations]"
Add component (AddParameter): Name = "ComponentLink3Description"; Value = "Package Specification"; VariantName = "[No Variations]"
Add component (AddParameter): Name = "ComponentLink3URL"; Value = "http://www.ti.com/lit/ml/mpds177g/mpds177g.pdf"; VariantName = "[No Variations]"
Add component (AddParameter): Name = "DatasheetVersion"; Value = "SBOS058"; VariantName = "[No Variations]"
Add component (AddParameter): Name = "Eco-Plan"; Value = "Green (RoHS & no Sb/Br)"; VariantName = "[No Variations]"
Add component (AddParameter): Name = "GBW(Typ)(MHz)"; Value = "8"; VariantName = "[No Variations]"
Add component (AddParameter): Name = "Iq per channel(Max)(mA)"; Value = "5"; VariantName = "[No Variations]"
Add component (AddParameter): Name = "Manufacturer"; Value = "Texas Instruments"; VariantName = "[No Variations]"
Add component (AddParameter): Name = "Mounting Technology"; Value = "Surface Mount"; VariantName = "[No Variations]"
Add component (AddParameter): Name = "Number of Channels"; Value = "4"; VariantName = "[No Variations]"
Add component (AddParameter): Name = "PackageDescription"; Value = "14-Pin Plastic Small Outline, Body 8.65 x 3.9 mm, Pitch 1.27 mm"; VariantName = "[No Variations]"
Add component (AddParameter): Name = "PackageReference"; Value = "D0014A"; VariantName = "[No Variations]"
Add component (AddParameter): Name = "PackageVersion"; Value = "4040047-5/M, 06/2011"; VariantName = "[No Variations]"
Add component (AddParameter): Name = "PartNumber"; Value = "OPA4134UA"; VariantName = "[No Variations]"
Add component (AddParameter): Name = "SubFamily"; Value = "Audio Operational Amplifier"; VariantName = "[No Variations]"
Add component (AddParameter): Name = "Vmax(V)"; Value = "36"; VariantName = "[No Variations]"
Add component (AddParameter): Name = "Vmin(V)"; Value = "5"; VariantName = "[No Variations]"
Add component (AddParameter): Name = "Vn at Flatband(Typ)(nV/rtHz)"; Value = "8"; VariantName = "[No Variations]"
Added Component: Designator=U3(INA 128)
Add component (AddParameter): Name = "Bandwidth at G"; Value = ""; VariantName = "[No Variations]"
Add component (AddParameter): Name = "CMRR(Min)(dB)"; Value = "120"; VariantName = "[No Variations]"
Add component (AddParameter): Name = "Code_JEDEC"; Value = "MS-012"; VariantName = "[No Variations]"
Add component (AddParameter): Name = "ComponentLink1Description"; Value = "Manufacturer URL"; VariantName = "[No Variations]"
Add component (AddParameter): Name = "ComponentLink1URL"; Value = "http://www.ti.com/"; VariantName = "[No Variations]"
Add component (AddParameter): Name = "ComponentLink2Description"; Value = "Datasheet"; VariantName = "[No Variations]"
Add component (AddParameter): Name = "ComponentLink2URL"; Value = "http://www.ti.com/general/docs/lit/getliterature.tsp?genericPartNumber=INA128&fileType=pdf"; VariantName = "[No Variations]"
Add component (AddParameter): Name = "ComponentLink3Description"; Value = "Package Specification"; VariantName = "[No Variations]"
Add component (AddParameter): Name = "ComponentLink3URL"; Value = "http://www.ti.com/litv/pdf/msoi002j"; VariantName = "[No Variations]"
Add component (AddParameter): Name = "DatasheetVersion"; Value = "SBOS051B"; VariantName = "[No Variations]"
Add component (AddParameter): Name = "Eco-Plan"; Value = "Green (RoHS & no Sb/Br)"; VariantName = "[No Variations]"
Add component (AddParameter): Name = "Gain(V/V)"; Value = "1 to 10000"; VariantName = "[No Variations]"
Add component (AddParameter): Name = "Input Bias Current (+/-)(Max)(nA)"; Value = "5"; VariantName = "[No Variations]"
Add component (AddParameter): Name = "Input Offset (+/-)(Max)(uV)"; Value = "50"; VariantName = "[No Variations]"
Add component (AddParameter): Name = "Input Offset Drift (+/-)(Max)(uV/Degrees Celsius)"; Value = "0.5"; VariantName = "[No Variations]"
Add component (AddParameter): Name = "Manufacturer"; Value = "Texas Instruments"; VariantName = "[No Variations]"
Add component (AddParameter): Name = "Mounting Technology"; Value = "Surface Mount"; VariantName = "[No Variations]"
Add component (AddParameter): Name = "Noise at 1kHz(Typ)(nV/rt(Hz))"; Value = "8"; VariantName = "[No Variations]"
Add component (AddParameter): Name = "Non-Linearity (+/-)(Max)(%)"; Value = "0.002"; VariantName = "[No Variations]"
Add component (AddParameter): Name = "Number of Channels"; Value = "1"; VariantName = "[No Variations]"
Add component (AddParameter): Name = "Output Offset (+/-)(Max)(uV)"; Value = ""; VariantName = "[No Variations]"
Add component (AddParameter): Name = "Output Offset Drift (+/-)(Max)(uV/Degrees Celsius)"; Value = ""; VariantName = "[No Variations]"
Add component (AddParameter): Name = "PackageDescription"; Value = "8-Pin Plastic Small Outline, Body 4.9 x 3.9 mm, Pitch 1.27 mm"; VariantName = "[No Variations]"
Add component (AddParameter): Name = "PackageReference"; Value = "D0008A"; VariantName = "[No Variations]"
Add component (AddParameter): Name = "PackageVersion"; Value = "4040047-3/M, 06/2011"; VariantName = "[No Variations]"
Add component (AddParameter): Name = "PartNumber"; Value = "INA128U"; VariantName = "[No Variations]"
Add component (AddParameter): Name = "Quiescent Current (+/-)(Typ)(mA)"; Value = "0.7"; VariantName = "[No Variations]"
Add component (AddParameter): Name = "SubFamily"; Value = "Dual Supply"; VariantName = "[No Variations]"
Add component (AddParameter): Name = "Vs(Max)(V)"; Value = "36"; VariantName = "[No Variations]"
Add component (AddParameter): Name = "Vs(Min)(V)"; Value = "4.5"; VariantName = "[No Variations]"
Added Component: Designator=U4(DIP14 IC Socket)
Add component (AddParameter): Name = "BW @ Acl(MHz)"; Value = ""; VariantName = "[No Variations]"
Add component (AddParameter): Name = "Code_JEDEC"; Value = "MS-012"; VariantName = "[No Variations]"
Add component (AddParameter): Name = "ComponentLink1Description"; Value = "Manufacturer URL"; VariantName = "[No Variations]"
Add component (AddParameter): Name = "ComponentLink1URL"; Value = "http://www.ti.com/"; VariantName = "[No Variations]"
Add component (AddParameter): Name = "ComponentLink2Description"; Value = "Datasheet"; VariantName = "[No Variations]"
Add component (AddParameter): Name = "ComponentLink2URL"; Value = "http://www.ti.com/general/docs/lit/getliterature.tsp?genericPartNumber=OPA4134&fileType=pdf"; VariantName = "[No Variations]"
Add component (AddParameter): Name = "ComponentLink3Description"; Value = "Package Specification"; VariantName = "[No Variations]"
Add component (AddParameter): Name = "ComponentLink3URL"; Value = "http://www.ti.com/lit/ml/mpds177g/mpds177g.pdf"; VariantName = "[No Variations]"
Add component (AddParameter): Name = "DatasheetVersion"; Value = "SBOS058"; VariantName = "[No Variations]"
Add component (AddParameter): Name = "Eco-Plan"; Value = "Green (RoHS & no Sb/Br)"; VariantName = "[No Variations]"
Add component (AddParameter): Name = "GBW(Typ)(MHz)"; Value = "8"; VariantName = "[No Variations]"
Add component (AddParameter): Name = "Iq per channel(Max)(mA)"; Value = "5"; VariantName = "[No Variations]"
Add component (AddParameter): Name = "Manufacturer"; Value = "Texas Instruments"; VariantName = "[No Variations]"
Add component (AddParameter): Name = "Mounting Technology"; Value = "Surface Mount"; VariantName = "[No Variations]"
Add component (AddParameter): Name = "Number of Channels"; Value = "4"; VariantName = "[No Variations]"
Add component (AddParameter): Name = "PackageDescription"; Value = "14-Pin Plastic Small Outline, Body 8.65 x 3.9 mm, Pitch 1.27 mm"; VariantName = "[No Variations]"
Add component (AddParameter): Name = "PackageReference"; Value = "D0014A"; VariantName = "[No Variations]"
Add component (AddParameter): Name = "PackageVersion"; Value = "4040047-5/M, 06/2011"; VariantName = "[No Variations]"
Add component (AddParameter): Name = "PartNumber"; Value = "OPA4134UA"; VariantName = "[No Variations]"
Add component (AddParameter): Name = "SubFamily"; Value = "Audio Operational Amplifier"; VariantName = "[No Variations]"
Add component (AddParameter): Name = "Vmax(V)"; Value = "36"; VariantName = "[No Variations]"
Add component (AddParameter): Name = "Vmin(V)"; Value = "5"; VariantName = "[No Variations]"
Add component (AddParameter): Name = "Vn at Flatband(Typ)(nV/rtHz)"; Value = "8"; VariantName = "[No Variations]"
Added Component: Designator=U5(DIP14 IC Socket)
Add component (AddParameter): Name = "BW @ Acl(MHz)"; Value = ""; VariantName = "[No Variations]"
Add component (AddParameter): Name = "Code_JEDEC"; Value = "MS-012"; VariantName = "[No Variations]"
Add component (AddParameter): Name = "ComponentLink1Description"; Value = "Manufacturer URL"; VariantName = "[No Variations]"
Add component (AddParameter): Name = "ComponentLink1URL"; Value = "http://www.ti.com/"; VariantName = "[No Variations]"
Add component (AddParameter): Name = "ComponentLink2Description"; Value = "Datasheet"; VariantName = "[No Variations]"
Add component (AddParameter): Name = "ComponentLink2URL"; Value = "http://www.ti.com/general/docs/lit/getliterature.tsp?genericPartNumber=OPA4134&fileType=pdf"; VariantName = "[No Variations]"
Add component (AddParameter): Name = "ComponentLink3Description"; Value = "Package Specification"; VariantName = "[No Variations]"
Add component (AddParameter): Name = "ComponentLink3URL"; Value = "http://www.ti.com/lit/ml/mpds177g/mpds177g.pdf"; VariantName = "[No Variations]"
Add component (AddParameter): Name = "DatasheetVersion"; Value = "SBOS058"; VariantName = "[No Variations]"
Add component (AddParameter): Name = "Eco-Plan"; Value = "Green (RoHS & no Sb/Br)"; VariantName = "[No Variations]"
Add component (AddParameter): Name = "GBW(Typ)(MHz)"; Value = "8"; VariantName = "[No Variations]"
Add component (AddParameter): Name = "Iq per channel(Max)(mA)"; Value = "5"; VariantName = "[No Variations]"
Add component (AddParameter): Name = "Manufacturer"; Value = "Texas Instruments"; VariantName = "[No Variations]"
Add component (AddParameter): Name = "Mounting Technology"; Value = "Surface Mount"; VariantName = "[No Variations]"
Add component (AddParameter): Name = "Number of Channels"; Value = "4"; VariantName = "[No Variations]"
Add component (AddParameter): Name = "PackageDescription"; Value = "14-Pin Plastic Small Outline, Body 8.65 x 3.9 mm, Pitch 1.27 mm"; VariantName = "[No Variations]"
Add component (AddParameter): Name = "PackageReference"; Value = "D0014A"; VariantName = "[No Variations]"
Add component (AddParameter): Name = "PackageVersion"; Value = "4040047-5/M, 06/2011"; VariantName = "[No Variations]"
Add component (AddParameter): Name = "PartNumber"; Value = "OPA4134UA"; VariantName = "[No Variations]"
Add component (AddParameter): Name = "SubFamily"; Value = "Audio Operational Amplifier"; VariantName = "[No Variations]"
Add component (AddParameter): Name = "Vmax(V)"; Value = "36"; VariantName = "[No Variations]"
Add component (AddParameter): Name = "Vmin(V)"; Value = "5"; VariantName = "[No Variations]"
Add component (AddParameter): Name = "Vn at Flatband(Typ)(nV/rtHz)"; Value = "8"; VariantName = "[No Variations]"
Added Pin To Net: NetName=+6V Pin=J2-10
Added Net: Name=+6V
Added Pin To Net: NetName=+18V Pin=C29-2
Added Pin To Net: NetName=+18V Pin=C31-2
Added Pin To Net: NetName=+18V Pin=C33-2
Added Pin To Net: NetName=+18V Pin=C35-2
Added Pin To Net: NetName=+18V Pin=C119-2
Added Pin To Net: NetName=+18V Pin=J2-14
Added Pin To Net: NetName=+18V Pin=U1-4
Added Pin To Net: NetName=+18V Pin=U2-4
Added Pin To Net: NetName=+18V Pin=U3-7
Added Pin To Net: NetName=+18V Pin=U4-4
Added Pin To Net: NetName=+18V Pin=U5-4
Added Net: Name=+18V
Added Pin To Net: NetName=-18V Pin=C28-2
Added Pin To Net: NetName=-18V Pin=C30-2
Added Pin To Net: NetName=-18V Pin=C32-2
Added Pin To Net: NetName=-18V Pin=C34-2
Added Pin To Net: NetName=-18V Pin=C36-2
Added Pin To Net: NetName=-18V Pin=J2-12
Added Pin To Net: NetName=-18V Pin=U1-11
Added Pin To Net: NetName=-18V Pin=U2-11
Added Pin To Net: NetName=-18V Pin=U3-4
Added Pin To Net: NetName=-18V Pin=U4-11
Added Pin To Net: NetName=-18V Pin=U5-11
Added Net: Name=-18V
Added Pin To Net: NetName=A01 Pin=R45-2
Added Pin To Net: NetName=A01 Pin=U4-3
Added Net: Name=A01
Added Pin To Net: NetName=A02 Pin=C24-2
Added Pin To Net: NetName=A02 Pin=R47-1
Added Pin To Net: NetName=A02 Pin=R47-2
Added Pin To Net: NetName=A02 Pin=R48-1
Added Pin To Net: NetName=A02 Pin=R48-2
Added Pin To Net: NetName=A02 Pin=U4-5
Added Net: Name=A02
Added Pin To Net: NetName=A03 Pin=R46-2
Added Pin To Net: NetName=A03 Pin=U4-10
Added Net: Name=A03
Added Pin To Net: NetName=A04 Pin=C25-1
Added Pin To Net: NetName=A04 Pin=R49-1
Added Pin To Net: NetName=A04 Pin=R49-2
Added Pin To Net: NetName=A04 Pin=R50-1
Added Pin To Net: NetName=A04 Pin=R50-2
Added Pin To Net: NetName=A04 Pin=U4-12
Added Net: Name=A04
Added Pin To Net: NetName=ASEQ_Bass Pin=J2-7
Added Net: Name=ASEQ_Bass
Added Pin To Net: NetName=ASEQ_Höhen Pin=J2-13
Added Net: Name=ASEQ_Höhen
Added Pin To Net: NetName=ASEQ_Kick Pin=J2-9
Added Net: Name=ASEQ_Kick
Added Pin To Net: NetName=ASEQ_Mitten Pin=J2-11
Added Net: Name=ASEQ_Mitten
Added Pin To Net: NetName=AUX_Sum Pin=J2-5
Added Net: Name=AUX_Sum
Added Pin To Net: NetName=Heiß Pin=J4-2
Added Pin To Net: NetName=Heiß Pin=R40-2
Added Pin To Net: NetName=Heiß Pin=U3-3
Added Net: Name=Heiß
Added Pin To Net: NetName=Kalt Pin=J4-3
Added Pin To Net: NetName=Kalt Pin=R39-2
Added Pin To Net: NetName=Kalt Pin=U3-2
Added Net: Name=Kalt
Added Pin To Net: NetName=KST_1_1 / Line_Aux Pin=C16-2
Added Pin To Net: NetName=KST_1_1 / Line_Aux Pin=J2-1
Added Pin To Net: NetName=KST_1_1 / Line_Aux Pin=R22-2
Added Net: Name=KST_1_1 / Line_Aux
Added Pin To Net: NetName=KST_1_2 Pin=C23-2
Added Pin To Net: NetName=KST_1_2 Pin=J2-3
Added Pin To Net: NetName=KST_1_2 Pin=R44-2
Added Net: Name=KST_1_2
Added Pin To Net: NetName=L_Line Pin=C17-2
Added Pin To Net: NetName=L_Line Pin=J3-2
Added Net: Name=L_Line
Added Pin To Net: NetName=L_Phono Pin=C12-2
Added Pin To Net: NetName=L_Phono Pin=J1-2
Added Pin To Net: NetName=L_Phono Pin=R15-2
Added Pin To Net: NetName=L_Phono Pin=U1-5
Added Net: Name=L_Phono
Added Pin To Net: NetName=Line_Out Pin=C15-1
Added Pin To Net: NetName=Line_Out Pin=R23-2
Added Pin To Net: NetName=Line_Out Pin=S1-3
Added Net: Name=Line_Out
Added Pin To Net: NetName=Masse Pin=C4-1
Added Pin To Net: NetName=Masse Pin=C7-1
Added Pin To Net: NetName=Masse Pin=C11-1
Added Pin To Net: NetName=Masse Pin=C12-1
Added Pin To Net: NetName=Masse Pin=C24-1
Added Pin To Net: NetName=Masse Pin=C25-2
Added Pin To Net: NetName=Masse Pin=C28-1
Added Pin To Net: NetName=Masse Pin=C29-1
Added Pin To Net: NetName=Masse Pin=C30-1
Added Pin To Net: NetName=Masse Pin=C31-1
Added Pin To Net: NetName=Masse Pin=C32-1
Added Pin To Net: NetName=Masse Pin=C33-1
Added Pin To Net: NetName=Masse Pin=C34-1
Added Pin To Net: NetName=Masse Pin=C35-1
Added Pin To Net: NetName=Masse Pin=C36-1
Added Pin To Net: NetName=Masse Pin=C119-1
Added Pin To Net: NetName=Masse Pin=J1-1
Added Pin To Net: NetName=Masse Pin=J2-4
Added Pin To Net: NetName=Masse Pin=J2-6
Added Pin To Net: NetName=Masse Pin=J2-8
Added Pin To Net: NetName=Masse Pin=J3-1
Added Pin To Net: NetName=Masse Pin=J4-1
Added Pin To Net: NetName=Masse Pin=R4-2
Added Pin To Net: NetName=Masse Pin=R5-1
Added Pin To Net: NetName=Masse Pin=R6-2
Added Pin To Net: NetName=Masse Pin=R8-1
Added Pin To Net: NetName=Masse Pin=R10-1
Added Pin To Net: NetName=Masse Pin=R11-1
Added Pin To Net: NetName=Masse Pin=R13-1
Added Pin To Net: NetName=Masse Pin=R15-1
Added Pin To Net: NetName=Masse Pin=R16-2
Added Pin To Net: NetName=Masse Pin=R19-1
Added Pin To Net: NetName=Masse Pin=R20-2
Added Pin To Net: NetName=Masse Pin=R22-1
Added Pin To Net: NetName=Masse Pin=R23-1
Added Pin To Net: NetName=Masse Pin=R24-1
Added Pin To Net: NetName=Masse Pin=R26-1
Added Pin To Net: NetName=Masse Pin=R27-2
Added Pin To Net: NetName=Masse Pin=R32-1
Added Pin To Net: NetName=Masse Pin=R33-1
Added Pin To Net: NetName=Masse Pin=R39-1
Added Pin To Net: NetName=Masse Pin=R40-1
Added Pin To Net: NetName=Masse Pin=R41-1
Added Pin To Net: NetName=Masse Pin=R42-1
Added Pin To Net: NetName=Masse Pin=R43-1
Added Pin To Net: NetName=Masse Pin=R44-1
Added Pin To Net: NetName=Masse Pin=R107-2
Added Pin To Net: NetName=Masse Pin=R113-1
Added Pin To Net: NetName=Masse Pin=U1-10
Added Pin To Net: NetName=Masse Pin=U2-10
Added Pin To Net: NetName=Masse Pin=U3-5
Added Net: Name=Masse
Added Pin To Net: NetName=Mic_AUX Pin=C19-2
Added Pin To Net: NetName=Mic_AUX Pin=J2-2
Added Pin To Net: NetName=Mic_AUX Pin=R32-2
Added Net: Name=Mic_AUX
Added Pin To Net: NetName=NetC1_1 Pin=C1-1
Added Pin To Net: NetName=NetC1_1 Pin=R2-2
Added Pin To Net: NetName=NetC1_1 Pin=R4-1
Added Net: Name=NetC1_1
Added Pin To Net: NetName=NetC1_2 Pin=C1-2
Added Pin To Net: NetName=NetC1_2 Pin=U1-1
Added Pin To Net: NetName=NetC1_2 Pin=U1-2
Added Net: Name=NetC1_2
Added Pin To Net: NetName=NetC2_1 Pin=C2-1
Added Pin To Net: NetName=NetC2_1 Pin=R6-1
Added Pin To Net: NetName=NetC2_1 Pin=U1-12
Added Net: Name=NetC2_1
Added Pin To Net: NetName=NetC2_2 Pin=C2-2
Added Pin To Net: NetName=NetC2_2 Pin=R1-2
Added Pin To Net: NetName=NetC2_2 Pin=U1-8
Added Net: Name=NetC2_2
Added Pin To Net: NetName=NetC3_1 Pin=C3-1
Added Pin To Net: NetName=NetC3_1 Pin=R3-2
Added Pin To Net: NetName=NetC3_1 Pin=R8-2
Added Net: Name=NetC3_1
Added Pin To Net: NetName=NetC3_2 Pin=C3-2
Added Pin To Net: NetName=NetC3_2 Pin=C6-2
Added Pin To Net: NetName=NetC3_2 Pin=R7-2
Added Pin To Net: NetName=NetC3_2 Pin=U1-14
Added Net: Name=NetC3_2
Added Pin To Net: NetName=NetC5_2 Pin=C5-2
Added Pin To Net: NetName=NetC5_2 Pin=C9-2
Added Pin To Net: NetName=NetC5_2 Pin=R9-2
Added Pin To Net: NetName=NetC5_2 Pin=U5-14
Added Net: Name=NetC5_2
Added Pin To Net: NetName=NetC6_1 Pin=C6-1
Added Pin To Net: NetName=NetC6_1 Pin=R7-1
Added Pin To Net: NetName=NetC6_1 Pin=R12-2
Added Pin To Net: NetName=NetC6_1 Pin=U1-13
Added Net: Name=NetC6_1
Added Pin To Net: NetName=NetC7_2 Pin=C7-2
Added Pin To Net: NetName=NetC7_2 Pin=C8-2
Added Pin To Net: NetName=NetC7_2 Pin=R3-1
Added Pin To Net: NetName=NetC7_2 Pin=U5-12
Added Net: Name=NetC7_2
Added Pin To Net: NetName=NetC8_1 Pin=C8-1
Added Pin To Net: NetName=NetC8_1 Pin=R11-2
Added Net: Name=NetC8_1
Added Pin To Net: NetName=NetC9_1 Pin=C9-1
Added Pin To Net: NetName=NetC9_1 Pin=R9-1
Added Pin To Net: NetName=NetC9_1 Pin=R13-2
Added Pin To Net: NetName=NetC9_1 Pin=U5-13
Added Net: Name=NetC9_1
Added Pin To Net: NetName=NetC10_1 Pin=C10-1
Added Pin To Net: NetName=NetC10_1 Pin=R14-2
Added Pin To Net: NetName=NetC10_1 Pin=R16-1
Added Net: Name=NetC10_1
Added Pin To Net: NetName=NetC10_2 Pin=C10-2
Added Pin To Net: NetName=NetC10_2 Pin=U1-6
Added Pin To Net: NetName=NetC10_2 Pin=U1-7
Added Net: Name=NetC10_2
Added Pin To Net: NetName=NetC11_2 Pin=C11-2
Added Pin To Net: NetName=NetC11_2 Pin=R12-1
Added Net: Name=NetC11_2
Added Pin To Net: NetName=NetC13_2 Pin=C13-2
Added Pin To Net: NetName=NetC13_2 Pin=R19-2
Added Pin To Net: NetName=NetC13_2 Pin=U2-3
Added Net: Name=NetC13_2
Added Pin To Net: NetName=NetC14_1 Pin=C14-1
Added Pin To Net: NetName=NetC14_1 Pin=R18-2
Added Pin To Net: NetName=NetC14_1 Pin=R20-1
Added Net: Name=NetC14_1
Added Pin To Net: NetName=NetC14_2 Pin=C14-2
Added Pin To Net: NetName=NetC14_2 Pin=U2-1
Added Pin To Net: NetName=NetC14_2 Pin=U2-2
Added Net: Name=NetC14_2
Added Pin To Net: NetName=NetC15_2 Pin=C15-2
Added Pin To Net: NetName=NetC15_2 Pin=R17-2
Added Pin To Net: NetName=NetC15_2 Pin=U2-8
Added Net: Name=NetC15_2
Added Pin To Net: NetName=NetC16_1 Pin=C16-1
Added Pin To Net: NetName=NetC16_1 Pin=R21-1
Added Pin To Net: NetName=NetC16_1 Pin=R21-2
Added Pin To Net: NetName=NetC16_1 Pin=U2-14
Added Net: Name=NetC16_1
Added Pin To Net: NetName=NetC17_1 Pin=C17-1
Added Pin To Net: NetName=NetC17_1 Pin=R26-2
Added Pin To Net: NetName=NetC17_1 Pin=U2-5
Added Net: Name=NetC17_1
Added Pin To Net: NetName=NetC18_1 Pin=C18-1
Added Pin To Net: NetName=NetC18_1 Pin=R25-2
Added Pin To Net: NetName=NetC18_1 Pin=R27-1
Added Net: Name=NetC18_1
Added Pin To Net: NetName=NetC18_2 Pin=C18-2
Added Pin To Net: NetName=NetC18_2 Pin=U2-6
Added Pin To Net: NetName=NetC18_2 Pin=U2-7
Added Net: Name=NetC18_2
Added Pin To Net: NetName=NetC19_1 Pin=C19-1
Added Pin To Net: NetName=NetC19_1 Pin=R28-2
Added Pin To Net: NetName=NetC19_1 Pin=U5-7
Added Net: Name=NetC19_1
Added Pin To Net: NetName=NetC20_1 Pin=C20-1
Added Pin To Net: NetName=NetC20_1 Pin=U3-6
Added Net: Name=NetC20_1
Added Pin To Net: NetName=NetC20_2 Pin=C20-2
Added Pin To Net: NetName=NetC20_2 Pin=R37-1
Added Pin To Net: NetName=NetC20_2 Pin=R41-2
Added Pin To Net: NetName=NetC20_2 Pin=R45-1
Added Net: Name=NetC20_2
Added Pin To Net: NetName=NetC21_1 Pin=C21-1
Added Pin To Net: NetName=NetC21_1 Pin=R34-2
Added Pin To Net: NetName=NetC21_1 Pin=R45-3
Added Pin To Net: NetName=NetC21_1 Pin=U4-7
Added Net: Name=NetC21_1
Added Pin To Net: NetName=NetC21_2 Pin=C21-2
Added Pin To Net: NetName=NetC21_2 Pin=R38-1
Added Pin To Net: NetName=NetC21_2 Pin=R42-2
Added Pin To Net: NetName=NetC21_2 Pin=R46-1
Added Net: Name=NetC21_2
Added Pin To Net: NetName=NetC22_1 Pin=C22-1
Added Pin To Net: NetName=NetC22_1 Pin=R35-2
Added Pin To Net: NetName=NetC22_1 Pin=R46-3
Added Pin To Net: NetName=NetC22_1 Pin=U4-14
Added Net: Name=NetC22_1
Added Pin To Net: NetName=NetC22_2 Pin=C22-2
Added Pin To Net: NetName=NetC22_2 Pin=R43-2
Added Pin To Net: NetName=NetC22_2 Pin=U5-3
Added Pin To Net: NetName=NetC22_2 Pin=U5-10
Added Net: Name=NetC22_2
Added Pin To Net: NetName=NetC23_1 Pin=C23-1
Added Pin To Net: NetName=NetC23_1 Pin=U5-8
Added Pin To Net: NetName=NetC23_1 Pin=U5-9
Added Net: Name=NetC23_1
Added Pin To Net: NetName=NetC26_1 Pin=C26-1
Added Pin To Net: NetName=NetC26_1 Pin=U4-1
Added Pin To Net: NetName=NetC26_1 Pin=U4-2
Added Net: Name=NetC26_1
Added Pin To Net: NetName=NetC26_2 Pin=C26-2
Added Pin To Net: NetName=NetC26_2 Pin=R108-1
Added Net: Name=NetC26_2
Added Pin To Net: NetName=NetC27_1 Pin=C27-1
Added Pin To Net: NetName=NetC27_1 Pin=R51-2
Added Net: Name=NetC27_1
Added Pin To Net: NetName=NetC27_2 Pin=C27-2
Added Pin To Net: NetName=NetC27_2 Pin=U4-8
Added Pin To Net: NetName=NetC27_2 Pin=U4-9
Added Net: Name=NetC27_2
Added Pin To Net: NetName=NetR1_1 Pin=R1-1
Added Pin To Net: NetName=NetR1_1 Pin=R2-1
Added Pin To Net: NetName=NetR1_1 Pin=R14-1
Added Pin To Net: NetName=NetR1_1 Pin=U1-9
Added Net: Name=NetR1_1
Added Pin To Net: NetName=NetR17_1 Pin=R17-1
Added Pin To Net: NetName=NetR17_1 Pin=R18-1
Added Pin To Net: NetName=NetR17_1 Pin=R25-1
Added Pin To Net: NetName=NetR17_1 Pin=U2-9
Added Net: Name=NetR17_1
Added Pin To Net: NetName=NetR21_3 Pin=R21-3
Added Pin To Net: NetName=NetR21_3 Pin=R24-2
Added Pin To Net: NetName=NetR21_3 Pin=U2-13
Added Net: Name=NetR21_3
Added Pin To Net: NetName=NetR28_1 Pin=R28-1
Added Pin To Net: NetName=NetR28_1 Pin=R29-2
Added Pin To Net: NetName=NetR28_1 Pin=U5-6
Added Net: Name=NetR28_1
Added Pin To Net: NetName=NetR29_1 Pin=R29-1
Added Pin To Net: NetName=NetR29_1 Pin=R30-2
Added Pin To Net: NetName=NetR29_1 Pin=S6-3
Added Pin To Net: NetName=NetR29_1 Pin=U5-1
Added Net: Name=NetR29_1
Added Pin To Net: NetName=NetR30_1 Pin=R30-1
Added Pin To Net: NetName=NetR30_1 Pin=R31-1
Added Pin To Net: NetName=NetR30_1 Pin=S6-2
Added Pin To Net: NetName=NetR30_1 Pin=U5-2
Added Net: Name=NetR30_1
Added Pin To Net: NetName=NetR31_2 Pin=R31-2
Added Pin To Net: NetName=NetR31_2 Pin=R33-2
Added Pin To Net: NetName=NetR31_2 Pin=U5-5
Added Net: Name=NetR31_2
Added Pin To Net: NetName=NetR34_1 Pin=R34-1
Added Pin To Net: NetName=NetR34_1 Pin=R37-2
Added Pin To Net: NetName=NetR34_1 Pin=U4-6
Added Net: Name=NetR34_1
Added Pin To Net: NetName=NetR35_1 Pin=R35-1
Added Pin To Net: NetName=NetR35_1 Pin=R38-2
Added Pin To Net: NetName=NetR35_1 Pin=U4-13
Added Net: Name=NetR35_1
Added Pin To Net: NetName=NetR36_1 Pin=R36-1
Added Pin To Net: NetName=NetR36_1 Pin=R36-2
Added Pin To Net: NetName=NetR36_1 Pin=U3-1
Added Net: Name=NetR36_1
Added Pin To Net: NetName=NetR36_3 Pin=R36-3
Added Pin To Net: NetName=NetR36_3 Pin=U3-8
Added Net: Name=NetR36_3
Added Pin To Net: NetName=NetR47_3 Pin=R47-3
Added Pin To Net: NetName=NetR47_3 Pin=R108-2
Added Net: Name=NetR47_3
Added Pin To Net: NetName=NetR48_3 Pin=R48-3
Added Pin To Net: NetName=NetR48_3 Pin=R113-2
Added Net: Name=NetR48_3
Added Pin To Net: NetName=NetR49_3 Pin=R49-3
Added Pin To Net: NetName=NetR49_3 Pin=R51-1
Added Net: Name=NetR49_3
Added Pin To Net: NetName=NetR50_3 Pin=R50-3
Added Pin To Net: NetName=NetR50_3 Pin=R107-1
Added Net: Name=NetR50_3
Added Pin To Net: NetName=NetS1_2 Pin=S1-2
Added Pin To Net: NetName=NetS1_2 Pin=U2-12
Added Net: Name=NetS1_2
Added Pin To Net: NetName=Phono_Out Pin=C5-1
Added Pin To Net: NetName=Phono_Out Pin=R10-2
Added Pin To Net: NetName=Phono_Out Pin=S1-1
Added Net: Name=Phono_Out
Added Pin To Net: NetName=R_Line Pin=C13-1
Added Pin To Net: NetName=R_Line Pin=J3-3
Added Net: Name=R_Line
Added Pin To Net: NetName=R_Phono Pin=C4-2
Added Pin To Net: NetName=R_Phono Pin=J1-3
Added Pin To Net: NetName=R_Phono Pin=R5-2
Added Pin To Net: NetName=R_Phono Pin=U1-3
Added Net: Name=R_Phono
Added Member To Class: ClassName=Eingangsstufe Member=Component C1 10u
Added Member To Class: ClassName=Eingangsstufe Member=Component C2 10u
Added Member To Class: ClassName=Eingangsstufe Member=Component C3 10u
Added Member To Class: ClassName=Eingangsstufe Member=Component C4 330p
Added Member To Class: ClassName=Eingangsstufe Member=Component C5 10u
Added Member To Class: ClassName=Eingangsstufe Member=Component C6 15p
Added Member To Class: ClassName=Eingangsstufe Member=Component C7 150n
Added Member To Class: ClassName=Eingangsstufe Member=Component C8 470n
Added Member To Class: ClassName=Eingangsstufe Member=Component C9 15p
Added Member To Class: ClassName=Eingangsstufe Member=Component C10 10u
Added Member To Class: ClassName=Eingangsstufe Member=Component C11 33u
Added Member To Class: ClassName=Eingangsstufe Member=Component C12 330p
Added Member To Class: ClassName=Eingangsstufe Member=Component C13 10u
Added Member To Class: ClassName=Eingangsstufe Member=Component C14 10u
Added Member To Class: ClassName=Eingangsstufe Member=Component C15 10u
Added Member To Class: ClassName=Eingangsstufe Member=Component C16 10u
Added Member To Class: ClassName=Eingangsstufe Member=Component C17 10u
Added Member To Class: ClassName=Eingangsstufe Member=Component C18 10u
Added Member To Class: ClassName=Eingangsstufe Member=Component C19 100n
Added Member To Class: ClassName=Eingangsstufe Member=Component C20 10u
Added Member To Class: ClassName=Eingangsstufe Member=Component C21 10u
Added Member To Class: ClassName=Eingangsstufe Member=Component C22 10u
Added Member To Class: ClassName=Eingangsstufe Member=Component C23 10u
Added Member To Class: ClassName=Eingangsstufe Member=Component C24 470p
Added Member To Class: ClassName=Eingangsstufe Member=Component C25 3n
Added Member To Class: ClassName=Eingangsstufe Member=Component C26 3n
Added Member To Class: ClassName=Eingangsstufe Member=Component C27 20n
Added Member To Class: ClassName=Eingangsstufe Member=Component C28 100n
Added Member To Class: ClassName=Eingangsstufe Member=Component C29 100n
Added Member To Class: ClassName=Eingangsstufe Member=Component C30 100n
Added Member To Class: ClassName=Eingangsstufe Member=Component C31 100n
Added Member To Class: ClassName=Eingangsstufe Member=Component C32 100n
Added Member To Class: ClassName=Eingangsstufe Member=Component C33 100n
Added Member To Class: ClassName=Eingangsstufe Member=Component C34 100n
Added Member To Class: ClassName=Eingangsstufe Member=Component C35 100n
Added Member To Class: ClassName=Eingangsstufe Member=Component C36 100n
Added Member To Class: ClassName=Eingangsstufe Member=Component C119 100n
Added Member To Class: ClassName=Eingangsstufe Member=Component J1 Connector x3
Added Member To Class: ClassName=Eingangsstufe Member=Component J2 Connector x14
Added Member To Class: ClassName=Eingangsstufe Member=Component J3 Connector x3
Added Member To Class: ClassName=Eingangsstufe Member=Component J4 Connector x3
Added Member To Class: ClassName=Eingangsstufe Member=Component R1 10k
Added Member To Class: ClassName=Eingangsstufe Member=Component R2 10k
Added Member To Class: ClassName=Eingangsstufe Member=Component R3 4k7
Added Member To Class: ClassName=Eingangsstufe Member=Component R4 220k
Added Member To Class: ClassName=Eingangsstufe Member=Component R5 47k
Added Member To Class: ClassName=Eingangsstufe Member=Component R6 220k
Added Member To Class: ClassName=Eingangsstufe Member=Component R7 22k
Added Member To Class: ClassName=Eingangsstufe Member=Component R8 220k
Added Member To Class: ClassName=Eingangsstufe Member=Component R9 22k
Added Member To Class: ClassName=Eingangsstufe Member=Component R10 220k
Added Member To Class: ClassName=Eingangsstufe Member=Component R11 680
Added Member To Class: ClassName=Eingangsstufe Member=Component R12 1k
Added Member To Class: ClassName=Eingangsstufe Member=Component R13 1k2
Added Member To Class: ClassName=Eingangsstufe Member=Component R14 10k
Added Member To Class: ClassName=Eingangsstufe Member=Component R15 47k
Added Member To Class: ClassName=Eingangsstufe Member=Component R16 220k
Added Member To Class: ClassName=Eingangsstufe Member=Component R17 10k
Added Member To Class: ClassName=Eingangsstufe Member=Component R18 10k
Added Member To Class: ClassName=Eingangsstufe Member=Component R19 220k
Added Member To Class: ClassName=Eingangsstufe Member=Component R20 220k
Added Member To Class: ClassName=Eingangsstufe Member=Component R21 50k log
Added Member To Class: ClassName=Eingangsstufe Member=Component R22 220k
Added Member To Class: ClassName=Eingangsstufe Member=Component R23 220k
Added Member To Class: ClassName=Eingangsstufe Member=Component R24 220k
Added Member To Class: ClassName=Eingangsstufe Member=Component R25 10k
Added Member To Class: ClassName=Eingangsstufe Member=Component R26 220k
Added Member To Class: ClassName=Eingangsstufe Member=Component R27 220k
Added Member To Class: ClassName=Eingangsstufe Member=Component R28 10k
Added Member To Class: ClassName=Eingangsstufe Member=Component R29 10k
Added Member To Class: ClassName=Eingangsstufe Member=Component R30 10k
Added Member To Class: ClassName=Eingangsstufe Member=Component R31 5k
Added Member To Class: ClassName=Eingangsstufe Member=Component R32 220k
Added Member To Class: ClassName=Eingangsstufe Member=Component R33 5k
Added Member To Class: ClassName=Eingangsstufe Member=Component R34 22k
Added Member To Class: ClassName=Eingangsstufe Member=Component R35 22k
Added Member To Class: ClassName=Eingangsstufe Member=Component R36 10k log
Added Member To Class: ClassName=Eingangsstufe Member=Component R37 22k
Added Member To Class: ClassName=Eingangsstufe Member=Component R38 22k
Added Member To Class: ClassName=Eingangsstufe Member=Component R39 47k
Added Member To Class: ClassName=Eingangsstufe Member=Component R40 47k
Added Member To Class: ClassName=Eingangsstufe Member=Component R41 220k
Added Member To Class: ClassName=Eingangsstufe Member=Component R42 220k
Added Member To Class: ClassName=Eingangsstufe Member=Component R43 220k
Added Member To Class: ClassName=Eingangsstufe Member=Component R44 220k
Added Member To Class: ClassName=Eingangsstufe Member=Component R45 47k lin
Added Member To Class: ClassName=Eingangsstufe Member=Component R46 47k lin
Added Member To Class: ClassName=Eingangsstufe Member=Component R47 220k log
Added Member To Class: ClassName=Eingangsstufe Member=Component R48 220k log
Added Member To Class: ClassName=Eingangsstufe Member=Component R49 220k log
Added Member To Class: ClassName=Eingangsstufe Member=Component R50 220k log
Added Member To Class: ClassName=Eingangsstufe Member=Component R51 6.8k
Added Member To Class: ClassName=Eingangsstufe Member=Component R107 6.8k
Added Member To Class: ClassName=Eingangsstufe Member=Component R108 6.8k
Added Member To Class: ClassName=Eingangsstufe Member=Component R113 6.8k
Added Member To Class: ClassName=Eingangsstufe Member=Component S1 Phono/Line Schalter
Added Member To Class: ClassName=Eingangsstufe Member=Component S6 Schalter Buchsenleiste
Added Member To Class: ClassName=Eingangsstufe Member=Component U1 OPA4134UA
Added Member To Class: ClassName=Eingangsstufe Member=Component U2 OPA4134UA
Added Member To Class: ClassName=Eingangsstufe Member=Component U3 INA128U
Added Member To Class: ClassName=Eingangsstufe Member=Component U4 OPA4134UA
Added Member To Class: ClassName=Eingangsstufe Member=Component U5 OPA4134UA
Added Room: Name=Eingangsstufe
