Removed Pin From Net: NetName=NetR29_1 Pin=U5-1
Removed Pin From Net: NetName=NetR30_1 Pin=U5-2
Removed Pin From Net: NetName=NetC22_2 Pin=U5-3
Removed Pin From Net: NetName=NetR31_2 Pin=U5-5
Removed Pin From Net: NetName=NetR28_1 Pin=U5-6
Removed Pin From Net: NetName=NetC19_1 Pin=U5-7
Removed Pin From Net: NetName=NetC23_1 Pin=U5-8
Removed Pin From Net: NetName=NetC23_1 Pin=U5-9
Removed Pin From Net: NetName=NetC7_2 Pin=U5-12
Removed Pin From Net: NetName=NetC9_1 Pin=U5-13
Removed Pin From Net: NetName=NetC5_2 Pin=U5-14
Added Pin To Net: NetName=NetC5_2 Pin=U5-1
Added Pin To Net: NetName=NetC9_1 Pin=U5-2
Added Pin To Net: NetName=NetC7_2 Pin=U5-3
Added Pin To Net: NetName=NetC22_2 Pin=U5-5
Added Pin To Net: NetName=NetC23_1 Pin=U5-6
Added Pin To Net: NetName=NetC23_1 Pin=U5-7
Added Pin To Net: NetName=NetR29_1 Pin=U5-8
Added Pin To Net: NetName=NetR30_1 Pin=U5-9
Added Pin To Net: NetName=NetR31_2 Pin=U5-12
Added Pin To Net: NetName=NetR28_1 Pin=U5-13
Added Pin To Net: NetName=NetC19_1 Pin=U5-14
Added Room: Name=Eingangsstufe
