Replace Symbol from C1 0805 Kondensator in Z:\Korschunov\Bachelorarbeit\Altium\Eingangsstufe\Eingangsstufe.SchDoc with 0805 Kondensator from Bauteile.SchLib
Replace Symbol from C2 0805 Kondensator in Z:\Korschunov\Bachelorarbeit\Altium\Eingangsstufe\Eingangsstufe.SchDoc with 0805 Kondensator from Bauteile.SchLib
Replace Symbol from C3 0805 Kondensator in Z:\Korschunov\Bachelorarbeit\Altium\Eingangsstufe\Eingangsstufe.SchDoc with 0805 Kondensator from Bauteile.SchLib
Replace Symbol from C4 0805 Kondensator in Z:\Korschunov\Bachelorarbeit\Altium\Eingangsstufe\Eingangsstufe.SchDoc with 0805 Kondensator from Bauteile.SchLib
Replace Symbol from C5 0805 Kondensator in Z:\Korschunov\Bachelorarbeit\Altium\Eingangsstufe\Eingangsstufe.SchDoc with 0805 Kondensator from Bauteile.SchLib
Replace Symbol from C6 0805 Kondensator in Z:\Korschunov\Bachelorarbeit\Altium\Eingangsstufe\Eingangsstufe.SchDoc with 0805 Kondensator from Bauteile.SchLib
Replace Symbol from C7 0805 Kondensator in Z:\Korschunov\Bachelorarbeit\Altium\Eingangsstufe\Eingangsstufe.SchDoc with 0805 Kondensator from Bauteile.SchLib
Replace Symbol from C8 0805 Kondensator in Z:\Korschunov\Bachelorarbeit\Altium\Eingangsstufe\Eingangsstufe.SchDoc with 0805 Kondensator from Bauteile.SchLib
Replace Symbol from C9 0805 Kondensator in Z:\Korschunov\Bachelorarbeit\Altium\Eingangsstufe\Eingangsstufe.SchDoc with 0805 Kondensator from Bauteile.SchLib
Replace Symbol from C10 0805 Kondensator in Z:\Korschunov\Bachelorarbeit\Altium\Eingangsstufe\Eingangsstufe.SchDoc with 0805 Kondensator from Bauteile.SchLib
Replace Symbol from C11 0805 Kondensator in Z:\Korschunov\Bachelorarbeit\Altium\Eingangsstufe\Eingangsstufe.SchDoc with 0805 Kondensator from Bauteile.SchLib
Replace Symbol from C12 0805 Kondensator in Z:\Korschunov\Bachelorarbeit\Altium\Eingangsstufe\Eingangsstufe.SchDoc with 0805 Kondensator from Bauteile.SchLib
Replace Symbol from C13 0805 Kondensator in Z:\Korschunov\Bachelorarbeit\Altium\Eingangsstufe\Eingangsstufe.SchDoc with 0805 Kondensator from Bauteile.SchLib
Replace Symbol from C14 0805 Kondensator in Z:\Korschunov\Bachelorarbeit\Altium\Eingangsstufe\Eingangsstufe.SchDoc with 0805 Kondensator from Bauteile.SchLib
Replace Symbol from C15 0805 Kondensator in Z:\Korschunov\Bachelorarbeit\Altium\Eingangsstufe\Eingangsstufe.SchDoc with 0805 Kondensator from Bauteile.SchLib
Replace Symbol from C16 0805 Kondensator in Z:\Korschunov\Bachelorarbeit\Altium\Eingangsstufe\Eingangsstufe.SchDoc with 0805 Kondensator from Bauteile.SchLib
Replace Symbol from C17 0805 Kondensator in Z:\Korschunov\Bachelorarbeit\Altium\Eingangsstufe\Eingangsstufe.SchDoc with 0805 Kondensator from Bauteile.SchLib
Replace Symbol from C18 0805 Kondensator in Z:\Korschunov\Bachelorarbeit\Altium\Eingangsstufe\Eingangsstufe.SchDoc with 0805 Kondensator from Bauteile.SchLib
Replace Symbol from C19 0805 Kondensator in Z:\Korschunov\Bachelorarbeit\Altium\Eingangsstufe\Eingangsstufe.SchDoc with 0805 Kondensator from Bauteile.SchLib
Replace Symbol from C20 0805 Kondensator in Z:\Korschunov\Bachelorarbeit\Altium\Eingangsstufe\Eingangsstufe.SchDoc with 0805 Kondensator from Bauteile.SchLib
Replace Symbol from C21 0805 Kondensator in Z:\Korschunov\Bachelorarbeit\Altium\Eingangsstufe\Eingangsstufe.SchDoc with 0805 Kondensator from Bauteile.SchLib
Replace Symbol from C22 0805 Kondensator in Z:\Korschunov\Bachelorarbeit\Altium\Eingangsstufe\Eingangsstufe.SchDoc with 0805 Kondensator from Bauteile.SchLib
Replace Symbol from C23 0805 Kondensator in Z:\Korschunov\Bachelorarbeit\Altium\Eingangsstufe\Eingangsstufe.SchDoc with 0805 Kondensator from Bauteile.SchLib
Replace Symbol from C24 0805 Kondensator in Z:\Korschunov\Bachelorarbeit\Altium\Eingangsstufe\Eingangsstufe.SchDoc with 0805 Kondensator from Bauteile.SchLib
Replace Symbol from C25 0805 Kondensator in Z:\Korschunov\Bachelorarbeit\Altium\Eingangsstufe\Eingangsstufe.SchDoc with 0805 Kondensator from Bauteile.SchLib
Replace Symbol from C26 0805 Kondensator in Z:\Korschunov\Bachelorarbeit\Altium\Eingangsstufe\Eingangsstufe.SchDoc with 0805 Kondensator from Bauteile.SchLib
Replace Symbol from C27 0805 Kondensator in Z:\Korschunov\Bachelorarbeit\Altium\Eingangsstufe\Eingangsstufe.SchDoc with 0805 Kondensator from Bauteile.SchLib
Replace Symbol from C28 0805 Kondensator in Z:\Korschunov\Bachelorarbeit\Altium\Eingangsstufe\Eingangsstufe.SchDoc with 0805 Kondensator from Bauteile.SchLib
Replace Symbol from C29 0805 Kondensator in Z:\Korschunov\Bachelorarbeit\Altium\Eingangsstufe\Eingangsstufe.SchDoc with 0805 Kondensator from Bauteile.SchLib
Replace Symbol from C30 0805 Kondensator in Z:\Korschunov\Bachelorarbeit\Altium\Eingangsstufe\Eingangsstufe.SchDoc with 0805 Kondensator from Bauteile.SchLib
Replace Symbol from C31 0805 Kondensator in Z:\Korschunov\Bachelorarbeit\Altium\Eingangsstufe\Eingangsstufe.SchDoc with 0805 Kondensator from Bauteile.SchLib
Replace Symbol from C32 0805 Kondensator in Z:\Korschunov\Bachelorarbeit\Altium\Eingangsstufe\Eingangsstufe.SchDoc with 0805 Kondensator from Bauteile.SchLib
Replace Symbol from C33 0805 Kondensator in Z:\Korschunov\Bachelorarbeit\Altium\Eingangsstufe\Eingangsstufe.SchDoc with 0805 Kondensator from Bauteile.SchLib
Replace Symbol from C34 0805 Kondensator in Z:\Korschunov\Bachelorarbeit\Altium\Eingangsstufe\Eingangsstufe.SchDoc with 0805 Kondensator from Bauteile.SchLib
Replace Symbol from C35 0805 Kondensator in Z:\Korschunov\Bachelorarbeit\Altium\Eingangsstufe\Eingangsstufe.SchDoc with 0805 Kondensator from Bauteile.SchLib
Replace Symbol from C36 0805 Kondensator in Z:\Korschunov\Bachelorarbeit\Altium\Eingangsstufe\Eingangsstufe.SchDoc with 0805 Kondensator from Bauteile.SchLib
Replace Symbol from C119 0805 Kondensator in Z:\Korschunov\Bachelorarbeit\Altium\Eingangsstufe\Eingangsstufe.SchDoc with 0805 Kondensator from Bauteile.SchLib
Replace Symbol from J1 Connector x3 in Z:\Korschunov\Bachelorarbeit\Altium\Eingangsstufe\Eingangsstufe.SchDoc with Connector x3 from Bauteile.SchLib
Replace Symbol from J2 Connector x14 in Z:\Korschunov\Bachelorarbeit\Altium\Eingangsstufe\Eingangsstufe.SchDoc with Connector x14 from Bauteile.SchLib
Replace Symbol from J3 Connector x3 in Z:\Korschunov\Bachelorarbeit\Altium\Eingangsstufe\Eingangsstufe.SchDoc with Connector x3 from Bauteile.SchLib
Replace Symbol from J4 Connector x3 in Z:\Korschunov\Bachelorarbeit\Altium\Eingangsstufe\Eingangsstufe.SchDoc with Connector x3 from Bauteile.SchLib
Replace Symbol from R1 0805 Widerstand in Z:\Korschunov\Bachelorarbeit\Altium\Eingangsstufe\Eingangsstufe.SchDoc with 0805 Widerstand from Bauteile.SchLib
Replace Symbol from R2 0805 Widerstand in Z:\Korschunov\Bachelorarbeit\Altium\Eingangsstufe\Eingangsstufe.SchDoc with 0805 Widerstand from Bauteile.SchLib
Replace Symbol from R3 0805 Widerstand in Z:\Korschunov\Bachelorarbeit\Altium\Eingangsstufe\Eingangsstufe.SchDoc with 0805 Widerstand from Bauteile.SchLib
Replace Symbol from R4 0805 Widerstand in Z:\Korschunov\Bachelorarbeit\Altium\Eingangsstufe\Eingangsstufe.SchDoc with 0805 Widerstand from Bauteile.SchLib
Replace Symbol from R5 0805 Widerstand in Z:\Korschunov\Bachelorarbeit\Altium\Eingangsstufe\Eingangsstufe.SchDoc with 0805 Widerstand from Bauteile.SchLib
Replace Symbol from R6 0805 Widerstand in Z:\Korschunov\Bachelorarbeit\Altium\Eingangsstufe\Eingangsstufe.SchDoc with 0805 Widerstand from Bauteile.SchLib
Replace Symbol from R7 0805 Widerstand in Z:\Korschunov\Bachelorarbeit\Altium\Eingangsstufe\Eingangsstufe.SchDoc with 0805 Widerstand from Bauteile.SchLib
Replace Symbol from R8 0805 Widerstand in Z:\Korschunov\Bachelorarbeit\Altium\Eingangsstufe\Eingangsstufe.SchDoc with 0805 Widerstand from Bauteile.SchLib
Replace Symbol from R9 0805 Widerstand in Z:\Korschunov\Bachelorarbeit\Altium\Eingangsstufe\Eingangsstufe.SchDoc with 0805 Widerstand from Bauteile.SchLib
Replace Symbol from R10 0805 Widerstand in Z:\Korschunov\Bachelorarbeit\Altium\Eingangsstufe\Eingangsstufe.SchDoc with 0805 Widerstand from Bauteile.SchLib
Replace Symbol from R11 0805 Widerstand in Z:\Korschunov\Bachelorarbeit\Altium\Eingangsstufe\Eingangsstufe.SchDoc with 0805 Widerstand from Bauteile.SchLib
Replace Symbol from R12 0805 Widerstand in Z:\Korschunov\Bachelorarbeit\Altium\Eingangsstufe\Eingangsstufe.SchDoc with 0805 Widerstand from Bauteile.SchLib
Replace Symbol from R13 0805 Widerstand in Z:\Korschunov\Bachelorarbeit\Altium\Eingangsstufe\Eingangsstufe.SchDoc with 0805 Widerstand from Bauteile.SchLib
Replace Symbol from R14 0805 Widerstand in Z:\Korschunov\Bachelorarbeit\Altium\Eingangsstufe\Eingangsstufe.SchDoc with 0805 Widerstand from Bauteile.SchLib
Replace Symbol from R15 0805 Widerstand in Z:\Korschunov\Bachelorarbeit\Altium\Eingangsstufe\Eingangsstufe.SchDoc with 0805 Widerstand from Bauteile.SchLib
Replace Symbol from R16 0805 Widerstand in Z:\Korschunov\Bachelorarbeit\Altium\Eingangsstufe\Eingangsstufe.SchDoc with 0805 Widerstand from Bauteile.SchLib
Replace Symbol from R17 0805 Widerstand in Z:\Korschunov\Bachelorarbeit\Altium\Eingangsstufe\Eingangsstufe.SchDoc with 0805 Widerstand from Bauteile.SchLib
Replace Symbol from R18 0805 Widerstand in Z:\Korschunov\Bachelorarbeit\Altium\Eingangsstufe\Eingangsstufe.SchDoc with 0805 Widerstand from Bauteile.SchLib
Replace Symbol from R19 0805 Widerstand in Z:\Korschunov\Bachelorarbeit\Altium\Eingangsstufe\Eingangsstufe.SchDoc with 0805 Widerstand from Bauteile.SchLib
Replace Symbol from R20 0805 Widerstand in Z:\Korschunov\Bachelorarbeit\Altium\Eingangsstufe\Eingangsstufe.SchDoc with 0805 Widerstand from Bauteile.SchLib
Replace Symbol from R21 Potentiometer Buchsenleiste in Z:\Korschunov\Bachelorarbeit\Altium\Eingangsstufe\Eingangsstufe.SchDoc with Potentiometer Buchsenleiste from Bauteile.SchLib
Replace Symbol from R22 0805 Widerstand in Z:\Korschunov\Bachelorarbeit\Altium\Eingangsstufe\Eingangsstufe.SchDoc with 0805 Widerstand from Bauteile.SchLib
Replace Symbol from R23 0805 Widerstand in Z:\Korschunov\Bachelorarbeit\Altium\Eingangsstufe\Eingangsstufe.SchDoc with 0805 Widerstand from Bauteile.SchLib
Replace Symbol from R24 0805 Widerstand in Z:\Korschunov\Bachelorarbeit\Altium\Eingangsstufe\Eingangsstufe.SchDoc with 0805 Widerstand from Bauteile.SchLib
Replace Symbol from R25 0805 Widerstand in Z:\Korschunov\Bachelorarbeit\Altium\Eingangsstufe\Eingangsstufe.SchDoc with 0805 Widerstand from Bauteile.SchLib
Replace Symbol from R26 0805 Widerstand in Z:\Korschunov\Bachelorarbeit\Altium\Eingangsstufe\Eingangsstufe.SchDoc with 0805 Widerstand from Bauteile.SchLib
Replace Symbol from R27 0805 Widerstand in Z:\Korschunov\Bachelorarbeit\Altium\Eingangsstufe\Eingangsstufe.SchDoc with 0805 Widerstand from Bauteile.SchLib
Replace Symbol from R28 0805 Widerstand in Z:\Korschunov\Bachelorarbeit\Altium\Eingangsstufe\Eingangsstufe.SchDoc with 0805 Widerstand from Bauteile.SchLib
Replace Symbol from R29 0805 Widerstand in Z:\Korschunov\Bachelorarbeit\Altium\Eingangsstufe\Eingangsstufe.SchDoc with 0805 Widerstand from Bauteile.SchLib
Replace Symbol from R30 0805 Widerstand in Z:\Korschunov\Bachelorarbeit\Altium\Eingangsstufe\Eingangsstufe.SchDoc with 0805 Widerstand from Bauteile.SchLib
Replace Symbol from R31 0805 Widerstand in Z:\Korschunov\Bachelorarbeit\Altium\Eingangsstufe\Eingangsstufe.SchDoc with 0805 Widerstand from Bauteile.SchLib
Replace Symbol from R32 0805 Widerstand in Z:\Korschunov\Bachelorarbeit\Altium\Eingangsstufe\Eingangsstufe.SchDoc with 0805 Widerstand from Bauteile.SchLib
Replace Symbol from R33 0805 Widerstand in Z:\Korschunov\Bachelorarbeit\Altium\Eingangsstufe\Eingangsstufe.SchDoc with 0805 Widerstand from Bauteile.SchLib
Replace Symbol from R34 0805 Widerstand in Z:\Korschunov\Bachelorarbeit\Altium\Eingangsstufe\Eingangsstufe.SchDoc with 0805 Widerstand from Bauteile.SchLib
Replace Symbol from R35 0805 Widerstand in Z:\Korschunov\Bachelorarbeit\Altium\Eingangsstufe\Eingangsstufe.SchDoc with 0805 Widerstand from Bauteile.SchLib
Replace Symbol from R36 Potentiometer Buchsenleiste in Z:\Korschunov\Bachelorarbeit\Altium\Eingangsstufe\Eingangsstufe.SchDoc with Potentiometer Buchsenleiste from Bauteile.SchLib
Replace Symbol from R37 0805 Widerstand in Z:\Korschunov\Bachelorarbeit\Altium\Eingangsstufe\Eingangsstufe.SchDoc with 0805 Widerstand from Bauteile.SchLib
Replace Symbol from R38 0805 Widerstand in Z:\Korschunov\Bachelorarbeit\Altium\Eingangsstufe\Eingangsstufe.SchDoc with 0805 Widerstand from Bauteile.SchLib
Replace Symbol from R39 0805 Widerstand in Z:\Korschunov\Bachelorarbeit\Altium\Eingangsstufe\Eingangsstufe.SchDoc with 0805 Widerstand from Bauteile.SchLib
Replace Symbol from R40 0805 Widerstand in Z:\Korschunov\Bachelorarbeit\Altium\Eingangsstufe\Eingangsstufe.SchDoc with 0805 Widerstand from Bauteile.SchLib
Replace Symbol from R41 0805 Widerstand in Z:\Korschunov\Bachelorarbeit\Altium\Eingangsstufe\Eingangsstufe.SchDoc with 0805 Widerstand from Bauteile.SchLib
Replace Symbol from R42 0805 Widerstand in Z:\Korschunov\Bachelorarbeit\Altium\Eingangsstufe\Eingangsstufe.SchDoc with 0805 Widerstand from Bauteile.SchLib
Replace Symbol from R43 0805 Widerstand in Z:\Korschunov\Bachelorarbeit\Altium\Eingangsstufe\Eingangsstufe.SchDoc with 0805 Widerstand from Bauteile.SchLib
Replace Symbol from R44 0805 Widerstand in Z:\Korschunov\Bachelorarbeit\Altium\Eingangsstufe\Eingangsstufe.SchDoc with 0805 Widerstand from Bauteile.SchLib
Replace Symbol from R45 Potentiometer Buchsenleiste in Z:\Korschunov\Bachelorarbeit\Altium\Eingangsstufe\Eingangsstufe.SchDoc with Potentiometer Buchsenleiste from Bauteile.SchLib
Replace Symbol from R46 Potentiometer Buchsenleiste in Z:\Korschunov\Bachelorarbeit\Altium\Eingangsstufe\Eingangsstufe.SchDoc with Potentiometer Buchsenleiste from Bauteile.SchLib
Replace Symbol from R47 Potentiometer Buchsenleiste in Z:\Korschunov\Bachelorarbeit\Altium\Eingangsstufe\Eingangsstufe.SchDoc with Potentiometer Buchsenleiste from Bauteile.SchLib
Replace Symbol from R48 Potentiometer Buchsenleiste in Z:\Korschunov\Bachelorarbeit\Altium\Eingangsstufe\Eingangsstufe.SchDoc with Potentiometer Buchsenleiste from Bauteile.SchLib
Replace Symbol from R49 Potentiometer Buchsenleiste in Z:\Korschunov\Bachelorarbeit\Altium\Eingangsstufe\Eingangsstufe.SchDoc with Potentiometer Buchsenleiste from Bauteile.SchLib
Replace Symbol from R50 Potentiometer Buchsenleiste in Z:\Korschunov\Bachelorarbeit\Altium\Eingangsstufe\Eingangsstufe.SchDoc with Potentiometer Buchsenleiste from Bauteile.SchLib
Replace Symbol from R51 0805 Widerstand in Z:\Korschunov\Bachelorarbeit\Altium\Eingangsstufe\Eingangsstufe.SchDoc with 0805 Widerstand from Bauteile.SchLib
Replace Symbol from R107 0805 Widerstand in Z:\Korschunov\Bachelorarbeit\Altium\Eingangsstufe\Eingangsstufe.SchDoc with 0805 Widerstand from Bauteile.SchLib
Replace Symbol from R108 0805 Widerstand in Z:\Korschunov\Bachelorarbeit\Altium\Eingangsstufe\Eingangsstufe.SchDoc with 0805 Widerstand from Bauteile.SchLib
Replace Symbol from R113 0805 Widerstand in Z:\Korschunov\Bachelorarbeit\Altium\Eingangsstufe\Eingangsstufe.SchDoc with 0805 Widerstand from Bauteile.SchLib
Replace Symbol from S1 Schalter Buchsenleiste in Z:\Korschunov\Bachelorarbeit\Altium\Eingangsstufe\Eingangsstufe.SchDoc with Schalter Buchsenleiste from Bauteile.SchLib
Replace Symbol from S6 Schalter Buchsenleiste in Z:\Korschunov\Bachelorarbeit\Altium\Eingangsstufe\Eingangsstufe.SchDoc with Schalter Buchsenleiste from Bauteile.SchLib
Replace Symbol from U1 SOIC OPA4134UA in Z:\Korschunov\Bachelorarbeit\Altium\Eingangsstufe\Eingangsstufe.SchDoc with SOIC OPA4134UA from Bauteile.SchLib
Replace Symbol from U1 SOIC OPA4134UA in Z:\Korschunov\Bachelorarbeit\Altium\Eingangsstufe\Eingangsstufe.SchDoc with SOIC OPA4134UA from Bauteile.SchLib
Replace Symbol from U1 SOIC OPA4134UA in Z:\Korschunov\Bachelorarbeit\Altium\Eingangsstufe\Eingangsstufe.SchDoc with SOIC OPA4134UA from Bauteile.SchLib
Replace Symbol from U1 SOIC OPA4134UA in Z:\Korschunov\Bachelorarbeit\Altium\Eingangsstufe\Eingangsstufe.SchDoc with SOIC OPA4134UA from Bauteile.SchLib
Replace Symbol from U2 SOIC OPA4134UA in Z:\Korschunov\Bachelorarbeit\Altium\Eingangsstufe\Eingangsstufe.SchDoc with SOIC OPA4134UA from Bauteile.SchLib
Replace Symbol from U2 SOIC OPA4134UA in Z:\Korschunov\Bachelorarbeit\Altium\Eingangsstufe\Eingangsstufe.SchDoc with SOIC OPA4134UA from Bauteile.SchLib
Replace Symbol from U2 SOIC OPA4134UA in Z:\Korschunov\Bachelorarbeit\Altium\Eingangsstufe\Eingangsstufe.SchDoc with SOIC OPA4134UA from Bauteile.SchLib
Replace Symbol from U2 SOIC OPA4134UA in Z:\Korschunov\Bachelorarbeit\Altium\Eingangsstufe\Eingangsstufe.SchDoc with SOIC OPA4134UA from Bauteile.SchLib
Replace Symbol from U3 INA 128 in Z:\Korschunov\Bachelorarbeit\Altium\Eingangsstufe\Eingangsstufe.SchDoc with INA 128 from Bauteile.SchLib
Replace Symbol from U4 SOIC OPA4134UA in Z:\Korschunov\Bachelorarbeit\Altium\Eingangsstufe\Eingangsstufe.SchDoc with SOIC OPA4134UA from Bauteile.SchLib
Replace Symbol from U4 SOIC OPA4134UA in Z:\Korschunov\Bachelorarbeit\Altium\Eingangsstufe\Eingangsstufe.SchDoc with SOIC OPA4134UA from Bauteile.SchLib
Replace Symbol from U4 SOIC OPA4134UA in Z:\Korschunov\Bachelorarbeit\Altium\Eingangsstufe\Eingangsstufe.SchDoc with SOIC OPA4134UA from Bauteile.SchLib
Replace Symbol from U4 SOIC OPA4134UA in Z:\Korschunov\Bachelorarbeit\Altium\Eingangsstufe\Eingangsstufe.SchDoc with SOIC OPA4134UA from Bauteile.SchLib
Replace Symbol from U5 SOIC OPA4134UA in Z:\Korschunov\Bachelorarbeit\Altium\Eingangsstufe\Eingangsstufe.SchDoc with SOIC OPA4134UA from Bauteile.SchLib
Replace Symbol from U5 SOIC OPA4134UA in Z:\Korschunov\Bachelorarbeit\Altium\Eingangsstufe\Eingangsstufe.SchDoc with SOIC OPA4134UA from Bauteile.SchLib
Replace Symbol from U5 SOIC OPA4134UA in Z:\Korschunov\Bachelorarbeit\Altium\Eingangsstufe\Eingangsstufe.SchDoc with SOIC OPA4134UA from Bauteile.SchLib
Replace Symbol from U5 SOIC OPA4134UA in Z:\Korschunov\Bachelorarbeit\Altium\Eingangsstufe\Eingangsstufe.SchDoc with SOIC OPA4134UA from Bauteile.SchLib
