Removed Member From Class: ClassName=Eingangsstufe Member=C119
Change Component Designator: OldDesignator=C4 NewDesignator=C5
Change Component Designator: OldDesignator=C5 NewDesignator=C4
Change Component Designator: OldDesignator=C7 NewDesignator=C9
Change Component Designator: OldDesignator=C8 NewDesignator=C7
Change Component Designator: OldDesignator=C9 NewDesignator=C8
Change Component Designator: OldDesignator=C19 NewDesignator=C34
Change Component Designator: OldDesignator=C20 NewDesignator=C35
Change Component Designator: OldDesignator=C21 NewDesignator=C36
Change Component Designator: OldDesignator=C22 NewDesignator=C33
Change Component Designator: OldDesignator=C23 NewDesignator=C38
Change Component Designator: OldDesignator=C24 NewDesignator=C39
Change Component Designator: OldDesignator=C25 NewDesignator=C40
Change Component Designator: OldDesignator=C26 NewDesignator=C41
Change Component Designator: OldDesignator=C27 NewDesignator=C42
Change Component Designator: OldDesignator=C28 NewDesignator=C19
Change Component Designator: OldDesignator=C29 NewDesignator=C20
Change Component Designator: OldDesignator=C30 NewDesignator=C21
Change Component Designator: OldDesignator=C31 NewDesignator=C22
Change Component Designator: OldDesignator=C32 NewDesignator=C23
Change Component Designator: OldDesignator=C33 NewDesignator=C24
Change Component Designator: OldDesignator=C34 NewDesignator=C25
Change Component Designator: OldDesignator=C35 NewDesignator=C26
Change Component Designator: OldDesignator=C36 NewDesignator=C27
Change Component Designator: OldDesignator=C37 NewDesignator=C29
Change Component Designator: OldDesignator=C38 NewDesignator=C30
Change Component Designator: OldDesignator=C39 NewDesignator=C31
Change Component Designator: OldDesignator=C40 NewDesignator=C32
Change Component Designator: OldDesignator=C41 NewDesignator=C37
Change Component Designator: OldDesignator=C119 NewDesignator=C28
Change Component Designator: OldDesignator=J1 NewDesignator=J2
Change Component Designator: OldDesignator=J2 NewDesignator=J1
Change Component Designator: OldDesignator=R4 NewDesignator=R5
Change Component Designator: OldDesignator=R5 NewDesignator=R4
Change Component Designator: OldDesignator=R21 NewDesignator=R23
Change Component Designator: OldDesignator=R23 NewDesignator=R21
Change Component Designator: OldDesignator=R28 NewDesignator=R33
Change Component Designator: OldDesignator=R29 NewDesignator=R32
Change Component Designator: OldDesignator=R30 NewDesignator=R34
Change Component Designator: OldDesignator=R31 NewDesignator=R36
Change Component Designator: OldDesignator=R32 NewDesignator=R39
Change Component Designator: OldDesignator=R33 NewDesignator=R40
Change Component Designator: OldDesignator=R34 NewDesignator=R35
Change Component Designator: OldDesignator=R35 NewDesignator=R37
Change Component Designator: OldDesignator=R36 NewDesignator=R38
Change Component Designator: OldDesignator=R37 NewDesignator=R41
Change Component Designator: OldDesignator=R38 NewDesignator=R42
Change Component Designator: OldDesignator=R39 NewDesignator=R44
Change Component Designator: OldDesignator=R40 NewDesignator=R45
Change Component Designator: OldDesignator=R41 NewDesignator=R46
Change Component Designator: OldDesignator=R42 NewDesignator=R47
Change Component Designator: OldDesignator=R43 NewDesignator=R49
Change Component Designator: OldDesignator=R44 NewDesignator=R51
Change Component Designator: OldDesignator=R45 NewDesignator=R50
Change Component Designator: OldDesignator=R46 NewDesignator=R52
Change Component Designator: OldDesignator=R47 NewDesignator=R53
Change Component Designator: OldDesignator=R48 NewDesignator=R54
Change Component Designator: OldDesignator=R49 NewDesignator=R55
Change Component Designator: OldDesignator=R50 NewDesignator=R56
Change Component Designator: OldDesignator=R51 NewDesignator=R57
Change Component Designator: OldDesignator=R52 NewDesignator=R29
Change Component Designator: OldDesignator=R53 NewDesignator=R28
Change Component Designator: OldDesignator=R54 NewDesignator=R30
Change Component Designator: OldDesignator=R55 NewDesignator=R31
Change Component Designator: OldDesignator=R56 NewDesignator=R43
Change Component Designator: OldDesignator=R57 NewDesignator=R48
Change Component Designator: OldDesignator=R107 NewDesignator=R58
Change Component Designator: OldDesignator=R108 NewDesignator=R59
Change Component Designator: OldDesignator=R113 NewDesignator=R60
Change Component Designator: OldDesignator=S6 NewDesignator=S2
Change Net Name : Old Net Name=NetC5_2 New Net Name=NetC4_2
Change Net Name : Old Net Name=NetC8_1 New Net Name=NetC7_1
Change Net Name : Old Net Name=NetC9_1 New Net Name=NetC8_1
Change Net Name : Old Net Name=NetC19_1 New Net Name=NetC34_1
Change Net Name : Old Net Name=NetC20_1 New Net Name=NetC35_1
Change Net Name : Old Net Name=NetC20_2 New Net Name=NetC35_2
Change Net Name : Old Net Name=NetC21_1 New Net Name=NetC36_1
Change Net Name : Old Net Name=NetC21_2 New Net Name=NetC36_2
Change Net Name : Old Net Name=NetC22_1 New Net Name=NetC33_1
Change Net Name : Old Net Name=NetC22_2 New Net Name=NetC33_2
Change Net Name : Old Net Name=NetC23_1 New Net Name=NetC38_1
Change Net Name : Old Net Name=NetC26_1 New Net Name=NetC41_1
Change Net Name : Old Net Name=NetC26_2 New Net Name=NetC41_2
Change Net Name : Old Net Name=NetC27_1 New Net Name=NetC42_1
Change Net Name : Old Net Name=NetC27_2 New Net Name=NetC42_2
Change Net Name : Old Net Name=NetC39_2 New Net Name=NetC31_2
Change Net Name : Old Net Name=NetC40_1 New Net Name=NetC32_1
Change Net Name : Old Net Name=NetC40_2 New Net Name=NetC32_2
Change Net Name : Old Net Name=NetC41_1 New Net Name=NetC37_1
Change Net Name : Old Net Name=NetC41_2 New Net Name=NetC37_2
Change Net Name : Old Net Name=NetR21_3 New Net Name=NetR23_3
Change Net Name : Old Net Name=NetR28_1 New Net Name=NetR32_2
Change Net Name : Old Net Name=NetR29_1 New Net Name=NetR32_1
Change Net Name : Old Net Name=NetR30_1 New Net Name=NetR34_1
Change Net Name : Old Net Name=NetR31_2 New Net Name=NetR36_2
Change Net Name : Old Net Name=NetR34_1 New Net Name=NetR35_1
Change Net Name : Old Net Name=NetR35_1 New Net Name=NetR37_1
Change Net Name : Old Net Name=NetR36_1 New Net Name=NetR38_1
Change Net Name : Old Net Name=NetR36_2 New Net Name=NetR38_2
Change Net Name : Old Net Name=NetR47_1 New Net Name=NetR53_1
Change Net Name : Old Net Name=NetR48_3 New Net Name=NetR54_3
Change Net Name : Old Net Name=NetR49_3 New Net Name=NetR55_3
Change Net Name : Old Net Name=NetR50_1 New Net Name=NetR56_1
Change Net Name : Old Net Name=NetR52_1 New Net Name=NetR28_1
Added Member To Class: ClassName=Eingangsstufe Member=Component C42 20n
Added Room: Name=Eingangsstufe
